\BOOKMARK [0][-]{chapter.1}{\376\377\004\042\004\065\004\100\004\074\004\070\004\075\004\076\004\073\004\076\004\063\004\070\004\117}{}% 1
\BOOKMARK [1][-]{section.1.1}{\376\377\004\037\004\100\004\070\004\073\004\076\004\066\004\065\004\075\004\070\004\065\000\040\000\050\004\060\004\075\004\063\004\073\000.\000\040\000A\000p\000p\000l\000i\000c\000a\000t\000i\000o\000n\000\051}{chapter.1}% 2
\BOOKMARK [1][-]{section.1.2}{\376\377\004\034\004\076\004\064\004\103\004\073\004\114\000/\004\037\004\060\004\072\004\065\004\102\000/\004\021\004\070\004\061\004\073\004\070\004\076\004\102\004\065\004\072\004\060\000/\004\044\004\100\004\065\004\071\004\074\004\062\004\076\004\100\004\072\000\040\000\050\004\060\004\075\004\063\004\073\000.\000\040\000M\000o\000d\000u\000l\000e\000/\000P\000a\000c\000k\000a\000g\000e\000/\000L\000i\000b\000r\000a\000r\000y\000/\000F\000r\000a\000m\000e\000w\000o\000r\000k\000\051}{chapter.1}% 3
\BOOKMARK [1][-]{section.1.3}{\376\377\004\034\004\076\004\064\004\103\004\073\004\070\000\040\004\077\004\100\004\070\004\062\004\075\004\076\004\101\004\117\004\102\000\040\004\074\004\075\004\076\004\066\004\065\004\101\004\102\004\062\004\076\000\040\004\077\004\100\004\065\004\070\004\074\004\103\004\111\004\065\004\101\004\102\004\062\000\040\004\062\000\040\004\075\004\060\004\110\000\040\004\072\004\076\004\064\000:}{chapter.1}% 4
\BOOKMARK [1][-]{section.1.4}{\376\377\004\037\004\060\004\100\004\060\004\064\004\070\004\063\004\074\004\060\000\040\004\077\004\100\004\076\004\063\004\100\004\060\004\074\004\074\004\070\004\100\004\076\004\062\004\060\004\075\004\070\004\117\000\040\000\050\004\060\004\075\004\063\004\073\000.\000\040\000p\000r\000o\000g\000r\000a\000m\000m\000i\000n\000g\000\040\000p\000a\000r\000a\000d\000i\000g\000m\000\051}{chapter.1}% 5
\BOOKMARK [1][-]{section.1.5}{\376\377\004\041\004\102\004\060\004\102\004\070\004\107\004\065\004\101\004\072\004\076\004\065\000\040\004\070\000\040\004\064\004\070\004\075\004\060\004\074\004\070\004\107\004\065\004\101\004\072\004\076\004\065\000\040\004\102\004\070\004\077\004\070\004\067\004\070\004\100\004\076\004\062\004\060\004\075\004\070\004\065}{chapter.1}% 6
\BOOKMARK [1][-]{section.1.6}{\376\377\004\042\004\065\004\101\004\102\004\070\004\100\004\076\004\062\004\060\004\075\004\070\004\065}{chapter.1}% 7
\BOOKMARK [1][-]{section.1.7}{\376\377\004\033\004\076\004\063\004\070\004\100\004\076\004\062\004\060\004\075\004\070\004\065\000\040\000\050\004\060\004\075\004\063\004\073\000.\000\040\000L\000o\000g\000g\000i\000n\000g\000\051}{chapter.1}% 8
\BOOKMARK [1][-]{section.1.8}{\376\377\004\057\004\067\004\113\004\072\000\040\004\100\004\060\004\067\004\074\004\065\004\102\004\072\004\070\000\040\000\050\004\060\004\075\004\063\004\073\000.\000\040\000M\000a\000r\000k\000u\000p\000\040\000L\000a\000n\000g\000u\000a\000g\000e\000\051}{chapter.1}% 9
\BOOKMARK [1][-]{section.1.9}{\376\377\004\041\004\070\004\101\004\102\004\065\004\074\004\060\000\040\004\072\004\076\004\075\004\102\004\100\004\076\004\073\004\117\000\040\004\062\004\065\004\100\004\101\004\070\004\071\000\040\000\050\004\060\004\075\004\063\004\073\000.\000\040\000V\000e\000r\000s\000i\000o\000n\000\040\000C\000o\000n\000t\000r\000o\000l\000\040\000S\000y\000s\000t\000e\000m\000\051}{chapter.1}% 10
\BOOKMARK [1][-]{section.1.10}{\376\377\004\036\004\110\004\070\004\061\004\072\004\060\000\040\000\050\004\060\004\075\004\063\004\073\000.\000\040\000b\000u\000g\000\051}{chapter.1}% 11
\BOOKMARK [1][-]{section.1.11}{\376\377\004\027\004\060\004\064\004\060\004\107\004\070\000/\004\037\004\100\004\076\004\061\004\073\004\065\004\074\004\113\000\040\000\050\004\060\004\075\004\063\004\073\000.\000\040\000I\000s\000s\000u\000e\000s\000\051}{chapter.1}% 12
\BOOKMARK [1][-]{section.1.12}{\376\377\000F\000a\000i\000l\000-\000f\000a\000s\000t}{chapter.1}% 13
\BOOKMARK [1][-]{section.1.13}{\376\377\004\030\004\101\004\072\004\073\004\116\004\107\004\065\004\075\004\070\004\065\000\040\000\050\004\060\004\075\004\063\004\073\000.\000\040\000E\000x\000c\000e\000p\000t\000i\000o\000n\000s\000\051}{chapter.1}% 14
\BOOKMARK [0][-]{chapter.2}{\376\377\004\032\004\076\004\074\004\060\004\075\004\064\004\075\004\060\004\117\000\040\004\101\004\102\004\100\004\076\004\072\004\060}{}% 15
\BOOKMARK [1][-]{section.2.1}{\376\377\004\040\004\060\004\061\004\076\004\102\004\060\000\040\004\062\000\040\004\072\004\076\004\074\004\060\004\075\004\064\004\075\004\076\004\071\000\040\004\101\004\102\004\100\004\076\004\072\004\065}{chapter.2}% 16
\BOOKMARK [2][-]{subsection.2.1.1}{\376\377\004\034\004\076\004\102\004\070\004\062\004\060\004\106\004\070\004\117}{section.2.1}% 17
\BOOKMARK [2][-]{subsection.2.1.2}{\376\377\000c\000d\000\040\000-\000\040\000c\000h\000a\000n\000g\000e\000\040\000d\000i\000r\000e\000c\000t\000o\000r\000y}{section.2.1}% 18
\BOOKMARK [2][-]{subsection.2.1.3}{\376\377\000l\000s\000\040\000-\000\040\000l\000i\000s\000t}{section.2.1}% 19
\BOOKMARK [2][-]{subsection.2.1.4}{\376\377\000c\000l\000e\000a\000r}{section.2.1}% 20
\BOOKMARK [2][-]{subsection.2.1.5}{\376\377\000m\000k\000d\000i\000r\000\040\000-\000\040\000m\000a\000k\000e\000\040\000d\000i\000r\000e\000c\000t\000o\000r\000y}{section.2.1}% 21
\BOOKMARK [2][-]{subsection.2.1.6}{\376\377\000t\000o\000u\000c\000h}{section.2.1}% 22
\BOOKMARK [2][-]{subsection.2.1.7}{\376\377\000c\000a\000t\000\040\000-\000\040\000c\000o\000n\000c\000a\000t\000e\000n\000a\000t\000e}{section.2.1}% 23
\BOOKMARK [2][-]{subsection.2.1.8}{\376\377\000e\000c\000h\000o}{section.2.1}% 24
\BOOKMARK [2][-]{subsection.2.1.9}{\376\377\000e\000x\000p\000o\000r\000t}{section.2.1}% 25
\BOOKMARK [2][-]{subsection.2.1.10}{\376\377\000\044}{section.2.1}% 26
\BOOKMARK [2][-]{subsection.2.1.11}{\376\377\000r\000m\000\040\040\024\000\040\000r\000e\000m\000o\000v\000e}{section.2.1}% 27
\BOOKMARK [2][-]{subsection.2.1.12}{\376\377\000r\000m\000d\000i\000r\000\040\040\024\000\040\000r\000e\000m\000o\000v\000e\000\040\000d\000i\000r\000e\000c\000t\000o\000r\000y}{section.2.1}% 28
\BOOKMARK [2][-]{subsection.2.1.13}{\376\377\000c\000p\000\040\040\024\000\040\000c\000o\000p\000y}{section.2.1}% 29
\BOOKMARK [2][-]{subsection.2.1.14}{\376\377\000m\000v\000\040\040\024\000\040\000m\000o\000v\000e}{section.2.1}% 30
\BOOKMARK [2][-]{subsection.2.1.15}{\376\377\000c\000h\000m\000o\000d\000\040\040\024\000\040\000c\000h\000a\000n\000g\000e\000\040\000m\000o\000d\000e}{section.2.1}% 31
\BOOKMARK [2][-]{subsection.2.1.16}{\376\377\000s\000u\000d\000o\000\040\040\024\000\040\000s\000u\000p\000e\000r\000u\000s\000e\000r\000\040\000d\000o}{section.2.1}% 32
\BOOKMARK [2][-]{subsection.2.1.17}{\376\377\000c\000h\000o\000w\000n\000\040\040\024\000\040\000c\000h\000a\000n\000g\000e\000\040\000o\000w\000n\000e\000r}{section.2.1}% 33
\BOOKMARK [2][-]{subsection.2.1.18}{\376\377\000h\000i\000s\000t\000o\000r\000y}{section.2.1}% 34
\BOOKMARK [2][-]{subsection.2.1.19}{\376\377\000g\000r\000e\000p\000\040\040\024\000\040\000g\000l\000o\000b\000a\000l\000\040\000r\000e\000g\000u\000l\000a\000r\000\040\000e\000x\000p\000r\000e\000s\000s\000i\000o\000n\000\040\000p\000r\000i\000n\000t}{section.2.1}% 35
\BOOKMARK [2][-]{subsection.2.1.20}{\376\377\000t\000o\000p\000\040\040\024\000\040\000t\000a\000b\000l\000e\000\040\000o\000f\000\040\000p\000r\000o\000c\000e\000s\000s}{section.2.1}% 36
\BOOKMARK [2][-]{subsection.2.1.21}{\376\377\004\037\004\100\004\060\004\072\004\102\004\070\004\107\004\065\004\101\004\072\004\070\004\065\000\040\004\077\004\100\004\070\004\074\004\065\004\100\004\113}{section.2.1}% 37
\BOOKMARK [3][-]{subsubsection*.3}{\376\377\004\034\004\076\004\075\004\070\004\102\004\076\004\100\004\070\004\075\004\063\000\040\004\077\004\076\004\064\004\072\004\073\004\116\004\107\004\065\004\075\004\070\004\117\000\040\000u\000s\000b\000-\004\103\004\101\004\102\004\100\004\076\004\071\004\101\004\102\004\062}{subsection.2.1.21}% 38
\BOOKMARK [3][-]{subsubsection*.4}{\376\377\004\034\004\076\004\075\004\070\004\102\004\076\004\100\004\070\004\075\004\063\000\040\004\077\004\076\004\064\004\072\004\073\004\116\004\107\004\065\004\075\004\070\004\117\000\040\004\103\004\101\004\102\004\100\004\076\004\071\004\101\004\102\004\062\000\040\004\101\000\040\004\077\004\076\004\074\004\076\004\111\004\114\004\116\000\040\000d\000m\000e\000s\000g}{subsection.2.1.21}% 39
\BOOKMARK [3][-]{subsubsection*.5}{\376\377\004\034\004\076\004\075\004\070\004\102\004\076\004\100\004\070\004\075\004\063\000\040\004\076\004\101\004\102\004\060\004\062\004\110\004\065\004\063\004\076\004\101\004\117\000\040\004\074\004\065\004\101\004\102\004\060\000\040\004\075\004\060\000\040\004\064\004\070\004\101\004\072\004\065}{subsection.2.1.21}% 40
\BOOKMARK [1][-]{section.2.2}{\376\377\004\027\004\060\004\064\004\060\004\107\004\070}{chapter.2}% 41
\BOOKMARK [2][-]{subsection.2.2.1}{\376\377\004\027\004\060\004\064\004\060\004\107\004\060\000\040\0001}{section.2.2}% 42
\BOOKMARK [2][-]{subsection.2.2.2}{\376\377\004\027\004\060\004\064\004\060\004\107\004\060\000\040\0002}{section.2.2}% 43
\BOOKMARK [2][-]{subsection.2.2.3}{\376\377\004\027\004\060\004\064\004\060\004\107\004\060\000\040\0003}{section.2.2}% 44
\BOOKMARK [2][-]{subsection.2.2.4}{\376\377\004\027\004\060\004\064\004\060\004\107\004\060\000\040\0004}{section.2.2}% 45
\BOOKMARK [2][-]{subsection.2.2.5}{\376\377\004\027\004\060\004\064\004\060\004\107\004\060\000\040\0005}{section.2.2}% 46
\BOOKMARK [1][-]{section.2.3}{\376\377\004\022\004\076\004\077\004\100\004\076\004\101\004\113}{chapter.2}% 47
\BOOKMARK [0][-]{chapter.3}{\376\377\004\041\004\070\004\101\004\102\004\065\004\074\004\060\000\040\004\072\004\076\004\075\004\102\004\100\004\076\004\073\004\117\000\040\004\062\004\065\004\100\004\101\004\070\004\071\000\040\000G\000i\000t}{}% 48
\BOOKMARK [1][-]{section.3.1}{\376\377\000G\000i\000t}{chapter.3}% 49
\BOOKMARK [2][-]{subsection.3.1.1}{\376\377\004\041\004\070\004\101\004\102\004\065\004\074\004\060\000\040\004\072\004\076\004\075\004\102\004\100\004\076\004\073\004\117\000\040\004\062\004\065\004\100\004\101\004\070\004\071\000\040\000G\000i\000t}{section.3.1}% 50
\BOOKMARK [2][-]{subsection.3.1.2}{\376\377\004\032\004\100\004\060\004\102\004\072\004\070\004\071\000\040\004\070\004\101\004\102\004\076\004\100\004\070\004\107\004\065\004\101\004\072\004\070\004\071\000\040\004\115\004\072\004\101\004\072\004\103\004\100\004\101}{section.3.1}% 51
\BOOKMARK [2][-]{subsection.3.1.3}{\376\377\004\037\004\100\004\070\004\101\004\102\004\103\004\077\004\060\004\065\004\074\000\040\004\072\000\040\004\070\004\101\004\077\004\076\004\073\004\114\004\067\004\076\004\062\004\060\004\075\004\070\004\116\000\040\000G\000i\000t}{section.3.1}% 52
\BOOKMARK [2][-]{subsection.3.1.4}{\376\377\004\042\004\065\004\101\004\102\004\076\004\062\004\113\004\071\000\040\004\072\004\076\004\064\000\040\004\077\004\100\004\076\004\063\004\100\004\060\004\074\004\074\004\113}{section.3.1}% 53
\BOOKMARK [2][-]{subsection.3.1.5}{\376\377\004\036\004\077\004\070\004\101\004\060\004\075\004\070\004\065\000\040\004\102\004\065\004\101\004\102\004\076\004\062\004\076\004\071\000\040\004\077\004\100\004\076\004\063\004\100\004\060\004\074\004\074\004\113}{section.3.1}% 54
\BOOKMARK [2][-]{subsection.3.1.6}{\376\377\004\036\004\104\004\076\004\100\004\074\004\073\004\065\004\075\004\070\004\065\000\040\004\100\004\060\004\061\004\076\004\107\004\065\004\063\004\076\000\040\004\072\004\060\004\102\004\060\004\073\004\076\004\063\004\060}{section.3.1}% 55
\BOOKMARK [2][-]{subsection.3.1.7}{\376\377\004\035\004\060\004\101\004\102\004\100\004\076\004\071\004\072\004\060\000\040\004\072\004\076\004\075\004\104\004\070\004\063\004\103\004\100\004\060\004\106\004\070\004\070\000\040\000g\000i\000t}{section.3.1}% 56
\BOOKMARK [2][-]{subsection.3.1.8}{\376\377\004\037\004\065\004\100\004\062\004\113\004\071\000\040\004\077\004\100\004\070\004\074\004\065\004\100\000\040\004\100\004\060\004\061\004\076\004\102\004\113\000\040\004\101\000\040\000g\000i\000t}{section.3.1}% 57
\BOOKMARK [2][-]{subsection.3.1.9}{\376\377\004\022\004\076\004\102\000\040\004\075\004\065\004\101\004\072\004\076\004\073\004\114\004\072\004\076\000\040\004\110\004\060\004\063\004\076\004\062\000,\000\040\004\072\004\076\004\102\004\076\004\100\004\113\004\065\000\040\004\077\004\076\004\074\004\076\004\063\004\103\004\102\000\040\004\075\004\060\004\107\004\060\004\102\004\114\000\040\004\100\004\060\004\061\004\076\004\102\004\103\000\040\004\101\000\040\000G\000i\000t\000:}{section.3.1}% 58
\BOOKMARK [2][-]{subsection.3.1.10}{\376\377\004\047\004\102\004\076\000\040\004\102\004\060\004\072\004\076\004\065\000\040\004\077\004\103\004\061\004\073\004\070\004\107\004\075\004\113\004\071\000\040\004\070\000\040\004\077\004\100\004\070\004\062\004\060\004\102\004\075\004\113\004\071\000\040\004\100\004\065\004\077\004\076\004\067\004\070\004\102\004\076\004\100\004\070\004\071\000?}{section.3.1}% 59
\BOOKMARK [2][-]{subsection.3.1.11}{\376\377\004\027\004\060\004\104\004\070\004\072\004\101\004\070\004\100\004\103\004\071\004\102\004\065\000\040\004\070\004\067\004\074\004\065\004\075\004\065\004\075\004\070\004\117\000\040\000g\000i\000t}{section.3.1}% 60
\BOOKMARK [2][-]{subsection.3.1.12}{\376\377\004\035\004\065\004\074\004\075\004\076\004\063\004\076\000\040\004\101\004\102\004\060\004\102\004\070\004\101\004\102\004\070\004\072\004\070\000\040\004\076\000\040\004\101\004\070\004\101\004\102\004\065\004\074\004\065\000\040\000g\000i\000t}{section.3.1}% 61
\BOOKMARK [0][-]{chapter.4}{\376\377\000G\000i\000t\000\040\004\072\004\060\004\072\000\040\004\070\004\075\004\101\004\102\004\100\004\103\004\074\004\065\004\075\004\102\000\040\004\072\004\076\004\074\004\060\004\075\004\064\004\075\004\076\004\071\000\040\004\100\004\060\004\061\004\076\004\102\004\113\000.\000\040\004\040\004\060\004\061\004\076\004\102\004\060\000\040\004\101\000\040\004\103\004\064\004\060\004\073\004\065\004\075\004\075\004\113\004\074\004\070\000\040\004\100\004\065\004\077\004\076\004\067\004\070\004\102\004\076\004\100\004\070\004\117\004\074\004\070}{}% 62
\BOOKMARK [0][-]{chapter.5}{\376\377\004\022\004\076\004\067\004\074\004\076\004\066\004\075\004\076\004\101\004\102\004\070\000\040\004\077\004\073\004\060\004\102\004\104\004\076\004\100\004\074\004\060\004\074\000\040\004\100\004\060\004\067\004\074\004\065\004\111\004\065\004\075\004\070\004\117\000\040\004\070\004\101\004\105\004\076\004\064\004\075\004\076\004\063\004\076\000\040\004\072\004\076\004\064\004\060\000\040\004\077\004\100\004\076\004\063\004\100\004\060\004\074\004\074\000\040\004\075\004\060\000\040\004\077\004\100\004\070\004\074\004\065\004\100\004\065\000\040\000G\000i\000t\000h\000u\000b}{}% 63
\BOOKMARK [0][-]{chapter.6}{\376\377\004\041\004\100\004\065\004\064\004\060\000\040\004\100\004\060\004\067\004\100\004\060\004\061\004\076\004\102\004\072\004\070}{}% 64
\BOOKMARK [1][-]{section.6.1}{\376\377\004\041\004\100\004\065\004\064\004\060\000\040\004\100\004\060\004\067\004\100\004\060\004\061\004\076\004\102\004\072\004\070}{chapter.6}% 65
\BOOKMARK [2][-]{subsection.6.1.1}{\376\377\004\037\004\076\004\064\004\101\004\062\004\065\004\102\004\072\004\060\000\040\004\101\004\070\004\075\004\102\004\060\004\072\004\101\004\070\004\101\004\060}{section.6.1}% 66
\BOOKMARK [2][-]{subsection.6.1.2}{\376\377\004\020\004\062\004\102\004\076\004\064\004\076\004\077\004\076\004\073\004\075\004\065\004\075\004\070\004\065\000\040\004\072\004\076\004\064\004\060\000\040\000\050\004\067\004\060\004\062\004\065\004\100\004\110\004\065\004\075\004\070\004\065\000\040\004\072\004\076\004\064\004\060\000\051}{section.6.1}% 67
\BOOKMARK [2][-]{subsection.6.1.3}{\376\377\004\040\004\065\004\104\004\060\004\072\004\102\004\076\004\100\004\070\004\075\004\063}{section.6.1}% 68
\BOOKMARK [2][-]{subsection.6.1.4}{\376\377\004\032\004\076\004\074\004\077\004\070\004\073\004\117\004\106\004\070\004\117}{section.6.1}% 69
\BOOKMARK [2][-]{subsection.6.1.5}{\376\377\004\035\004\060\004\101\004\102\004\100\004\076\004\071\004\072\004\060\000\040\004\076\004\072\004\100\004\103\004\066\004\065\004\075\004\070\004\117\000\040\004\077\004\076\004\064\000\040\004\101\004\065\004\061\004\117}{section.6.1}% 70
\BOOKMARK [0][-]{chapter.7}{\376\377\004\041\004\102\004\070\004\073\004\070\000\040\004\076\004\104\004\076\004\100\004\074\004\073\004\065\004\075\004\070\004\117\000\040\004\072\004\076\004\064\004\060}{}% 71
\BOOKMARK [1][-]{section.7.1}{\376\377\004\036\004\104\004\076\004\100\004\074\004\073\004\065\004\075\004\070\004\065\000\040\004\072\004\076\004\064\004\060}{chapter.7}% 72
\BOOKMARK [2][-]{subsection.7.1.1}{\376\377\004\030\004\101\004\077\004\076\004\073\004\114\004\067\004\103\004\071\004\102\004\065\000\040\004\076\004\102\004\101\004\102\004\103\004\077\004\113}{section.7.1}% 73
\BOOKMARK [2][-]{subsection.7.1.2}{\376\377\004\041\004\076\004\061\004\073\004\116\004\064\004\060\004\071\004\102\004\065\000\040\004\077\004\100\004\070\004\075\004\117\004\102\004\103\004\116\000\040\004\064\004\073\004\070\004\075\004\103\000\040\004\101\004\102\004\100\004\076\004\072\004\070}{section.7.1}% 74
\BOOKMARK [2][-]{subsection.7.1.3}{\376\377\004\030\004\101\004\077\004\076\004\073\004\114\004\067\004\103\004\071\004\102\004\065\000\040\004\104\004\070\004\063\004\103\004\100\004\075\004\113\004\065\000\040\004\101\004\072\004\076\004\061\004\072\004\070\000\040\004\077\004\100\004\060\004\062\004\070\004\073\004\114\004\075\004\076}{section.7.1}% 75
\BOOKMARK [2][-]{subsection.7.1.4}{\376\377\004\030\004\074\004\065\004\075\004\103\004\071\004\102\004\065\000\040\004\076\004\061\004\112\004\065\004\072\004\102\004\113\000\040\004\077\004\100\004\060\004\062\004\070\004\073\004\114\004\075\004\076}{section.7.1}% 76
\BOOKMARK [2][-]{subsection.7.1.5}{\376\377\004\037\004\100\004\070\004\064\004\065\004\100\004\066\004\070\004\062\004\060\004\102\004\114\004\101\004\117\000\040\004\076\004\077\004\100\004\065\004\064\004\065\004\073\004\065\004\075\004\075\004\076\004\063\004\076\000\040\004\077\004\076\004\064\004\105\004\076\004\064\004\060}{section.7.1}% 77
\BOOKMARK [2][-]{subsection.7.1.6}{\376\377\004\030\004\067\004\061\004\065\004\063\004\060\004\071\004\102\004\065\000\040\004\062\004\073\004\076\004\066\004\065\004\075\004\075\004\076\004\101\004\102\004\070\000\040\000\050\000F\000l\000a\000t\000\040\000i\000s\000\040\000b\000e\000t\000t\000e\000r\000\040\000t\000h\000a\000n\000\040\000n\000e\000s\000t\000e\000d\000\051}{section.7.1}% 78
\BOOKMARK [2][-]{subsection.7.1.7}{\376\377\004\035\004\065\000\040\004\077\004\065\004\100\004\065\004\063\004\100\004\103\004\066\004\060\004\071\004\102\004\065\000\040\004\072\004\076\004\064\000\040\000\050\000S\000p\000a\000r\000s\000e\000\040\000i\000s\000\040\000b\000e\000t\000t\000e\000r\000\040\000t\000h\000a\000n\000\040\000d\000e\000n\000s\000e\000\051}{section.7.1}% 79
\BOOKMARK [2][-]{subsection.7.1.8}{\376\377\004\022\004\113\004\062\004\076\004\064\004\113}{section.7.1}% 80
\BOOKMARK [1][-]{section.7.2}{\376\377\004\027\004\060\004\064\004\060\004\107\004\070}{chapter.7}% 81
\BOOKMARK [2][-]{subsection.7.2.1}{\376\377\004\027\004\060\004\064\004\060\004\107\004\060\000\040\0001}{section.7.2}% 82
\BOOKMARK [2][-]{subsection.7.2.2}{\376\377\004\027\004\060\004\064\004\060\004\107\004\060\000\040\0002}{section.7.2}% 83
\BOOKMARK [2][-]{subsection.7.2.3}{\376\377\004\027\004\060\004\064\004\060\004\107\004\060\000\040\0003}{section.7.2}% 84
\BOOKMARK [2][-]{subsection.7.2.4}{\376\377\004\027\004\060\004\064\004\060\004\107\004\060\000\040\0004}{section.7.2}% 85
\BOOKMARK [2][-]{subsection.7.2.5}{\376\377\004\027\004\060\004\064\004\060\004\107\004\060\000\040\0005}{section.7.2}% 86
\BOOKMARK [1][-]{section.7.3}{\376\377\004\022\004\076\004\077\004\100\004\076\004\101\004\113}{chapter.7}% 87
\BOOKMARK [0][-]{chapter.8}{\376\377\004\037\004\076\004\073\004\114\004\067\004\060\000\040\004\064\004\076\004\072\004\103\004\074\004\065\004\075\004\102\004\060\004\106\004\070\004\070\000\040\004\075\004\060\000\040\004\077\004\100\004\070\004\074\004\065\004\100\004\065\000\040\004\077\004\076\004\070\004\101\004\072\004\060\000\040\004\077\004\100\004\076\004\065\004\072\004\102\004\060\000\040\004\075\004\060\000\040\000G\000i\000t\000H\000u\000b}{}% 88
\BOOKMARK [1][-]{section.8.1}{\376\377\004\041\004\065\004\100\004\062\004\070\004\101\000\040\000G\000i\000t\000H\000u\000b}{chapter.8}% 89
\BOOKMARK [2][-]{subsection.8.1.1}{\376\377\004\043\004\107\004\070\004\074\004\101\004\117\000\040\004\107\004\070\004\102\004\060\004\102\004\114\000\040\004\070\000\040\004\070\004\101\004\077\004\076\004\073\004\114\004\067\004\076\004\062\004\060\004\102\004\114\000\040\004\062\000\040\004\101\004\062\004\076\004\065\004\074\000\040\004\077\004\100\004\076\004\065\004\072\004\102\004\065\000\040\004\107\004\103\004\066\004\076\004\071\000\040\004\072\004\076\004\064\000\040\004\101\000\040\000G\000i\000t\000H\000u\000b}{section.8.1}% 90
\BOOKMARK [2][-]{subsection.8.1.2}{\376\377\004\023\004\064\004\065\000\040\004\070\000\040\004\072\004\060\004\072\000\040\004\070\004\101\004\072\004\060\004\102\004\114\000\040\004\072\004\076\004\064\000?}{section.8.1}% 91
\BOOKMARK [3][-]{subsubsection*.6}{\376\377\004\022\004\113\004\061\004\100\004\060\004\073\004\070\000\040\004\077\004\100\004\076\004\065\004\072\004\102\000\040\040\024\000\040\004\075\004\060\000\040\004\107\004\102\004\076\000\040\004\062\000\040\004\077\004\065\004\100\004\062\004\103\004\116\000\040\004\076\004\107\004\065\004\100\004\065\004\064\004\114\000\040\004\101\004\102\004\076\004\070\004\102\000\040\004\076\004\061\004\100\004\060\004\102\004\070\004\102\004\114\000\040\004\062\004\075\004\070\004\074\004\060\004\075\004\070\004\065\000?}{subsection.8.1.2}% 92
\BOOKMARK [3][-]{subsubsection*.7}{\376\377\004\041\000\040\004\107\004\065\004\063\004\076\000\040\004\075\004\060\004\107\004\060\004\102\004\114\000\040\004\067\004\075\004\060\004\072\004\076\004\074\004\101\004\102\004\062\004\076\000\040\004\101\000\040\004\107\004\103\004\066\004\070\004\074\000\040\004\072\004\076\004\064\004\076\004\074\000?\000*\000*}{subsection.8.1.2}% 93
\BOOKMARK [3][-]{subsubsection*.8}{\376\377\004\032\004\060\004\072\000\040\004\070\004\101\004\077\004\076\004\073\004\114\004\067\004\076\004\062\004\060\004\102\004\114\000\040\004\107\004\103\004\066\004\076\004\071\000\040\004\072\004\076\004\064\000\040\004\062\000\040\004\101\004\062\004\076\004\065\004\074\000\040\004\077\004\100\004\076\004\065\004\072\004\102\004\065\000?}{subsection.8.1.2}% 94
\BOOKMARK [2][-]{subsection.8.1.3}{\376\377\004\040\004\060\004\061\004\076\004\102\004\060\000\040\004\101\000\040\000G\000i\000t\000H\000u\000b}{section.8.1}% 95
\BOOKMARK [0][-]{chapter.9}{\376\377\004\040\004\060\004\067\004\064\004\065\004\073\000\040\0002\000.\000\040\004\040\004\060\004\061\004\076\004\102\004\060\000\040\004\075\004\060\004\064\000\040\004\077\004\100\004\076\004\065\004\072\004\102\004\076\004\074}{}% 96
\BOOKMARK [0][-]{chapter.10}{\376\377\004\041\004\102\004\060\004\064\004\070\004\070\000\040\004\066\004\070\004\067\004\075\004\070\000\040\004\077\004\100\004\076\004\065\004\072\004\102\004\060}{}% 97
\BOOKMARK [1][-]{section.10.1}{\376\377\004\041\004\102\004\060\004\064\004\070\004\070\000\040\004\066\004\070\004\067\004\075\004\070\000\040\004\077\004\100\004\076\004\065\004\072\004\102\004\060}{chapter.10}% 98
\BOOKMARK [2][-]{subsection.10.1.1}{\376\377\004\036\004\102\000\040\004\107\004\065\004\073\004\076\004\062\004\065\004\072\004\060\000:}{section.10.1}% 99
\BOOKMARK [2][-]{subsection.10.1.2}{\376\377\004\037\004\076\004\065\004\105\004\060\004\073\004\070}{section.10.1}% 100
\BOOKMARK [3][-]{subsubsection*.9}{\376\377\004\036\004\102\000\040\004\074\004\060\004\110\004\070\004\075\004\113\000:}{subsection.10.1.2}% 101
\BOOKMARK [2][-]{subsection.10.1.3}{\376\377\004\030\004\064\004\065\004\117}{section.10.1}% 102
\BOOKMARK [3][-]{subsubsection*.10}{\376\377\004\036\004\102\000\040\004\074\004\060\004\110\004\070\004\075\004\113\000:}{subsection.10.1.3}% 103
\BOOKMARK [2][-]{subsection.10.1.4}{\376\377\004\022\004\070\004\067\004\103\004\060\004\073\004\070\004\067\004\060\004\106\004\070\004\117}{section.10.1}% 104
\BOOKMARK [3][-]{subsubsection*.11}{\376\377\004\036\004\102\000\040\004\074\004\060\004\110\004\070\004\075\004\113\000:}{subsection.10.1.4}% 105
\BOOKMARK [2][-]{subsection.10.1.5}{\376\377\004\020\004\100\004\105\004\070\004\102\004\065\004\072\004\102\004\103\004\100\004\060}{section.10.1}% 106
\BOOKMARK [3][-]{subsubsection*.12}{\376\377\004\036\004\102\000\040\004\074\004\060\004\110\004\070\004\075\004\113\000:}{subsection.10.1.5}% 107
\BOOKMARK [2][-]{subsection.10.1.6}{\376\377\004\040\004\060\004\067\004\100\004\060\004\061\004\076\004\102\004\072\004\060}{section.10.1}% 108
\BOOKMARK [3][-]{subsubsection*.13}{\376\377\004\036\004\102\000\040\004\074\004\060\004\110\004\070\004\075\004\113\000:}{subsection.10.1.6}% 109
\BOOKMARK [2][-]{subsection.10.1.7}{\376\377\004\036\004\102\004\073\004\060\004\064\004\072\004\060}{section.10.1}% 110
\BOOKMARK [3][-]{subsubsection*.14}{\376\377\004\036\004\102\000\040\004\074\004\060\004\110\004\070\004\075\004\113\000:}{subsection.10.1.7}% 111
\BOOKMARK [2][-]{subsection.10.1.8}{\376\377\004\024\004\076\004\072\004\103\004\074\004\065\004\075\004\102\004\060\004\106\004\070\004\117}{section.10.1}% 112
\BOOKMARK [3][-]{subsubsection*.15}{\376\377\004\036\004\102\000\040\004\074\004\060\004\110\004\070\004\075\004\113\000:}{subsection.10.1.8}% 113
\BOOKMARK [2][-]{subsection.10.1.9}{\376\377\004\040\004\065\004\073\004\070\004\067}{section.10.1}% 114
\BOOKMARK [3][-]{subsubsection*.16}{\376\377\004\036\004\102\000\040\004\074\004\060\004\110\004\070\004\075\004\113\000:}{subsection.10.1.9}% 115
\BOOKMARK [2][-]{subsection.10.1.10}{\376\377\004\041\004\061\004\076\004\100\004\072\004\060}{section.10.1}% 116
\BOOKMARK [3][-]{subsubsection*.17}{\376\377\004\036\004\102\000\040\004\074\004\060\004\110\004\070\004\075\004\113\000:}{subsection.10.1.10}% 117
\BOOKMARK [2][-]{subsection.10.1.11}{\376\377\004\032\004\076\004\075\004\102\004\065\004\071\004\075\004\065\004\100\004\070\004\067\004\060\004\106\004\070\004\117}{section.10.1}% 118
\BOOKMARK [3][-]{subsubsection*.18}{\376\377\004\036\004\102\000\040\004\074\004\060\004\110\004\070\004\075\004\113\000:}{subsection.10.1.11}% 119
\BOOKMARK [0][-]{chapter.11}{\376\377\004\034\004\070\004\075\004\070\004\074\004\060\004\073\004\114\004\075\004\076\000\040\004\077\004\076\004\073\004\065\004\067\004\075\004\113\004\071\000\040\004\077\004\100\004\076\004\064\004\103\004\072\004\102}{}% 120
\BOOKMARK [1][-]{section.11.1}{\376\377\004\040\004\060\004\061\004\076\004\102\004\060\000\040\004\075\004\060\004\064\000\040\000M\000V\000P}{chapter.11}% 121
\BOOKMARK [2][-]{subsection.11.1.1}{\376\377\004\055\004\102\004\060\004\077\004\113\000\040\004\100\004\060\004\067\004\100\004\060\004\061\004\076\004\102\004\072\004\070\000\040\004\070\000\040\004\077\004\100\004\076\004\062\004\065\004\100\004\072\004\060\000\040\004\063\004\070\004\077\004\076\004\102\004\065\004\067}{section.11.1}% 122
\BOOKMARK [3][-]{subsubsection*.19}{\376\377\004\047\004\102\004\076\000\040\004\102\004\060\004\072\004\076\004\065\000\040\000M\000V\000P\000\040\004\070\000\040\004\070\004\067\000\040\004\072\004\060\004\072\004\070\004\105\000\040\004\115\004\102\004\060\004\077\004\076\004\062\000\040\004\076\004\075\000\040\004\101\004\076\004\101\004\102\004\076\004\070\004\102\000?}{subsection.11.1.1}% 123
\BOOKMARK [3][-]{subsubsection*.20}{\376\377\004\032\004\060\004\072\004\076\004\062\004\060\000\040\004\106\004\065\004\073\004\114\000\040\000M\000V\000P\000?}{subsection.11.1.1}% 124
\BOOKMARK [3][-]{subsubsection*.21}{\376\377\000M\000V\000P\000\040\004\076\004\061\004\113\004\107\004\075\004\076\000\040\004\101\004\076\004\101\004\102\004\076\004\070\004\102\000\040\004\070\004\067\000\040\004\101\004\073\004\065\004\064\004\103\004\116\004\111\004\070\004\105\000\040\004\115\004\102\004\060\004\077\004\076\004\062\000:}{subsection.11.1.1}% 125
\BOOKMARK [2][-]{subsection.11.1.2}{\376\377\004\022\004\076\004\102\000\040\004\077\004\100\004\070\004\074\004\065\004\100\000\040\000M\000V\000P\000\040\004\064\004\073\004\117\000\040\004\075\004\076\004\062\004\076\004\071\000\040\004\101\004\073\004\103\004\066\004\061\004\113\000\040\004\064\004\076\004\101\004\102\004\060\004\062\004\072\004\070\000\040\004\065\004\064\004\113\000:}{section.11.1}% 126
\BOOKMARK [2][-]{subsection.11.1.3}{\376\377\004\022\004\076\004\102\000\040\004\077\004\100\004\070\004\074\004\065\004\100\000\040\000M\000V\000P\000\040\004\064\004\073\004\117\000\040\004\075\004\076\004\062\004\076\004\063\004\076\000\040\004\074\004\076\004\061\004\070\004\073\004\114\004\075\004\076\004\063\004\076\000\040\004\077\004\100\004\070\004\073\004\076\004\066\004\065\004\075\004\070\004\117\000:}{section.11.1}% 127
\BOOKMARK [3][-]{subsubsection*.22}{\376\377\004\041\004\077\004\070\004\101\004\076\004\072\000\040\004\100\004\065\004\072\004\076\004\074\004\065\004\075\004\064\004\060\004\106\004\070\004\071\000,\000\040\004\107\004\102\004\076\004\061\004\113\000\040\004\077\004\076\004\064\004\063\004\076\004\102\004\076\004\062\004\070\004\102\004\114\000\040\004\072\004\076\004\074\004\060\004\075\004\064\004\103\000\040\004\077\004\100\004\076\004\063\004\100\004\060\004\074\004\074\004\070\004\101\004\102\004\076\004\062\000\040\004\072\000\040\000M\000V\000P\000\040\004\077\004\100\004\076\004\065\004\072\004\102\004\103\000,\000\040\004\077\004\076\004\101\004\062\004\117\004\111\004\065\004\075\004\075\004\076\004\074\004\103\000\040\004\100\004\060\004\067\004\100\004\060\004\061\004\076\004\102\004\072\004\065\000\040\004\074\004\076\004\061\004\070\004\073\004\114\004\075\004\076\004\063\004\076\000\040\004\077\004\100\004\070\004\073\004\076\004\066\004\065\004\075\004\070\004\117\000\040\004\064\004\073\004\117\000\040\004\110\004\072\004\076\004\073\004\113}{subsection.11.1.3}% 128
\BOOKMARK [2][-]{subsection.11.1.4}{\376\377\004\032\004\060\004\072\000\040\004\076\004\106\004\065\004\075\004\070\004\102\004\114\000\040\004\072\004\060\004\107\004\065\004\101\004\102\004\062\004\076\000\040\000M\000V\000P\000,\000\040\004\072\004\060\004\072\004\070\004\065\000\040\004\077\004\076\004\072\004\060\004\067\004\060\004\102\004\065\004\073\004\070\000,\000\040\004\072\004\100\004\070\004\102\004\065\004\100\004\070\004\070\000?}{section.11.1}% 129
\BOOKMARK [3][-]{subsubsection*.23}{\376\377\004\023\004\064\004\065\000\040\004\070\004\101\004\077\004\076\004\073\004\114\004\067\004\103\004\065\004\102\004\101\004\117\000\040\000M\000V\000P\000,\000\040\004\062\000\040\004\107\004\065\004\074\000\040\004\076\004\102\004\073\004\070\004\107\004\070\004\065\000\040\004\076\004\102\000\040\000P\000e\000t\000\040\000P\000r\000o\000j\000e\000c\000t\000?}{subsection.11.1.4}% 130
\BOOKMARK [2][-]{subsection.11.1.5}{\376\377\004\027\004\060\004\064\004\060\004\075\004\070\004\065\000\040\004\064\004\073\004\117\000\040\004\077\004\100\004\076\004\062\004\065\004\100\004\072\004\070}{section.11.1}% 131
\BOOKMARK [0][-]{chapter.12}{\376\377\000U\000M\000L\000\040\004\064\004\070\004\060\004\063\004\100\004\060\004\074\004\074\004\113}{}% 132
\BOOKMARK [1][-]{section.12.1}{\376\377\004\044\004\060\004\072\004\103\004\073\004\114\004\102\004\060\004\102\004\070\004\062\000.\000\040\004\041\004\102\004\060\004\075\004\064\004\060\004\100\004\102\004\075\004\113\004\065\000\040\004\063\004\100\004\060\004\104\004\070\004\107\004\065\004\101\004\072\004\070\004\065\000\040\004\101\004\105\004\065\004\074\004\113\000\040\004\077\004\100\004\070\000\040\004\100\004\060\004\067\004\100\004\060\004\061\004\076\004\102\004\072\004\065\000\040\004\037\004\036}{chapter.12}% 133
\BOOKMARK [2][-]{subsection.12.1.1}{\376\377\004\022\004\076\004\067\004\074\004\076\004\066\004\075\004\076\004\101\004\102\004\070\000\040\004\070\004\101\004\077\004\076\004\073\004\114\004\067\004\076\004\062\004\060\004\075\004\070\004\117\000\040\000U\000M\000L\000\040\000\050\000U\000n\000i\000f\000i\000e\000d\000\040\000M\000o\000d\000e\000l\000i\000n\000g\000\040\000L\000a\000n\000g\000u\000a\000g\000e\000\051}{section.12.1}% 134
\BOOKMARK [2][-]{subsection.12.1.2}{\376\377\004\047\004\102\004\076\000\040\004\102\004\060\004\072\004\076\004\065\000\040\000U\000M\000L\000?}{section.12.1}% 135
\BOOKMARK [3][-]{subsubsection*.24}{\376\377\004\032\004\060\004\072\000\040\000U\000M\000L\000\040\004\077\004\076\004\074\004\076\004\063\004\060\004\065\004\102\000\040\004\062\000\040\004\100\004\060\004\061\004\076\004\102\004\065\000\040\004\075\004\060\004\064\000\040\004\077\004\100\004\076\004\065\004\072\004\102\004\060\004\074\004\070\000?\000\040\004\032\004\102\004\076\000\040\004\070\004\105\000\040\004\100\004\060\004\067\004\100\004\060\004\061\004\060\004\102\004\113\004\062\004\060\004\065\004\102\000?}{subsection.12.1.2}% 136
\BOOKMARK [2][-]{subsection.12.1.3}{\376\377\004\032\004\060\004\072\004\076\004\062\004\113\000\040\004\076\004\101\004\075\004\076\004\062\004\075\004\113\004\065\000\040\004\102\004\070\004\077\004\113\000\040\004\064\004\070\004\060\004\063\004\100\004\060\004\074\004\074\000\040\004\062\000\040\000U\000M\000L\000?}{section.12.1}% 137
\BOOKMARK [3][-]{subsubsection*.25}{\376\377\004\022\000\040\004\072\004\060\004\072\004\070\004\105\000\040\004\101\004\073\004\103\004\107\004\060\004\117\004\105\000\040\004\070\004\101\004\077\004\076\004\073\004\114\004\067\004\076\004\062\004\060\004\075\004\070\004\065\000\040\000U\000M\000L\000\040\004\070\004\067\004\061\004\113\004\102\004\076\004\107\004\075\004\076\000\040\004\070\000\040\004\074\004\076\004\066\004\075\004\076\000\040\004\076\004\061\004\076\004\071\004\102\004\070\004\101\004\114\000\040\004\061\004\065\004\067\000\040\004\075\004\065\004\063\004\076\000?}{subsection.12.1.3}% 138
\BOOKMARK [3][-]{subsubsection*.26}{\376\377\004\022\000\040\004\107\004\065\004\074\000\040\004\100\004\060\004\067\004\075\004\070\004\106\004\060\000\040\004\074\004\065\004\066\004\064\004\103\000\040\004\076\004\077\004\070\004\101\004\060\004\075\004\070\004\065\004\074\000\040\004\077\004\100\004\076\004\063\004\100\004\060\004\074\004\074\004\113\000\040\004\062\000\040\004\062\004\070\004\064\004\065\000\040\004\061\004\073\004\076\004\072\000-\004\101\004\105\004\065\004\074\004\113\000\040\004\070\000\040\004\076\004\077\004\070\004\101\004\060\004\075\004\070\004\065\004\074\000\040\004\077\004\100\004\076\004\063\004\100\004\060\004\074\004\074\004\113\000\040\004\101\000\040\004\070\004\101\004\077\004\076\004\073\004\114\004\067\004\076\004\062\004\060\004\075\004\070\004\065\004\074\000\040\004\064\004\070\004\060\004\063\004\100\004\060\004\074\004\074\004\113\000\040\000U\000M\000L\000?}{subsection.12.1.3}% 139
\BOOKMARK [3][-]{subsubsection*.27}{\376\377\004\037\004\100\004\065\004\070\004\074\004\103\004\111\004\065\004\101\004\102\004\062\004\060\000\040\004\070\000\040\004\075\004\065\004\064\004\076\004\101\004\102\004\060\004\102\004\072\004\070\000\040\000U\000M\000L}{subsection.12.1.3}% 140
\BOOKMARK [4][-]{paragraph*.28}{\376\377\004\037\004\100\004\065\004\070\004\074\004\103\004\111\004\065\004\101\004\102\004\062\004\060\000\040\000U\000M\000L}{subsubsection*.27}% 141
\BOOKMARK [4][-]{paragraph*.29}{\376\377\004\035\004\065\004\064\004\076\004\101\004\102\004\060\004\102\004\072\004\070\000\040\000U\000M\000L}{subsubsection*.27}% 142
\BOOKMARK [3][-]{subsubsection*.30}{\376\377\004\055\004\102\004\060\004\077\004\113\000\040\004\100\004\060\004\067\004\100\004\060\004\061\004\076\004\102\004\072\004\070\000\040\000U\000M\000L\000-\004\064\004\070\004\060\004\063\004\100\004\060\004\074\004\074\000\040\004\064\004\073\004\117\000\040\004\107\004\060\004\102\000-\004\061\004\076\004\102\004\060}{subsection.12.1.3}% 143
\BOOKMARK [4][-]{paragraph*.31}{\376\377\0001\000.\000\040\004\036\004\077\004\100\004\065\004\064\004\065\004\073\004\070\004\102\004\114\000\040\004\102\004\100\004\065\004\061\004\076\004\062\004\060\004\075\004\070\004\117}{subsubsection*.30}% 144
\BOOKMARK [4][-]{paragraph*.32}{\376\377\0002\000.\000\040\004\030\004\067\004\103\004\107\004\070\004\102\004\114\000\040\004\101\004\103\004\111\004\065\004\101\004\102\004\062\004\103\004\116\004\111\004\070\004\065\000\040\004\100\004\065\004\110\004\065\004\075\004\070\004\117}{subsubsection*.30}% 145
\BOOKMARK [4][-]{paragraph*.33}{\376\377\0003\000.\000\040\004\036\004\077\004\100\004\065\004\064\004\065\004\073\004\070\004\102\004\114\000\040\004\060\004\100\004\105\004\070\004\102\004\065\004\072\004\102\004\103\004\100\004\103}{subsubsection*.30}% 146
\BOOKMARK [4][-]{paragraph*.34}{\376\377\004\037\004\076\004\100\004\117\004\064\004\076\004\072\000\040\004\064\004\065\004\071\004\101\004\102\004\062\004\070\004\071\000\040\004\064\004\073\004\117\000\040\004\070\004\101\004\077\004\076\004\073\004\114\004\067\004\076\004\062\004\060\004\075\004\070\004\117\000\040\000A\000P\000I\000\040\004\101\004\065\004\100\004\062\004\070\004\101\004\060\000\040\000R\000a\000p\000i\000d\000A\000P\000I}{subsubsection*.30}% 147
\BOOKMARK [4][-]{paragraph*.35}{\376\377\0004\000.\000\040\004\040\004\060\004\067\004\100\004\060\004\061\004\076\004\102\004\060\004\102\004\114\000\040\004\064\004\070\004\060\004\063\004\100\004\060\004\074\004\074\004\103\000\040\004\077\004\100\004\065\004\106\004\065\004\064\004\065\004\075\004\102\004\076\004\062}{subsubsection*.30}% 148
\BOOKMARK [4][-]{paragraph*.36}{\376\377\0005\000.\000\040\004\040\004\060\004\067\004\100\004\060\004\061\004\076\004\102\004\060\004\102\004\114\000\040\004\064\004\070\004\060\004\063\004\100\004\060\004\074\004\074\004\113\000\040\004\072\004\073\004\060\004\101\004\101\004\076\004\062}{subsubsection*.30}% 149
\BOOKMARK [4][-]{paragraph*.37}{\376\377\0006\000.\000\040\004\040\004\060\004\067\004\100\004\060\004\061\004\076\004\102\004\060\004\102\004\114\000\040\004\064\004\070\004\060\004\063\004\100\004\060\004\074\004\074\004\113\000\040\004\077\004\076\004\101\004\073\004\065\004\064\004\076\004\062\004\060\004\102\004\065\004\073\004\114\004\075\004\076\004\101\004\102\004\065\004\071}{subsubsection*.30}% 150
\BOOKMARK [4][-]{paragraph*.38}{\376\377\0007\000.\000\040\004\040\004\060\004\067\004\100\004\060\004\061\004\076\004\102\004\060\004\102\004\114\000\040\004\064\004\070\004\060\004\063\004\100\004\060\004\074\004\074\004\113\000\040\004\072\004\076\004\074\004\077\004\076\004\075\004\065\004\075\004\102\004\076\004\062\000\040\004\070\000\040\004\100\004\060\004\067\004\062\004\065\004\100\004\102\004\113\004\062\004\060\004\075\004\070\004\117}{subsubsection*.30}% 151
\BOOKMARK [4][-]{paragraph*.39}{\376\377\0008\000.\000\040\004\037\004\100\004\076\004\102\004\065\004\101\004\102\004\070\004\100\004\103\004\071\004\102\004\065\000\040\004\070\000\040\004\076\004\077\004\102\004\070\004\074\004\070\004\067\004\070\004\100\004\103\004\071\004\102\004\065\000\040\004\064\004\070\004\060\004\063\004\100\004\060\004\074\004\074\004\113}{subsubsection*.30}% 152
\BOOKMARK [4][-]{paragraph*.40}{\376\377\0009\000.\000\040\004\030\004\102\004\065\004\100\004\060\004\102\004\070\004\062\004\075\004\076\004\065\000\040\004\100\004\060\004\067\004\062\004\070\004\102\004\070\004\065}{subsubsection*.30}% 153
\BOOKMARK [4][-]{paragraph*.41}{\376\377\004\032\004\060\004\072\004\070\004\065\000\040\004\070\004\075\004\101\004\102\004\100\004\103\004\074\004\065\004\075\004\102\004\113\000\040\004\101\000\040\004\076\004\102\004\072\004\100\004\113\004\102\004\113\004\074\000\040\004\070\004\101\004\105\004\076\004\064\004\075\004\113\004\074\000\040\004\072\004\076\004\064\004\076\004\074\000\040\004\064\004\076\004\101\004\102\004\103\004\077\004\075\004\113\000\040\004\064\004\073\004\117\000\040\004\100\004\060\004\061\004\076\004\102\004\113\000\040\004\101\000\040\000U\000M\000L\000?}{subsubsection*.30}% 154
\BOOKMARK [4][-]{paragraph*.42}{\376\377\004\032\004\060\004\072\000\040\004\076\004\106\004\065\004\075\004\070\004\102\004\114\000\040\004\072\004\060\004\107\004\065\004\101\004\102\004\062\004\076\000\040\004\074\004\076\004\064\004\065\004\073\004\070\000\040\000U\000M\000L\000?}{subsubsection*.30}% 155
\BOOKMARK [1][-]{section.12.2}{\376\377\004\027\004\060\004\064\004\060\004\107\004\070}{chapter.12}% 156
\BOOKMARK [2][-]{subsection.12.2.1}{\376\377\0001\000.\000\040\004\037\004\076\004\101\004\102\004\100\004\076\004\065\004\075\004\070\004\065\000\040\004\064\004\070\004\060\004\063\004\100\004\060\004\074\004\074\004\113\000\040\004\072\004\073\004\060\004\101\004\101\004\076\004\062\000\040\004\064\004\073\004\117\000\040\004\107\004\060\004\102\000-\004\061\004\076\004\102\004\060\000\040\000T\000e\000l\000e\000g\000r\000a\000m\000:}{section.12.2}% 157
\BOOKMARK [2][-]{subsection.12.2.2}{\376\377\0002\000.\000\040\004\041\004\076\004\067\004\064\004\060\004\075\004\070\004\065\000\040\004\064\004\070\004\060\004\063\004\100\004\060\004\074\004\074\004\113\000\040\004\077\004\076\004\101\004\073\004\065\004\064\004\076\004\062\004\060\004\102\004\065\004\073\004\114\004\075\004\076\004\101\004\102\004\070\000\040\004\064\004\073\004\117\000\040\004\076\004\061\004\100\004\060\004\061\004\076\004\102\004\072\004\070\000\040\004\067\004\060\004\077\004\100\004\076\004\101\004\076\004\062\000\040\004\076\004\102\000\040\004\077\004\076\004\073\004\114\004\067\004\076\004\062\004\060\004\102\004\065\004\073\004\117\000:}{section.12.2}% 158
\BOOKMARK [2][-]{subsection.12.2.3}{\376\377\0003\000.\000\040\004\037\004\076\004\101\004\102\004\100\004\076\004\065\004\075\004\070\004\065\000\040\004\064\004\070\004\060\004\063\004\100\004\060\004\074\004\074\004\113\000\040\004\101\004\076\004\101\004\102\004\076\004\117\004\075\004\070\004\071\000\040\004\064\004\073\004\117\000\040\004\103\004\077\004\100\004\060\004\062\004\073\004\065\004\075\004\070\004\117\000\040\004\101\004\076\004\101\004\102\004\076\004\117\004\075\004\070\004\065\004\074\000\040\004\107\004\060\004\102\000-\004\061\004\076\004\102\004\060\000:}{section.12.2}% 159
\BOOKMARK [2][-]{subsection.12.2.4}{\376\377\0004\000.\000\040\004\040\004\060\004\067\004\100\004\060\004\061\004\076\004\102\004\072\004\060\000\040\004\064\004\070\004\060\004\063\004\100\004\060\004\074\004\074\004\113\000\040\004\072\004\076\004\074\004\077\004\076\004\075\004\065\004\075\004\102\004\076\004\062\000\040\004\064\004\073\004\117\000\040\004\107\004\060\004\102\000-\004\061\004\076\004\102\004\060\000\040\000T\000e\000l\000e\000g\000r\000a\000m\000:}{section.12.2}% 160
\BOOKMARK [2][-]{subsection.12.2.5}{\376\377\0005\000.\000\040\004\037\004\076\004\101\004\102\004\100\004\076\004\065\004\075\004\070\004\065\000\040\004\064\004\070\004\060\004\063\004\100\004\060\004\074\004\074\004\113\000\040\004\077\004\100\004\065\004\106\004\065\004\064\004\065\004\075\004\102\004\076\004\062\000\040\004\064\004\073\004\117\000\040\004\107\004\060\004\102\000-\004\061\004\076\004\102\004\060\000\040\000T\000e\000l\000e\000g\000r\000a\000m\000:}{section.12.2}% 161
\BOOKMARK [1][-]{section.12.3}{\376\377\004\022\004\076\004\077\004\100\004\076\004\101\004\113}{chapter.12}% 162
\BOOKMARK [0][-]{chapter.13}{\376\377\004\032\004\076\004\064\000\040\000v\000s\000.\000\040\004\021\004\070\004\061\004\073\004\070\004\076\004\102\004\065\004\072\004\060}{}% 163
\BOOKMARK [1][-]{section.13.1}{\376\377\004\032\004\076\004\064\000\040\000-\000>\000\040\004\021\004\070\004\061\004\073\004\070\004\076\004\102\004\065\004\072\004\060}{chapter.13}% 164
\BOOKMARK [2][-]{subsection.13.1.1}{\376\377\004\034\004\076\004\102\004\070\004\062\004\060\004\106\004\070\004\117}{section.13.1}% 165
\BOOKMARK [2][-]{subsection.13.1.2}{\376\377\004\036\004\077\004\100\004\065\004\064\004\065\004\073\004\117\004\065\004\074\000\040\004\104\004\103\004\075\004\072\004\106\004\070\004\076\004\075\004\060\004\073\004\114\004\075\004\076\004\101\004\102\004\114\000\040\004\061\004\070\004\061\004\073\004\070\004\076\004\102\004\065\004\072\004\070}{section.13.1}% 166
\BOOKMARK [2][-]{subsection.13.1.3}{\376\377\004\041\004\076\004\061\004\070\004\100\004\060\004\065\004\074\000\040\004\077\004\100\004\076\004\065\004\072\004\102}{section.13.1}% 167
\BOOKMARK [2][-]{subsection.13.1.4}{\376\377\004\022\004\113\004\062\004\076\004\064\004\113}{section.13.1}% 168
\BOOKMARK [1][-]{section.13.2}{\376\377\004\027\004\060\004\064\004\060\004\107\004\070}{chapter.13}% 169
\BOOKMARK [2][-]{subsection.13.2.1}{\376\377\004\027\004\060\004\064\004\060\004\107\004\060\000\040\0001}{section.13.2}% 170
\BOOKMARK [2][-]{subsection.13.2.2}{\376\377\004\027\004\060\004\064\004\060\004\107\004\060\000\040\0002}{section.13.2}% 171
\BOOKMARK [2][-]{subsection.13.2.3}{\376\377\004\027\004\060\004\064\004\060\004\107\004\060\000\040\0003}{section.13.2}% 172
\BOOKMARK [2][-]{subsection.13.2.4}{\376\377\004\027\004\060\004\064\004\060\004\107\004\060\000\040\0004}{section.13.2}% 173
\BOOKMARK [1][-]{section.13.3}{\376\377\004\022\004\076\004\077\004\100\004\076\004\101\004\113}{chapter.13}% 174
\BOOKMARK [0][-]{chapter.14}{\376\377\004\036\004\101\004\075\004\076\004\062\004\113\000\040\000O\000p\000e\000n\000\040\000S\000o\000u\000r\000c\000e}{}% 175
\BOOKMARK [1][-]{section.14.1}{\376\377\004\036\004\101\004\075\004\076\004\062\004\113\000\040\000O\000p\000e\000n\000\040\000S\000o\000u\000r\000c\000e\000,\000\040\004\061\004\060\004\067\004\076\004\062\004\113\004\065\000\040\004\076\004\077\004\100\004\065\004\064\004\065\004\073\004\065\004\075\004\070\004\117\000\040\004\070\000\040\004\077\004\100\004\070\004\075\004\106\004\070\004\077\004\113\000\040\004\103\004\101\004\102\004\100\004\076\004\071\004\101\004\102\004\062\004\060}{chapter.14}% 176
\BOOKMARK [2][-]{subsection.14.1.1}{\376\377\004\047\004\102\004\076\000\040\004\102\004\060\004\072\004\076\004\065\000\040\000O\000p\000e\000n\000\040\000S\000o\000u\000r\000c\000e\000?}{section.14.1}% 177
\BOOKMARK [2][-]{subsection.14.1.2}{\376\377\004\032\004\060\004\072\000\040\004\100\004\060\004\067\004\062\004\070\004\062\004\060\004\073\004\076\004\101\004\114\000\040\004\101\004\076\004\076\004\061\004\111\004\065\004\101\004\102\004\062\004\076\000\040\004\076\004\102\004\072\004\100\004\113\004\102\004\076\004\063\004\076\000\040\004\070\004\101\004\105\004\076\004\064\004\075\004\076\004\063\004\076\000\040\004\072\004\076\004\064\004\060\000?}{section.14.1}% 178
\BOOKMARK [2][-]{subsection.14.1.3}{\376\377\004\032\004\060\004\072\000\040\004\076\004\102\004\072\004\100\004\113\004\102\004\113\004\071\000\040\004\070\004\101\004\105\004\076\004\064\004\075\004\113\004\071\000\040\004\072\004\076\004\064\000\040\004\077\004\076\004\074\004\076\004\063\004\060\004\065\004\102\000\040\004\100\004\060\004\067\004\062\004\070\004\062\004\060\004\102\004\114\000\040\004\102\004\065\004\105\004\075\004\076\004\073\004\076\004\063\004\070\004\070\000\040\004\070\000\040\004\103\004\101\004\072\004\076\004\100\004\117\004\102\004\114\000\040\004\077\004\100\004\076\004\063\004\100\004\065\004\101\004\101\000?}{section.14.1}% 179
\BOOKMARK [0][-]{chapter.15}{\376\377\004\033\004\070\004\106\004\065\004\075\004\067\004\070\004\070\000\040\000O\000p\000e\000n\000\040\000S\000o\000u\000r\000c\000e}{}% 180
\BOOKMARK [1][-]{section.15.1}{\376\377\004\033\004\070\004\106\004\065\004\075\004\067\004\070\004\070\000\040\000O\000p\000e\000n\000\040\000S\000o\000u\000r\000c\000e}{chapter.15}% 181
\BOOKMARK [2][-]{subsection.15.1.1}{\376\377\004\041\004\060\004\074\004\113\004\065\000\040\004\100\004\060\004\101\004\077\004\100\004\076\004\101\004\102\004\100\004\060\004\075\004\065\004\075\004\075\004\113\004\065\000\040\004\073\004\070\004\106\004\065\004\075\004\067\004\070\004\070\000\040\000O\000p\000e\000n\000\040\000S\000o\000u\000r\000c\000e}{section.15.1}% 182
\BOOKMARK [2][-]{subsection.15.1.2}{\376\377\004\032\004\060\004\072\004\060\004\117\000\040\004\073\004\070\004\106\004\065\004\075\004\067\004\070\004\117\000\040\004\037\004\036\000\040\004\077\004\076\004\067\004\062\004\076\004\073\004\117\004\065\004\102\000\040\004\070\004\101\004\077\004\076\004\073\004\114\004\067\004\076\004\062\004\060\004\102\004\114\000\040\004\070\004\101\004\105\004\076\004\064\004\075\004\113\004\071\000\040\004\072\004\076\004\064\000\040\004\064\004\073\004\117\000\040\004\072\004\076\004\074\004\074\004\065\004\100\004\107\004\065\004\101\004\072\004\076\004\071\000\040\004\100\004\060\004\067\004\100\004\060\004\061\004\076\004\102\004\072\004\070\000\040\004\037\004\036\000?}{section.15.1}% 183
\BOOKMARK [2][-]{subsection.15.1.3}{\376\377\004\032\004\060\004\072\004\060\004\117\000\040\004\073\004\070\004\106\004\065\004\075\004\067\004\070\004\117\000\040\004\037\004\036\000\040\004\067\004\060\004\077\004\100\004\065\004\111\004\060\004\065\004\102\000\040\004\070\004\101\004\077\004\076\004\073\004\114\004\067\004\076\004\062\004\060\004\075\004\070\004\065\000\040\004\072\004\076\004\064\004\060\000\040\004\062\000\040\004\072\004\076\004\074\004\074\004\065\004\100\004\107\004\065\004\101\004\072\004\070\004\105\000\040\004\106\004\065\004\073\004\117\004\105\000,\000\040\004\064\004\073\004\117\000\040\004\077\004\076\004\073\004\103\004\107\004\065\004\075\004\070\004\117\000\040\004\077\004\100\004\070\004\061\004\113\004\073\004\070\000?}{section.15.1}% 184
\BOOKMARK [3][-]{subsubsection*.43}{\376\377\004\022\000\040\004\107\004\065\004\074\000\040\004\076\004\102\004\073\004\070\004\107\004\070\004\065\000\040\004\073\004\070\004\106\004\065\004\075\004\067\004\070\004\071\000\040\000G\000P\000L\000\040\004\076\004\102\000\040\000L\000G\000P\000L\000?}{subsection.15.1.3}% 185
\BOOKMARK [2][-]{subsection.15.1.4}{\376\377\004\032\004\060\004\072\004\070\004\065\000\040\004\065\004\101\004\102\004\114\000\040\004\062\004\060\004\100\004\070\004\060\004\075\004\102\004\113\000\040\004\070\004\101\004\077\004\076\004\073\004\114\004\067\004\076\004\062\004\060\004\075\004\070\004\117\000\040\004\073\004\070\004\106\004\065\004\075\004\067\004\070\004\070\000\040\000G\000P\000L\000?}{section.15.1}% 186
\BOOKMARK [2][-]{subsection.15.1.5}{\376\377\004\032\004\060\004\072\004\060\004\117\000\040\004\073\004\070\004\106\004\065\004\075\004\067\004\070\004\117\000\040\004\103\000\040\004\036\004\041\000\040\000A\000n\000d\000r\000o\000i\000d\000?}{section.15.1}% 187
\BOOKMARK [2][-]{subsection.15.1.6}{\376\377\004\032\004\060\004\072\004\103\004\116\000\040\004\073\004\070\004\106\004\065\004\075\004\067\004\070\004\116\000\040\004\062\004\113\004\061\004\100\004\060\004\102\004\114\000,\000\040\004\065\004\101\004\073\004\070\000\040\004\117\000\040\004\105\004\076\004\107\004\103\000\040\004\070\004\101\004\077\004\076\004\073\004\114\004\067\004\076\004\062\004\060\004\102\004\114\000\040\004\107\004\103\004\066\004\076\004\071\000\040\004\072\004\076\004\064\000\040\004\062\000\040\004\101\004\062\004\076\004\065\004\074\000\040\004\077\004\100\004\076\004\065\004\072\004\102\004\065\000?}{section.15.1}% 188
\BOOKMARK [2][-]{subsection.15.1.7}{\376\377\004\035\004\065\004\101\004\072\004\076\004\073\004\114\004\072\004\076\000\040\004\076\004\061\004\111\004\070\004\105\000\040\004\101\004\076\004\062\004\065\004\102\004\076\004\062\000\040\004\077\004\076\000\040\004\073\004\070\004\106\004\065\004\075\004\067\004\070\004\100\004\076\004\062\004\060\004\075\004\070\004\116\000\040\004\070\000\040\004\067\004\060\004\111\004\070\004\102\004\065\000\040\004\077\004\100\004\060\004\062\000\040\004\100\004\060\004\067\004\100\004\060\004\061\004\076\004\102\004\107\004\070\004\072\004\076\004\062\000\040\004\077\004\100\004\076\004\063\004\100\004\060\004\074\004\074\004\075\004\076\004\063\004\076\000\040\004\076\004\061\004\065\004\101\004\077\004\065\004\107\004\065\004\075\004\070\004\117}{section.15.1}% 189
\BOOKMARK [2][-]{subsection.15.1.8}{\376\377\004\030\004\075\004\102\004\065\004\100\004\065\004\101\004\075\004\113\004\071\000\040\004\062\004\076\004\077\004\100\004\076\004\101\000:\000\040\004\072\004\076\004\074\004\103\000\040\004\077\004\100\004\070\004\075\004\060\004\064\004\073\004\065\004\066\004\060\004\102\000\040\004\077\004\100\004\060\004\062\004\060\000\040\004\075\004\060\000\040\004\100\004\065\004\067\004\103\004\073\004\114\004\102\004\060\004\102\000\040\004\100\004\060\004\061\004\076\004\102\004\113\000\040\004\070\004\101\004\072\004\103\004\101\004\101\004\102\004\062\004\065\004\075\004\075\004\076\004\063\004\076\000\040\004\070\004\075\004\102\004\065\004\073\004\073\004\065\004\072\004\102\004\060\000?}{section.15.1}% 190
\BOOKMARK [0][-]{chapter.16}{\376\377\000G\000i\000t\000H\000u\000b\000\040\000P\000a\000g\000e\000s}{}% 191
\BOOKMARK [1][-]{section.16.1}{\376\377\000G\000i\000t\000h\000u\000b\000\040\000P\000a\000g\000e\000s}{chapter.16}% 192
\BOOKMARK [2][-]{subsection.16.1.1}{\376\377\004\041\000\040\004\072\004\060\004\072\004\076\004\071\000\040\004\106\004\065\004\073\004\114\004\116\000\040\004\070\004\101\004\077\004\076\004\073\004\114\004\067\004\103\004\116\004\102\000\040\004\101\004\065\004\100\004\062\004\070\004\101\000\040\000G\000i\000t\000H\000u\000b\000\040\000P\000a\000g\000e\000s\000?}{section.16.1}% 193
\BOOKMARK [2][-]{subsection.16.1.2}{\376\377\004\037\004\100\004\065\004\070\004\074\004\103\004\111\004\065\004\101\004\102\004\062\004\060\000\040\004\070\000\040\004\075\004\065\004\064\004\076\004\101\004\102\004\060\004\102\004\072\004\070\000\040\004\101\004\065\004\100\004\062\004\070\004\101\004\060\000\040\000G\000i\000t\000H\000u\000b\000\040\000P\000a\000g\000e\000s}{section.16.1}% 194
\BOOKMARK [3][-]{subsubsection*.44}{\376\377\004\037\004\100\004\065\004\070\004\074\004\103\004\111\004\065\004\101\004\102\004\062\004\060\000:}{subsection.16.1.2}% 195
\BOOKMARK [3][-]{subsubsection*.45}{\376\377\004\035\004\065\004\064\004\076\004\101\004\102\004\060\004\102\004\072\004\070\000:}{subsection.16.1.2}% 196
\BOOKMARK [1][-]{section.16.2}{\376\377\004\027\004\060\004\064\004\060\004\107\004\070}{chapter.16}% 197
\BOOKMARK [1][-]{section.16.3}{\376\377\004\022\004\076\004\077\004\100\004\076\004\101\004\113}{chapter.16}% 198
\BOOKMARK [0][-]{chapter.17}{\376\377\004\022\004\070\004\100\004\102\004\103\004\060\004\073\004\114\004\075\004\076\004\065\000\040\004\076\004\072\004\100\004\103\004\066\004\065\004\075\004\070\004\065}{}% 199
\BOOKMARK [1][-]{section.17.1}{\376\377\004\027\004\075\004\060\004\072\004\076\004\074\004\101\004\102\004\062\004\076\000\040\004\101\000\040\004\100\004\060\004\061\004\076\004\107\004\070\004\074\000\040\004\076\004\072\004\100\004\103\004\066\004\065\004\075\004\070\004\065\004\074}{chapter.17}% 200
\BOOKMARK [2][-]{subsection.17.1.1}{\376\377\004\024\004\076\004\061\004\060\004\062\004\070\004\102\004\114\000\040\004\064\004\070\004\100\004\065\004\072\004\102\004\076\004\100\004\070\004\116\000\040\004\062\000\040\000P\000A\000T\000H}{section.17.1}% 201
\BOOKMARK [2][-]{subsection.17.1.2}{\376\377\004\027\004\075\004\060\004\072\004\076\004\074\004\101\004\102\004\062\004\076\000\040\004\101\000\040\000v\000i\000r\000t\000u\000a\000l\000e\000n\000v}{section.17.1}% 202
\BOOKMARK [3][-]{subsubsection*.46}{\376\377\004\041\004\076\004\067\004\064\004\060\004\075\004\070\004\065\000\040\004\062\004\070\004\100\004\102\004\103\004\060\004\073\004\114\004\075\004\076\004\071\000\040\004\101\004\100\004\065\004\064\004\113}{subsection.17.1.2}% 203
\BOOKMARK [3][-]{subsubsection*.47}{\376\377\004\037\004\065\004\100\004\065\004\075\004\076\004\101\000\040\004\103\004\101\004\102\004\060\004\075\004\076\004\062\004\073\004\065\004\075\004\075\004\113\004\105\000\040\004\077\004\060\004\072\004\065\004\102\004\076\004\062}{subsection.17.1.2}% 204
\BOOKMARK [3][-]{subsubsection*.48}{\376\377\004\043\004\101\004\102\004\060\004\075\004\076\004\062\004\072\004\060\000\040\000v\000i\000r\000t\000u\000a\000l\000e\000n\000v\000\040\004\070\000\040\004\101\004\076\004\067\004\064\004\060\004\075\004\070\004\065\000\040\004\062\004\070\004\100\004\102\004\103\004\060\004\073\004\114\004\075\004\076\004\071\000\040\004\101\004\100\004\065\004\064\004\113}{subsection.17.1.2}% 205
\BOOKMARK [3][-]{subsubsection*.49}{\376\377\004\041\004\076\004\067\004\064\004\060\004\075\004\070\004\065\000\040\004\062\004\070\004\100\004\102\004\103\004\060\004\073\004\114\004\075\004\076\004\071\000\040\004\101\004\100\004\065\004\064\004\113\000\040\000v\000i\000r\000t\000u\000a\000l\000e\000n\000v\000\040\004\077\004\100\004\076\004\070\004\101\004\105\004\076\004\064\004\070\004\102\000\040\004\102\004\060\004\072}{subsection.17.1.2}% 206
\BOOKMARK [3][-]{subsubsection*.50}{\376\377\004\032\004\076\004\077\004\070\004\100\004\076\004\062\004\060\004\075\004\070\004\065\000\040\004\062\004\070\004\100\004\102\004\103\004\060\004\073\004\114\004\075\004\076\004\071\000\040\004\101\004\100\004\065\004\064\004\113}{subsection.17.1.2}% 207
\BOOKMARK [3][-]{subsubsection*.51}{\376\377\004\043\004\064\004\060\004\073\004\065\004\075\004\070\004\065\000\040\004\062\004\070\004\100\004\102\004\103\004\060\004\073\004\114\004\075\004\076\004\071\000\040\004\101\004\100\004\065\004\064\004\113}{subsection.17.1.2}% 208
\BOOKMARK [2][-]{subsection.17.1.3}{\376\377\004\041\004\077\004\100\004\060\004\062\004\076\004\107\004\075\004\113\004\071\000\040\004\074\004\060\004\102\004\065\004\100\004\070\004\060\004\073}{section.17.1}% 209
\BOOKMARK [1][-]{section.17.2}{\376\377\004\027\004\060\004\064\004\060\004\107\004\070\000\040\004\064\004\073\004\117\000\040\004\077\004\100\004\060\004\072\004\102\004\070\004\072\004\070}{chapter.17}% 210
\BOOKMARK [2][-]{subsection.17.2.1}{\376\377\004\027\004\060\004\064\004\060\004\107\004\060\000:\000\040\004\075\004\060\004\101\004\102\004\100\004\076\004\070\004\102\004\114\000\040\004\062\004\070\004\100\004\102\004\103\004\060\004\073\004\114\004\075\004\103\004\116\000\040\004\101\004\100\004\065\004\064\004\103\000\040\004\101\000\040\004\077\004\076\004\074\004\076\004\111\004\114\004\116\000\040\000v\000e\000n\000v\000\040\004\064\004\073\004\117\000\040\004\103\004\077\004\100\004\060\004\062\004\073\004\065\004\075\004\070\004\117\000\040\004\067\004\060\004\062\004\070\004\101\004\070\004\074\004\076\004\101\004\102\004\117\004\074\004\070\000\040\004\077\004\100\004\076\004\065\004\072\004\102\004\060}{section.17.2}% 211
\BOOKMARK [2][-]{subsection.17.2.2}{\376\377\004\027\004\060\004\064\004\060\004\107\004\060\000:\000\040\004\075\004\060\004\101\004\102\004\100\004\076\004\070\004\102\004\114\000\040\004\062\004\070\004\100\004\102\004\103\004\060\004\073\004\114\004\075\004\103\004\116\000\040\004\101\004\100\004\065\004\064\004\103\000\040\004\101\000\040\004\077\004\076\004\074\004\076\004\111\004\114\004\116\000\040\000v\000e\000n\000v\000\040\004\064\004\073\004\117\000\040\004\103\004\077\004\100\004\060\004\062\004\073\004\065\004\075\004\070\004\117\000\040\004\067\004\060\004\062\004\070\004\101\004\070\004\074\004\076\004\101\004\102\004\117\004\074\004\070\000\040\004\077\004\100\004\076\004\065\004\072\004\102\004\060}{section.17.2}% 212
\BOOKMARK [2][-]{subsection.17.2.3}{\376\377\004\027\004\060\004\064\004\060\004\107\004\060\000:\000\040\004\075\004\060\004\101\004\102\004\100\004\076\004\070\004\102\004\114\000\040\004\062\004\070\004\100\004\102\004\103\004\060\004\073\004\114\004\075\004\103\004\116\000\040\004\101\004\100\004\065\004\064\004\103\000\040\004\101\000\040\004\077\004\076\004\074\004\076\004\111\004\114\004\116\000\040\000v\000e\000n\000v\000\040\004\064\004\073\004\117\000\040\004\103\004\077\004\100\004\060\004\062\004\073\004\065\004\075\004\070\004\117\000\040\004\067\004\060\004\062\004\070\004\101\004\070\004\074\004\076\004\101\004\102\004\117\004\074\004\070\000\040\004\077\004\100\004\076\004\065\004\072\004\102\004\060}{section.17.2}% 213
\BOOKMARK [2][-]{subsection.17.2.4}{\376\377\004\027\004\060\004\064\004\060\004\107\004\060\000:\000\040\004\075\004\060\004\101\004\102\004\100\004\076\004\070\004\102\004\114\000\040\004\062\004\070\004\100\004\102\004\103\004\060\004\073\004\114\004\075\004\103\004\116\000\040\004\101\004\100\004\065\004\064\004\103\000\040\004\101\000\040\004\077\004\076\004\074\004\076\004\111\004\114\004\116\000\040\000v\000e\000n\000v\000\040\004\070\000\040\004\076\004\102\004\077\004\100\004\060\004\062\004\070\004\102\004\114\000\040\004\072\004\076\004\064\000\040\004\062\000\040\004\100\004\065\004\077\004\076\004\067\004\070\004\102\004\076\004\100\004\070\004\071\000\040\000G\000i\000t\000H\000u\000b\000.}{section.17.2}% 214
\BOOKMARK [2][-]{subsection.17.2.5}{\376\377\004\027\004\060\004\064\004\060\004\107\004\060\000:\000\040\004\075\004\060\004\101\004\102\004\100\004\076\004\070\004\102\004\114\000\040\004\062\004\070\004\100\004\102\004\103\004\060\004\073\004\114\004\075\004\103\004\116\000\040\004\101\004\100\004\065\004\064\004\103\000\040\004\101\000\040\004\077\004\076\004\074\004\076\004\111\004\114\004\116\000\040\000v\000e\000n\000v\000\040\004\070\000\040\004\076\004\102\004\077\004\100\004\060\004\062\004\070\004\102\004\114\000\040\004\072\004\076\004\064\000\040\004\062\000\040\004\100\004\065\004\077\004\076\004\067\004\070\004\102\004\076\004\100\004\070\004\071\000\040\000G\000i\000t\000.}{section.17.2}% 215
\BOOKMARK [2][-]{subsection.17.2.6}{\376\377\004\027\004\060\004\064\004\060\004\107\004\060\000:\000\040\004\075\004\060\004\101\004\102\004\100\004\076\004\070\004\102\004\114\000\040\004\062\004\070\004\100\004\102\004\103\004\060\004\073\004\114\004\075\004\103\004\116\000\040\004\101\004\100\004\065\004\064\004\103\000\040\004\101\000\040\004\077\004\076\004\074\004\076\004\111\004\114\004\116\000\040\000v\000e\000n\000v\000\040\004\070\000\040\004\076\004\102\004\077\004\100\004\060\004\062\004\070\004\102\004\114\000\040\004\072\004\076\004\064\000\040\004\062\000\040\004\100\004\065\004\077\004\076\004\067\004\070\004\102\004\076\004\100\004\070\004\071\000\040\000G\000i\000t\000.}{section.17.2}% 216
\BOOKMARK [1][-]{section.17.3}{\376\377\004\022\004\076\004\077\004\100\004\076\004\101\004\113\000:}{chapter.17}% 217
\BOOKMARK [0][-]{chapter.18}{\376\377\004\030\004\075\004\101\004\102\004\100\004\103\004\074\004\065\004\075\004\102\004\113\000\040\004\064\004\073\004\117\000\040\004\101\004\076\004\067\004\064\004\060\004\075\004\070\004\117\000\040\004\064\004\076\004\072\004\103\004\074\004\065\004\075\004\102\004\060\004\106\004\070\004\070}{}% 218
\BOOKMARK [1][-]{section.18.1}{\376\377\004\024\004\076\004\072\004\103\004\074\004\065\004\075\004\102\004\070\004\100\004\076\004\062\004\060\004\075\004\070\004\065}{chapter.18}% 219
\BOOKMARK [2][-]{subsection.18.1.1}{\376\377\004\034\004\076\004\102\004\070\004\062\004\060\004\106\004\070\004\117}{section.18.1}% 220
\BOOKMARK [2][-]{subsection.18.1.2}{\376\377\000M\000a\000r\000k\000d\000o\000w\000n}{section.18.1}% 221
\BOOKMARK [3][-]{subsubsection*.52}{\376\377\004\027\004\060\004\063\004\076\004\073\004\076\004\062\004\072\004\070}{subsection.18.1.2}% 222
\BOOKMARK [3][-]{subsubsection*.53}{\376\377\004\020\004\061\004\067\004\060\004\106\004\113}{subsection.18.1.2}% 223
\BOOKMARK [3][-]{subsubsection*.54}{\376\377\004\044\004\076\004\100\004\074\004\060\004\102\004\070\004\100\004\076\004\062\004\060\004\075\004\070\004\065\000\040\004\102\004\065\004\072\004\101\004\102\004\060}{subsection.18.1.2}% 224
\BOOKMARK [3][-]{subsubsection*.55}{\376\377\004\041\004\077\004\070\004\101\004\072\004\070}{subsection.18.1.2}% 225
\BOOKMARK [3][-]{subsubsection*.56}{\376\377\004\041\004\101\004\113\004\073\004\072\004\070}{subsection.18.1.2}% 226
\BOOKMARK [3][-]{subsubsection*.57}{\376\377\004\022\004\101\004\102\004\060\004\062\004\072\004\060\000\040\004\070\004\067\004\076\004\061\004\100\004\060\004\066\004\065\004\075\004\070\004\071}{subsection.18.1.2}% 227
\BOOKMARK [3][-]{subsubsection*.58}{\376\377\004\032\004\076\004\064}{subsection.18.1.2}% 228
\BOOKMARK [3][-]{subsubsection*.59}{\376\377\004\046\004\070\004\102\004\070\004\100\004\076\004\062\004\060\004\075\004\070\004\065}{subsection.18.1.2}% 229
\BOOKMARK [2][-]{subsection.18.1.3}{\376\377\000r\000e\000S\000t\000r\000u\000c\000t\000u\000r\000e\000d\000T\000e\000x\000t}{section.18.1}% 230
\BOOKMARK [2][-]{subsection.18.1.4}{\376\377\000S\000p\000h\000i\000n\000x}{section.18.1}% 231
\BOOKMARK [2][-]{subsection.18.1.5}{\376\377\000M\000a\000r\000k\000d\000o\000w\000n\000\040\004\070\000\040\000S\000p\000h\000i\000n\000x}{section.18.1}% 232
\BOOKMARK [2][-]{subsection.18.1.6}{\376\377\004\024\004\076\004\072\004\103\004\074\004\065\004\075\004\102\004\060\004\106\004\070\004\117\000\040\004\070\004\067\000\040\004\072\004\076\004\064\004\060}{section.18.1}% 233
\BOOKMARK [2][-]{subsection.18.1.7}{\376\377\004\036\004\104\004\076\004\100\004\074\004\073\004\065\004\075\004\070\004\065\000\040\004\064\004\076\004\072\004\103\004\074\004\065\004\075\004\102\004\060\004\106\004\070\004\070}{section.18.1}% 234
\BOOKMARK [1][-]{section.18.2}{\376\377\004\027\004\060\004\064\004\060\004\107\004\070}{chapter.18}% 235
\BOOKMARK [2][-]{subsection.18.2.1}{\376\377\004\027\004\060\004\064\004\060\004\107\004\060\000\040\0001}{section.18.2}% 236
\BOOKMARK [2][-]{subsection.18.2.2}{\376\377\004\027\004\060\004\064\004\060\004\107\004\060\000\040\0002}{section.18.2}% 237
\BOOKMARK [2][-]{subsection.18.2.3}{\376\377\004\027\004\060\004\064\004\060\004\107\004\060\000\040\0003}{section.18.2}% 238
\BOOKMARK [1][-]{section.18.3}{\376\377\004\022\004\076\004\077\004\100\004\076\004\101\004\113}{chapter.18}% 239
\BOOKMARK [0][-]{chapter.19}{\376\377\004\036\004\101\004\075\004\076\004\062\004\113\000\040\004\102\004\065\004\101\004\102\004\070\004\100\004\076\004\062\004\060\004\075\004\070\004\117}{}% 240
\BOOKMARK [1][-]{section.19.1}{\376\377\004\042\004\065\004\101\004\102\004\070\004\100\004\076\004\062\004\060\004\075\004\070\004\065}{chapter.19}% 241
\BOOKMARK [2][-]{subsection.19.1.1}{\376\377\004\034\004\076\004\102\004\070\004\062\004\060\004\106\004\070\004\117}{section.19.1}% 242
\BOOKMARK [2][-]{subsection.19.1.2}{\376\377\004\022\004\070\004\064\004\113\000\040\004\102\004\065\004\101\004\102\004\076\004\062}{section.19.1}% 243
\BOOKMARK [3][-]{subsubsection*.60}{\376\377\004\034\004\076\004\064\004\103\004\073\004\114\004\075\004\076\004\065\000\040\004\102\004\065\004\101\004\102\004\070\004\100\004\076\004\062\004\060\004\075\004\070\004\065}{subsection.19.1.2}% 244
\BOOKMARK [4][-]{paragraph*.61}{\376\377\004\037\004\100\004\070\004\074\004\065\004\100}{subsubsection*.60}% 245
\BOOKMARK [4][-]{paragraph*.62}{\376\377\004\037\004\060\004\100\004\060\004\074\004\065\004\102\004\100\004\070\004\067\004\060\004\106\004\070\004\117\000\040\004\102\004\065\004\101\004\102\004\076\004\062}{subsubsection*.60}% 246
\BOOKMARK [2][-]{subsection.19.1.3}{\376\377\004\030\004\075\004\102\004\065\004\063\004\100\004\060\004\106\004\070\004\076\004\075\004\075\004\076\004\065\000\040\004\102\004\065\004\101\004\102\004\070\004\100\004\076\004\062\004\060\004\075\004\070\004\065}{section.19.1}% 247
\BOOKMARK [2][-]{subsection.19.1.4}{\376\377\004\021\004\076\004\073\004\114\004\110\004\065\000\040\004\102\004\065\004\101\004\102\004\076\004\062}{section.19.1}% 248
\BOOKMARK [2][-]{subsection.19.1.5}{\376\377\004\040\004\060\004\067\004\100\004\060\004\061\004\076\004\102\004\072\004\060\000\040\004\107\004\065\004\100\004\065\004\067\000\040\004\102\004\065\004\101\004\102\004\070\004\100\004\076\004\062\004\060\004\075\004\070\004\065}{section.19.1}% 249
\BOOKMARK [3][-]{subsubsection*.63}{\376\377\004\037\004\100\004\070\004\074\004\065\004\100}{subsection.19.1.5}% 250
\BOOKMARK [1][-]{section.19.2}{\376\377\004\027\004\060\004\064\004\060\004\107\004\070\000:}{chapter.19}% 251
\BOOKMARK [2][-]{subsection.19.2.1}{\376\377\004\027\004\060\004\064\004\060\004\107\004\060\000\040\0001}{section.19.2}% 252
\BOOKMARK [2][-]{subsection.19.2.2}{\376\377\004\027\004\060\004\064\004\060\004\107\004\060\000\040\0002}{section.19.2}% 253
\BOOKMARK [2][-]{subsection.19.2.3}{\376\377\004\027\004\060\004\064\004\060\004\107\004\060\000\040\0003}{section.19.2}% 254
\BOOKMARK [2][-]{subsection.19.2.4}{\376\377\004\027\004\060\004\064\004\060\004\107\004\060\000\040\0004}{section.19.2}% 255
\BOOKMARK [1][-]{section.19.3}{\376\377\004\022\004\076\004\077\004\100\004\076\004\101\004\113}{chapter.19}% 256
\BOOKMARK [0][-]{chapter.20}{\376\377\004\033\004\076\004\063\004\063\004\070\004\100\004\076\004\062\004\060\004\075\004\070\004\065\000\040\004\100\004\060\004\061\004\076\004\102\004\113\000\040\004\077\004\100\004\070\004\073\004\076\004\066\004\065\004\075\004\070\004\117}{}% 257
\BOOKMARK [1][-]{section.20.1}{\376\377\004\033\004\076\004\063\004\070\004\100\004\076\004\062\004\060\004\075\004\070\004\065\000.\000\040\004\047\004\102\004\076\000\040\004\115\004\102\004\076\000\040\004\070\000\040\004\062\000\040\004\107\004\065\004\074\000\040\004\065\004\063\004\076\000\040\004\077\004\076\004\073\004\114\004\067\004\060\000?}{chapter.20}% 258
\BOOKMARK [2][-]{subsection.20.1.1}{\376\377\004\034\004\076\004\102\004\070\004\062\004\060\004\106\004\070\004\117}{section.20.1}% 259
\BOOKMARK [2][-]{subsection.20.1.2}{\376\377\004\027\004\060\004\107\004\065\004\074\000\040\004\075\004\103\004\066\004\075\004\076\000\040\004\073\004\076\004\063\004\070\004\100\004\076\004\062\004\060\004\075\004\070\004\065\000?}{section.20.1}% 260
\BOOKMARK [2][-]{subsection.20.1.3}{\376\377\004\043\004\100\004\076\004\062\004\075\004\070\000\040\004\073\004\076\004\063\004\070\004\100\004\076\004\062\004\060\004\075\004\070\004\117}{section.20.1}% 261
\BOOKMARK [2][-]{subsection.20.1.4}{\376\377\004\036\004\101\004\075\004\076\004\062\004\113\000\040\004\063\004\100\004\060\004\074\004\076\004\102\004\075\004\076\004\063\004\076\000\040\004\073\004\076\004\063\004\070\004\100\004\076\004\062\004\060\004\075\004\070\004\117}{section.20.1}% 262
\BOOKMARK [2][-]{subsection.20.1.5}{\376\377\004\021\004\070\004\061\004\073\004\070\004\076\004\102\004\065\004\072\004\070\000\040\004\073\004\076\004\063\004\070\004\100\004\076\004\062\004\060\004\075\004\070\004\117\000\040\004\064\004\073\004\117\000\040\004\117\004\067\004\113\004\072\004\060\000\040\004\077\004\100\004\076\004\063\004\100\004\060\004\074\004\074\004\070\004\100\004\076\004\062\004\060\004\075\004\070\004\117\000\040\000P\000y\000t\000h\000o\000n}{section.20.1}% 263
\BOOKMARK [3][-]{subsubsection*.64}{\376\377\000l\000o\000g\000g\000i\000n\000g}{subsection.20.1.5}% 264
\BOOKMARK [3][-]{subsubsection*.65}{\376\377\000s\000t\000r\000u\000c\000t\000l\000o\000g}{subsection.20.1.5}% 265
\BOOKMARK [3][-]{subsubsection*.66}{\376\377\000l\000o\000g\000u\000r\000u}{subsection.20.1.5}% 266
\BOOKMARK [3][-]{subsubsection*.67}{\376\377\000l\000o\000g\000b\000o\000o\000k}{subsection.20.1.5}% 267
\BOOKMARK [2][-]{subsection.20.1.6}{\376\377\004\046\004\065\004\075\004\102\004\100\004\060\004\073\004\070\004\067\004\060\004\106\004\070\004\117\000\040\004\073\004\076\004\063\004\076\004\062}{section.20.1}% 268
\BOOKMARK [2][-]{subsection.20.1.7}{\376\377\004\022\004\113\004\062\004\076\004\064}{section.20.1}% 269
\BOOKMARK [1][-]{section.20.2}{\376\377\004\027\004\060\004\064\004\060\004\107\004\060}{chapter.20}% 270
\BOOKMARK [2][-]{subsection.20.2.1}{\376\377\004\027\004\060\004\064\004\060\004\107\004\060\000\040\0001}{section.20.2}% 271
\BOOKMARK [2][-]{subsection.20.2.2}{\376\377\004\027\004\060\004\064\004\060\004\107\004\060\000\040\0002}{section.20.2}% 272
\BOOKMARK [2][-]{subsection.20.2.3}{\376\377\004\027\004\060\004\064\004\060\004\107\004\060\000\040\0003}{section.20.2}% 273
\BOOKMARK [1][-]{section.20.3}{\376\377\004\022\004\076\004\077\004\100\004\076\004\101\004\113}{chapter.20}% 274
\BOOKMARK [0][-]{chapter.21}{\376\377\004\041\004\061\004\076\004\100\004\072\004\060\000\040\004\077\004\100\004\076\004\065\004\072\004\102\004\060\000\040\004\062\000\040\000p\000i\000p\000\040\004\077\004\060\004\072\004\065\004\102}{}% 275
\BOOKMARK [1][-]{section.21.1}{\376\377\004\034\004\065\004\075\004\065\004\064\004\066\004\065\004\100\004\113\000\040\004\077\004\060\004\072\004\065\004\102\004\076\004\062}{chapter.21}% 276
\BOOKMARK [2][-]{subsection.21.1.1}{\376\377\000C\000t\000r\000l\000-\000C\000/\000C\000t\000r\000l\000-\000V}{section.21.1}% 277
\BOOKMARK [2][-]{subsection.21.1.2}{\376\377\004\032\004\073\004\076\004\075\004\070\004\100\004\103\004\065\004\074\000\040\004\070\000\040\004\103\004\072\004\060\004\067\004\113\004\062\004\060\004\065\004\074\000\040\004\077\004\103\004\102\004\114\000\040\004\107\004\065\004\100\004\065\004\067\000\040\000s\000y\000s}{section.21.1}% 278
\BOOKMARK [2][-]{subsection.21.1.3}{\376\377\004\041\004\102\004\060\004\062\004\070\004\074\000\040\004\107\004\065\004\100\004\065\004\067\000\040\000p\000i\000p\000,\000\040\004\070\004\101\004\077\004\076\004\073\004\114\004\067\004\103\004\117\000\040\000g\000i\000t\000\040\004\100\004\065\004\077\004\076\004\067\004\070\004\102\004\076\004\100\004\070\004\071}{section.21.1}% 279
\BOOKMARK [3][-]{subsubsection*.68}{\376\377\004\035\004\065\004\074\004\075\004\076\004\063\004\076\000\040\004\077\004\100\004\076\000\040\000p\000i\000p}{subsection.21.1.3}% 280
\BOOKMARK [2][-]{subsection.21.1.4}{\376\377\004\024\004\065\004\073\004\060\004\065\004\074\000\040\004\101\004\061\004\076\004\100\004\072\004\103\000\040\004\061\004\070\004\061\004\073\004\070\004\076\004\102\004\065\004\072\004\070\000\040\004\064\004\073\004\117\000\040\004\077\004\103\004\061\004\073\004\070\004\072\004\060\004\106\004\070\004\070\000.\000\040\000p\000i\000p}{section.21.1}% 281
\BOOKMARK [3][-]{subsubsection*.69}{\376\377\004\037\004\100\004\065\004\070\004\074\004\103\004\111\004\065\004\101\004\102\004\062\004\060\000\040\000b\000d\000i\000s\000t\000\040\000\050\000w\000h\000e\000e\000l\000s\000\051\000:}{subsection.21.1.4}% 282
\BOOKMARK [3][-]{subsubsection*.70}{\376\377\004\035\004\060\004\101\004\102\004\100\004\060\004\070\004\062\004\060\004\065\004\074\000\040\004\076\004\072\004\100\004\103\004\066\004\065\004\075\004\070\004\065}{subsection.21.1.4}% 283
\BOOKMARK [4][-]{paragraph*.71}{\376\377\004\035\004\065\004\074\004\075\004\076\004\063\004\076\000\040\004\076\000\040\004\104\004\076\004\100\004\074\004\060\004\102\004\070\004\100\004\076\004\062\004\060\004\075\004\070\004\070\000\040\004\077\004\076\000\040\000P\000E\000P\0008}{subsubsection*.70}% 284
\BOOKMARK [4][-]{paragraph*.72}{\376\377\004\022\004\076\004\067\004\062\004\100\004\060\004\111\004\060\004\065\004\074\004\101\004\117\000\040\004\062\000\040\004\077\004\100\004\076\004\065\004\072\004\102}{subsubsection*.70}% 285
\BOOKMARK [2][-]{subsection.21.1.5}{\376\377\004\037\004\103\004\061\004\073\004\070\004\072\004\060\004\106\004\070\004\117\000\040\004\062\000\040\000P\000y\000P\000I}{section.21.1}% 286
\BOOKMARK [1][-]{section.21.2}{\376\377\004\027\004\060\004\064\004\060\004\107\004\070}{chapter.21}% 287
\BOOKMARK [2][-]{subsection.21.2.1}{\376\377\004\027\004\060\004\064\004\060\004\107\004\060\000\040\0001}{section.21.2}% 288
\BOOKMARK [2][-]{subsection.21.2.2}{\376\377\004\027\004\060\004\064\004\060\004\107\004\060\000\040\0002}{section.21.2}% 289
\BOOKMARK [1][-]{section.21.3}{\376\377\004\022\004\076\004\077\004\100\004\076\004\101\004\113}{chapter.21}% 290
\BOOKMARK [0][-]{chapter.22}{\376\377\004\034\004\065\004\075\004\065\004\064\004\066\004\065\004\100\004\113\000\040\004\101\004\073\004\103\004\066\004\061\000\040\004\070\000\040\004\077\004\073\004\060\004\075\004\070\004\100\004\076\004\062\004\111\004\070\004\072\004\070\000\040\004\067\004\060\004\064\004\060\004\107}{}% 291
\BOOKMARK [1][-]{section.22.1}{\376\377\004\034\004\065\004\075\004\065\004\064\004\066\004\065\004\100\004\113\000\040\004\070\000\040\004\077\004\073\004\060\004\075\004\070\004\100\004\076\004\062\004\111\004\070\004\072\004\070}{chapter.22}% 292
\BOOKMARK [2][-]{subsection.22.1.1}{\376\377\004\034\004\076\004\102\004\070\004\062\004\060\004\106\004\070\004\117}{section.22.1}% 293
\BOOKMARK [2][-]{subsection.22.1.2}{\376\377\004\037\004\073\004\060\004\075\004\070\004\100\004\076\004\062\004\111\004\070\004\072\000\040\000c\000r\000o\000n\000t\000a\000b}{section.22.1}% 294
\BOOKMARK [3][-]{subsubsection*.73}{\376\377\004\037\004\100\004\060\004\072\004\102\004\070\004\107\004\065\004\101\004\072\004\076\004\065\000\040\004\077\004\100\004\070\004\074\004\065\004\075\004\065\004\075\004\070\004\065\000\040\000c\000r\000o\000n\000t\000a\000b}{subsection.22.1.2}% 295
\BOOKMARK [2][-]{subsection.22.1.3}{\376\377\004\034\004\065\004\075\004\065\004\064\004\066\004\065\004\100\000\040\000s\000y\000s\000t\000e\000m\000c\000t\000l}{section.22.1}% 296
\BOOKMARK [3][-]{subsubsection*.74}{\376\377\004\037\004\100\004\060\004\072\004\102\004\070\004\107\004\065\004\101\004\072\004\076\004\065\000\040\004\077\004\100\004\070\004\074\004\065\004\075\004\065\004\075\004\070\004\065\000\040\000s\000y\000s\000t\000e\000m\000c\000t\000l}{subsection.22.1.3}% 297
\BOOKMARK [1][-]{section.22.2}{\376\377\004\027\004\060\004\064\004\060\004\107\004\070}{chapter.22}% 298
\BOOKMARK [2][-]{subsection.22.2.1}{\376\377\004\027\004\060\004\064\004\060\004\107\004\060\000\040\0001}{section.22.2}% 299
\BOOKMARK [2][-]{subsection.22.2.2}{\376\377\004\027\004\060\004\064\004\060\004\107\004\060\000\040\0002}{section.22.2}% 300
\BOOKMARK [1][-]{section.22.3}{\376\377\004\022\004\076\004\077\004\100\004\076\004\101\004\113}{chapter.22}% 301
\BOOKMARK [0][-]{chapter.23}{\376\377\004\032\004\076\004\075\004\102\004\065\004\071\004\075\004\065\004\100\004\065\004\067\004\060\004\106\004\070\004\117\000\040\004\101\000\040\000D\000c\000o\000k\000e\000r}{}% 302
\BOOKMARK [1][-]{section.23.1}{\376\377\004\032\004\076\004\075\004\102\004\065\004\071\004\075\004\065\004\100\004\070\004\067\004\060\004\106\004\070\004\117\000\040\004\075\004\060\000\040\004\077\004\100\004\070\004\074\004\065\004\100\004\065\000\040\000D\000o\000c\000k\000e\000r}{chapter.23}% 303
\BOOKMARK [2][-]{subsection.23.1.1}{\376\377\004\022\004\062\004\065\004\064\004\065\004\075\004\070\004\065}{section.23.1}% 304
\BOOKMARK [2][-]{subsection.23.1.2}{\376\377\004\040\004\060\004\101\004\101\004\074\004\076\004\102\004\100\004\070\004\074\000\040\004\077\004\100\004\070\004\074\004\065\004\100\000:\000\040\004\072\004\060\004\072\000\040\000D\000o\000c\000k\000e\000r\000\040\004\074\004\076\004\066\004\065\004\102\000\040\004\077\004\076\004\074\004\076\004\107\004\114\000\040\004\062\000\040\004\100\004\060\004\067\004\100\004\060\004\061\004\076\004\102\004\072\004\065\000\040\004\037\004\036}{section.23.1}% 305
\BOOKMARK [3][-]{subsubsection*.75}{\376\377\004\036\004\061\004\100\004\060\004\067\000\040\004\070\000\040\004\072\004\076\004\075\004\102\004\065\004\071\004\075\004\065\004\100\000\040\004\062\000\040\000D\000o\000c\000k\000e\000r}{subsection.23.1.2}% 306
\BOOKMARK [2][-]{subsection.23.1.3}{\376\377\004\032\004\076\004\075\004\106\004\065\004\077\004\106\004\070\004\070\000\040\000D\000o\000c\000k\000e\000r}{section.23.1}% 307
\BOOKMARK [2][-]{subsection.23.1.4}{\376\377\004\043\004\101\004\102\004\060\004\075\004\076\004\062\004\072\004\060\000\040\004\070\000\040\004\070\004\101\004\077\004\076\004\073\004\114\004\067\004\076\004\062\004\060\004\075\004\070\004\065}{section.23.1}% 308
\BOOKMARK [3][-]{subsubsection*.76}{\376\377\004\043\004\101\004\102\004\060\004\075\004\076\004\062\004\072\004\060\000\040\004\024\004\076\004\072\004\065\004\100\004\060\000\040\004\062\000\040\000W\000i\000n\000d\000o\000w\000s}{subsection.23.1.4}% 309
\BOOKMARK [3][-]{subsubsection*.77}{\376\377\004\043\004\101\004\102\004\060\004\075\004\076\004\062\004\072\004\060\000\040\004\024\004\076\004\072\004\065\004\100\004\060\000\040\004\062\000\040\000L\000i\000n\000u\000x}{subsection.23.1.4}% 310
\BOOKMARK [3][-]{subsubsection*.78}{\376\377\004\021\004\113\004\101\004\102\004\100\004\113\004\071\000\040\004\041\004\102\004\060\004\100\004\102}{subsection.23.1.4}% 311
\BOOKMARK [4][-]{paragraph*.79}{\376\377\000d\000o\000c\000k\000e\000r\000\040\000p\000s}{subsubsection*.78}% 312
\BOOKMARK [4][-]{paragraph*.80}{\376\377\000d\000o\000c\000k\000e\000r\000\040\000r\000u\000n}{subsubsection*.78}% 313
\BOOKMARK [2][-]{subsection.23.1.5}{\376\377\004\044\004\060\004\071\004\073\000\040\000D\000o\000c\000k\000e\000r\000f\000i\000l\000e}{section.23.1}% 314
\BOOKMARK [3][-]{subsubsection*.81}{\376\377\004\032\004\076\004\074\004\060\004\075\004\064\004\113\000\040\004\064\004\073\004\117\000\040\004\103\004\077\004\100\004\060\004\062\004\073\004\065\004\075\004\070\004\117\000\040\004\072\004\076\004\075\004\102\004\065\004\071\004\075\004\065\004\100\004\060\004\074\004\070}{subsection.23.1.5}% 315
\BOOKMARK [3][-]{subsubsection*.82}{\376\377\004\037\004\100\004\070\004\074\004\065\004\100\000\040\004\070\004\101\004\077\004\076\004\073\004\114\004\067\004\076\004\062\004\060\004\075\004\070\004\117\000\040\004\072\004\076\004\074\004\060\004\075\004\064\004\113\000\040\000d\000o\000c\000k\000e\000r\000\040\000r\000u\000n\000\040\004\064\004\073\004\117\000\040\004\067\004\060\004\077\004\103\004\101\004\072\004\060\000\040\004\072\004\076\004\075\004\102\004\065\004\071\004\075\004\065\004\100\004\060}{subsection.23.1.5}% 316
\BOOKMARK [3][-]{subsubsection*.83}{\376\377\004\040\004\060\004\061\004\076\004\102\004\060\000\040\004\101\000\040\004\064\004\060\004\075\004\075\004\113\004\074\004\070}{subsection.23.1.5}% 317
\BOOKMARK [3][-]{subsubsection*.84}{\376\377\004\032\004\076\004\075\004\102\004\065\004\071\004\075\004\065\004\100\000\040\000D\000o\000c\000k\000e\000r\000\040\004\076\004\061\004\073\004\060\004\064\004\060\004\065\004\102\000\040\004\101\004\073\004\065\004\064\004\103\004\116\004\111\004\070\004\074\004\070\000\040\004\105\004\060\004\100\004\060\004\072\004\102\004\065\004\100\004\070\004\101\004\102\004\070\004\072\004\060\004\074\004\070\000:}{subsection.23.1.5}% 318
\BOOKMARK [3][-]{subsubsection*.85}{\376\377\004\036\004\101\004\076\004\061\004\065\004\075\004\075\004\076\004\101\004\102\004\070\000\040\004\072\004\076\004\075\004\102\004\065\004\071\004\075\004\065\004\100\004\076\004\062}{subsection.23.1.5}% 319
\BOOKMARK [2][-]{subsection.23.1.6}{\376\377\004\037\004\100\004\060\004\072\004\102\004\070\004\107\004\065\004\101\004\072\004\076\004\065\000\040\004\067\004\060\004\064\004\060\004\075\004\070\004\065\000:\000\040\004\040\004\060\004\067\004\062\004\065\004\100\004\102\004\113\004\062\004\060\004\075\004\070\004\065\000\040\000P\000y\000t\000h\000o\000n\000\040\004\072\004\076\004\064\004\060\000\040\004\062\000\040\000D\000o\000c\000k\000e\000r\000\040\004\072\004\076\004\075\004\102\004\065\004\071\004\075\004\065\004\100\004\065}{section.23.1}% 320
\BOOKMARK [2][-]{subsection.23.1.7}{\376\377\004\027\004\060\004\072\004\073\004\116\004\107\004\065\004\075\004\070\004\065}{section.23.1}% 321
\BOOKMARK [2][-]{subsection.23.1.8}{\376\377\004\041\004\101\004\113\004\073\004\072\004\070\000\040\004\075\004\060\000\040\004\064\004\076\004\077\004\076\004\073\004\075\004\070\004\102\004\065\004\073\004\114\004\075\004\113\004\065\000\040\004\074\004\060\004\102\004\065\004\100\004\070\004\060\004\073\004\113\000\040\004\077\004\076\000\040\000D\000o\000c\000k\000e\000r}{section.23.1}% 322
\BOOKMARK [1][-]{section.23.2}{\376\377\004\022\004\076\004\077\004\100\004\076\004\101\004\113}{chapter.23}% 323
\BOOKMARK [0][-]{chapter.24}{\376\377\004\037\004\100\004\060\004\072\004\102\004\070\004\107\004\065\004\101\004\072\004\076\004\065\000\040\004\070\004\101\004\077\004\076\004\073\004\114\004\067\004\076\004\062\004\060\004\075\004\070\004\065\000\040\000D\000o\000c\000k\000e\000r}{}% 324
\BOOKMARK [0][-]{chapter.25}{\376\377\004\040\004\060\004\061\004\076\004\102\004\060\000\040\004\101\000\040\004\101\004\065\004\102\004\114\004\116\000\040\004\062\000\040\000D\000o\000c\000k\000e\000r}{}% 325
\BOOKMARK [1][-]{section.25.1}{\376\377\004\032\004\076\004\075\004\106\004\065\004\077\004\106\004\070\004\117\000\040\004\101\004\065\004\102\004\070\000\040\004\062\000\040\000D\000o\000c\000k\000e\000r}{chapter.25}% 326
\BOOKMARK [2][-]{subsection.25.1.1}{\376\377\004\037\004\076\004\067\004\075\004\060\004\072\004\076\004\074\004\070\004\074\004\101\004\117\000\040\004\101\000\040\004\102\004\065\004\074\000,\000\040\004\072\004\060\004\072\000\040\004\076\004\061\004\112\004\065\004\064\004\070\004\075\004\117\004\102\004\114\000\040\004\075\004\065\004\101\004\072\004\076\004\073\004\114\004\072\004\076\000\040\004\072\004\076\004\075\004\102\004\065\004\071\004\075\004\065\004\100\004\076\004\062\000\040\004\062\000\040\004\101\004\065\004\102\004\114\000\040\000D\000o\000c\000k\000e\000r}{section.25.1}% 327
\BOOKMARK [2][-]{subsection.25.1.2}{\376\377\004\041\004\065\004\102\004\070\000:\000\040\004\062\004\062\004\076\004\064\004\075\004\060\004\117\000\040\004\107\004\060\004\101\004\102\004\114}{section.25.1}% 328
\BOOKMARK [3][-]{subsubsection*.86}{\376\377\004\047\004\102\004\076\000\040\004\102\004\060\004\072\004\076\004\065\000\040\004\101\004\065\004\102\004\114\000?}{subsection.25.1.2}% 329
\BOOKMARK [3][-]{subsubsection*.87}{\376\377\004\036\004\061\004\112\004\117\004\101\004\075\004\065\004\075\004\070\004\065\000\040\004\100\004\060\004\061\004\076\004\102\004\113\000\040\004\101\004\065\004\102\004\065\004\071\000\040\004\062\000\040\004\072\004\076\004\075\004\102\004\065\004\071\004\075\004\065\004\100\004\060\004\105\000\040\000D\000o\000c\000k\000e\000r}{subsection.25.1.2}% 330
\BOOKMARK [3][-]{subsubsection*.88}{\376\377\004\042\004\070\004\077\004\113\000\040\004\101\004\065\004\102\004\065\004\062\004\113\004\105\000\040\004\064\004\100\004\060\004\071\004\062\004\065\004\100\004\076\004\062\000\040\000D\000o\000c\000k\000e\000r}{subsection.25.1.2}% 331
\BOOKMARK [2][-]{subsection.25.1.3}{\376\377\004\037\004\076\004\067\004\075\004\060\004\072\004\076\004\074\004\070\004\074\004\101\004\117\000\040\004\101\000\040\004\101\004\065\004\102\004\117\004\074\004\070\000\040\000B\000r\000i\000d\000g\000e\000\040\004\070\000\040\000H\000o\000s\000t\000\040\004\075\004\060\000\040\004\077\004\100\004\060\004\072\004\102\004\070\004\072\004\065}{section.25.1}% 332
\BOOKMARK [3][-]{subsubsection*.89}{\376\377\004\041\004\076\004\067\004\064\004\060\004\075\004\070\004\065\000\040\004\077\004\076\004\073\004\114\004\067\004\076\004\062\004\060\004\102\004\065\004\073\004\114\004\101\004\072\004\076\004\071\000\040\000B\000r\000i\000d\000g\000e\000\040\004\101\004\065\004\102\004\070}{subsection.25.1.3}% 333
\BOOKMARK [0][-]{chapter.26}{\376\377\004\040\004\065\004\065\004\101\004\102\004\100\000\040\000D\000o\000c\000k\000e\000r}{}% 334
\BOOKMARK [1][-]{section.26.1}{\376\377\004\040\004\065\004\065\004\101\004\102\004\100\000\040\000D\000o\000c\000k\000e\000r}{chapter.26}% 335
\BOOKMARK [2][-]{subsection.26.1.1}{\376\377\004\041\004\076\004\067\004\064\004\060\004\075\004\070\004\065\000\040\004\077\004\065\004\100\004\062\004\076\004\063\004\076\000\040\000D\000o\000c\000k\000e\000r\000\040\004\100\004\065\004\077\004\076\004\067\004\070\004\102\004\076\004\100\004\070\004\117}{section.26.1}% 336
\BOOKMARK [2][-]{subsection.26.1.2}{\376\377\004\037\004\076\004\070\004\101\004\072\000\040\000D\000o\000c\000k\000e\000r\000\040\004\076\004\061\004\100\004\060\004\067\004\060}{section.26.1}% 337
\BOOKMARK [2][-]{subsection.26.1.3}{\376\377\004\027\004\060\004\063\004\100\004\103\004\067\004\072\004\060\000\040\000D\000o\000c\000k\000e\000r\000\040\004\076\004\061\004\100\004\060\004\067\004\060\000\040\004\070\004\067\000\040\004\100\004\065\004\065\004\101\004\102\004\100\004\060\000\040\000D\000o\000c\000k\000e\000r\000\040\000H\000u\000b}{section.26.1}% 338
\BOOKMARK [2][-]{subsection.26.1.4}{\376\377\004\041\004\076\004\067\004\064\004\060\004\075\004\070\004\065\000\040\000D\000o\000c\000k\000e\000r\000\040\004\076\004\061\004\100\004\060\004\067\004\060}{section.26.1}% 339
\BOOKMARK [2][-]{subsection.26.1.5}{\376\377\004\032\004\060\004\072\000\040\004\115\004\102\004\076\000\040\004\100\004\060\004\061\004\076\004\102\004\060\004\065\004\102\000?}{section.26.1}% 340
\BOOKMARK [2][-]{subsection.26.1.6}{\376\377\004\041\004\076\004\067\004\064\004\060\004\071\004\102\004\065\000\040\000D\000o\000c\000k\000e\000r\000f\000i\000l\000e\000,\000\040\004\072\004\076\004\102\004\076\004\100\004\113\004\071\000\040\004\076\004\077\004\100\004\065\004\064\004\065\004\073\004\117\004\065\004\102\000\040\004\072\004\076\004\075\004\104\004\070\004\063\004\103\004\100\004\060\004\106\004\070\004\116\000\040\004\075\004\060\004\110\004\065\004\063\004\076\000\040\004\077\004\100\004\070\004\073\004\076\004\066\004\065\004\075\004\070\004\117}{section.26.1}% 341
\BOOKMARK [2][-]{subsection.26.1.7}{\376\377\004\036\004\061\004\100\004\060\004\067\000\040\004\075\004\060\000\040\000D\000o\000c\000k\000e\000r\000\040\000H\000u\000b}{section.26.1}% 342
