This is pdfTeX, Version 3.141592653-2.6-1.40.22 (TeX Live 2022/dev/Debian) (preloaded format=pdflatex 2024.4.6)  6 APR 2024 06:50
entering extended mode
 restricted \write18 enabled.
 %&-line parsing enabled.
**toolchain.tex
(./toolchain.tex
LaTeX2e <2021-11-15> patch level 1
L3 programming layer <2022-01-21> (./sphinxmanual.cls
Document Class: sphinxmanual 2019/12/01 v2.3.0 Document class (Sphinx manual)
(/usr/share/texlive/texmf-dist/tex/latex/base/report.cls
Document Class: report 2021/10/04 v1.4n Standard LaTeX document class
(/usr/share/texlive/texmf-dist/tex/latex/base/size10.clo
File: size10.clo 2021/10/04 v1.4n Standard LaTeX file (size option)
)
\c@part=\count185
\c@chapter=\count186
\c@section=\count187
\c@subsection=\count188
\c@subsubsection=\count189
\c@paragraph=\count190
\c@subparagraph=\count191
\c@figure=\count192
\c@table=\count193
\abovecaptionskip=\skip47
\belowcaptionskip=\skip48
\bibindent=\dimen138
)
LaTeX Info: Redefining \and on input line 35.
)
(/usr/share/texlive/texmf-dist/tex/latex/base/inputenc.sty
Package: inputenc 2021/02/14 v1.3d Input encoding file
\inpenc@prehook=\toks16
\inpenc@posthook=\toks17
)
   defining Unicode char U+00A0 (decimal 160)
   defining Unicode char U+2500 (decimal 9472)
   defining Unicode char U+2502 (decimal 9474)
   defining Unicode char U+2514 (decimal 9492)
   defining Unicode char U+251C (decimal 9500)
   defining Unicode char U+2572 (decimal 9586)

(/usr/share/texlive/texmf-dist/tex/latex/cmap/cmap.sty
Package: cmap 2021/02/06 v1.0j CMap support: searchable PDF
)
(/usr/share/texlive/texmf-dist/tex/latex/base/fontenc.sty
Package: fontenc 2021/04/29 v2.0v Standard LaTeX package
<<t1.cmap>>)
(/usr/share/texlive/texmf-dist/tex/latex/amsmath/amsmath.sty
Package: amsmath 2021/10/15 v2.17l AMS math features
\@mathmargin=\skip49

For additional information on amsmath, use the `?' option.
(/usr/share/texlive/texmf-dist/tex/latex/amsmath/amstext.sty
Package: amstext 2021/08/26 v2.01 AMS text

(/usr/share/texlive/texmf-dist/tex/latex/amsmath/amsgen.sty
File: amsgen.sty 1999/11/30 v2.0 generic functions
\@emptytoks=\toks18
\ex@=\dimen139
))
(/usr/share/texlive/texmf-dist/tex/latex/amsmath/amsbsy.sty
Package: amsbsy 1999/11/29 v1.2d Bold Symbols
\pmbraise@=\dimen140
)
(/usr/share/texlive/texmf-dist/tex/latex/amsmath/amsopn.sty
Package: amsopn 2021/08/26 v2.02 operator names
)
\inf@bad=\count194
LaTeX Info: Redefining \frac on input line 234.
\uproot@=\count195
\leftroot@=\count196
LaTeX Info: Redefining \overline on input line 399.
\classnum@=\count197
\DOTSCASE@=\count198
LaTeX Info: Redefining \ldots on input line 496.
LaTeX Info: Redefining \dots on input line 499.
LaTeX Info: Redefining \cdots on input line 620.
\Mathstrutbox@=\box50
\strutbox@=\box51
\big@size=\dimen141
LaTeX Font Info:    Redeclaring font encoding OML on input line 743.
LaTeX Font Info:    Redeclaring font encoding OMS on input line 744.
\macc@depth=\count199
\c@MaxMatrixCols=\count266
\dotsspace@=\muskip16
\c@parentequation=\count267
\dspbrk@lvl=\count268
\tag@help=\toks19
\row@=\count269
\column@=\count270
\maxfields@=\count271
\andhelp@=\toks20
\eqnshift@=\dimen142
\alignsep@=\dimen143
\tagshift@=\dimen144
\tagwidth@=\dimen145
\totwidth@=\dimen146
\lineht@=\dimen147
\@envbody=\toks21
\multlinegap=\skip50
\multlinetaggap=\skip51
\mathdisplay@stack=\toks22
LaTeX Info: Redefining \[ on input line 2938.
LaTeX Info: Redefining \] on input line 2939.
)
(/usr/share/texlive/texmf-dist/tex/latex/amsfonts/amssymb.sty
Package: amssymb 2013/01/14 v3.01 AMS font symbols

(/usr/share/texlive/texmf-dist/tex/latex/amsfonts/amsfonts.sty
Package: amsfonts 2013/01/14 v3.01 Basic AMSFonts support
\symAMSa=\mathgroup4
\symAMSb=\mathgroup5
LaTeX Font Info:    Redeclaring math symbol \hbar on input line 98.
LaTeX Font Info:    Overwriting math alphabet `\mathfrak' in version `bold'
(Font)                  U/euf/m/n --> U/euf/b/n on input line 106.
))
(/usr/share/texlive/texmf-dist/tex/generic/babel/babel.sty
Package: babel 2022/01/26 3.70 The Babel package
\babel@savecnt=\count272
\U@D=\dimen148
\l@unhyphenated=\language12

(/usr/share/texlive/texmf-dist/tex/generic/babel/txtbabel.def)
\bbl@readstream=\read2
\bbl@dirlevel=\count273

(/usr/share/texlive/texmf-dist/tex/generic/babel-russian/russianb.ldf
File: russianb.ldf 2021/01/10 1.3m Russian support for the Babel system
Language: russian 2020/09/09 1.3k Russian support for the Babel system


Package babel Warning: No Cyrillic font encoding has been loaded so far.
(babel)                A font encoding should be declared before babel.
(babel)                Default `T2A' encoding will be loaded  on input line 78.


(/usr/share/texlive/texmf-dist/tex/latex/cyrillic/t2aenc.def
File: t2aenc.def 2005/09/27 v1.0i Cyrillic encoding definition file
Now handling font encoding T2A ...
... processing UTF-8 mapping file for font encoding T2A

(/usr/share/texlive/texmf-dist/tex/latex/base/t2aenc.dfu
File: t2aenc.dfu 2021/06/21 v1.2n UTF-8 support
   defining Unicode char U+00A4 (decimal 164)
   defining Unicode char U+00A7 (decimal 167)
   defining Unicode char U+00AB (decimal 171)
   defining Unicode char U+00BB (decimal 187)
   defining Unicode char U+0131 (decimal 305)
   defining Unicode char U+0237 (decimal 567)
   defining Unicode char U+0400 (decimal 1024)
   defining Unicode char U+0401 (decimal 1025)
   defining Unicode char U+0402 (decimal 1026)
   defining Unicode char U+0403 (decimal 1027)
   defining Unicode char U+0404 (decimal 1028)
   defining Unicode char U+0405 (decimal 1029)
   defining Unicode char U+0406 (decimal 1030)
   defining Unicode char U+0407 (decimal 1031)
   defining Unicode char U+0408 (decimal 1032)
   defining Unicode char U+0409 (decimal 1033)
   defining Unicode char U+040A (decimal 1034)
   defining Unicode char U+040B (decimal 1035)
   defining Unicode char U+040C (decimal 1036)
   defining Unicode char U+040D (decimal 1037)
   defining Unicode char U+040E (decimal 1038)
   defining Unicode char U+040F (decimal 1039)
   defining Unicode char U+0410 (decimal 1040)
   defining Unicode char U+0411 (decimal 1041)
   defining Unicode char U+0412 (decimal 1042)
   defining Unicode char U+0413 (decimal 1043)
   defining Unicode char U+0414 (decimal 1044)
   defining Unicode char U+0415 (decimal 1045)
   defining Unicode char U+0416 (decimal 1046)
   defining Unicode char U+0417 (decimal 1047)
   defining Unicode char U+0418 (decimal 1048)
   defining Unicode char U+0419 (decimal 1049)
   defining Unicode char U+041A (decimal 1050)
   defining Unicode char U+041B (decimal 1051)
   defining Unicode char U+041C (decimal 1052)
   defining Unicode char U+041D (decimal 1053)
   defining Unicode char U+041E (decimal 1054)
   defining Unicode char U+041F (decimal 1055)
   defining Unicode char U+0420 (decimal 1056)
   defining Unicode char U+0421 (decimal 1057)
   defining Unicode char U+0422 (decimal 1058)
   defining Unicode char U+0423 (decimal 1059)
   defining Unicode char U+0424 (decimal 1060)
   defining Unicode char U+0425 (decimal 1061)
   defining Unicode char U+0426 (decimal 1062)
   defining Unicode char U+0427 (decimal 1063)
   defining Unicode char U+0428 (decimal 1064)
   defining Unicode char U+0429 (decimal 1065)
   defining Unicode char U+042A (decimal 1066)
   defining Unicode char U+042B (decimal 1067)
   defining Unicode char U+042C (decimal 1068)
   defining Unicode char U+042D (decimal 1069)
   defining Unicode char U+042E (decimal 1070)
   defining Unicode char U+042F (decimal 1071)
   defining Unicode char U+0430 (decimal 1072)
   defining Unicode char U+0431 (decimal 1073)
   defining Unicode char U+0432 (decimal 1074)
   defining Unicode char U+0433 (decimal 1075)
   defining Unicode char U+0434 (decimal 1076)
   defining Unicode char U+0435 (decimal 1077)
   defining Unicode char U+0436 (decimal 1078)
   defining Unicode char U+0437 (decimal 1079)
   defining Unicode char U+0438 (decimal 1080)
   defining Unicode char U+0439 (decimal 1081)
   defining Unicode char U+043A (decimal 1082)
   defining Unicode char U+043B (decimal 1083)
   defining Unicode char U+043C (decimal 1084)
   defining Unicode char U+043D (decimal 1085)
   defining Unicode char U+043E (decimal 1086)
   defining Unicode char U+043F (decimal 1087)
   defining Unicode char U+0440 (decimal 1088)
   defining Unicode char U+0441 (decimal 1089)
   defining Unicode char U+0442 (decimal 1090)
   defining Unicode char U+0443 (decimal 1091)
   defining Unicode char U+0444 (decimal 1092)
   defining Unicode char U+0445 (decimal 1093)
   defining Unicode char U+0446 (decimal 1094)
   defining Unicode char U+0447 (decimal 1095)
   defining Unicode char U+0448 (decimal 1096)
   defining Unicode char U+0449 (decimal 1097)
   defining Unicode char U+044A (decimal 1098)
   defining Unicode char U+044B (decimal 1099)
   defining Unicode char U+044C (decimal 1100)
   defining Unicode char U+044D (decimal 1101)
   defining Unicode char U+044E (decimal 1102)
   defining Unicode char U+044F (decimal 1103)
   defining Unicode char U+0450 (decimal 1104)
   defining Unicode char U+0451 (decimal 1105)
   defining Unicode char U+0452 (decimal 1106)
   defining Unicode char U+0453 (decimal 1107)
   defining Unicode char U+0454 (decimal 1108)
   defining Unicode char U+0455 (decimal 1109)
   defining Unicode char U+0456 (decimal 1110)
   defining Unicode char U+0457 (decimal 1111)
   defining Unicode char U+0458 (decimal 1112)
   defining Unicode char U+0459 (decimal 1113)
   defining Unicode char U+045A (decimal 1114)
   defining Unicode char U+045B (decimal 1115)
   defining Unicode char U+045C (decimal 1116)
   defining Unicode char U+045D (decimal 1117)
   defining Unicode char U+045E (decimal 1118)
   defining Unicode char U+045F (decimal 1119)
   defining Unicode char U+0490 (decimal 1168)
   defining Unicode char U+0491 (decimal 1169)
   defining Unicode char U+0492 (decimal 1170)
   defining Unicode char U+0493 (decimal 1171)
   defining Unicode char U+0496 (decimal 1174)
   defining Unicode char U+0497 (decimal 1175)
   defining Unicode char U+0498 (decimal 1176)
   defining Unicode char U+0499 (decimal 1177)
   defining Unicode char U+049A (decimal 1178)
   defining Unicode char U+049B (decimal 1179)
   defining Unicode char U+049C (decimal 1180)
   defining Unicode char U+049D (decimal 1181)
   defining Unicode char U+04A0 (decimal 1184)
   defining Unicode char U+04A1 (decimal 1185)
   defining Unicode char U+04A2 (decimal 1186)
   defining Unicode char U+04A3 (decimal 1187)
   defining Unicode char U+04A4 (decimal 1188)
   defining Unicode char U+04A5 (decimal 1189)
   defining Unicode char U+04AA (decimal 1194)
   defining Unicode char U+04AB (decimal 1195)
   defining Unicode char U+04AE (decimal 1198)
   defining Unicode char U+04AF (decimal 1199)
   defining Unicode char U+04B0 (decimal 1200)
   defining Unicode char U+04B1 (decimal 1201)
   defining Unicode char U+04B2 (decimal 1202)
   defining Unicode char U+04B3 (decimal 1203)
   defining Unicode char U+04B6 (decimal 1206)
   defining Unicode char U+04B7 (decimal 1207)
   defining Unicode char U+04B8 (decimal 1208)
   defining Unicode char U+04B9 (decimal 1209)
   defining Unicode char U+04BA (decimal 1210)
   defining Unicode char U+04BB (decimal 1211)
   defining Unicode char U+04C0 (decimal 1216)
   defining Unicode char U+04C1 (decimal 1217)
   defining Unicode char U+04C2 (decimal 1218)
   defining Unicode char U+04D0 (decimal 1232)
   defining Unicode char U+04D1 (decimal 1233)
   defining Unicode char U+04D2 (decimal 1234)
   defining Unicode char U+04D3 (decimal 1235)
   defining Unicode char U+04D4 (decimal 1236)
   defining Unicode char U+04D5 (decimal 1237)
   defining Unicode char U+04D6 (decimal 1238)
   defining Unicode char U+04D7 (decimal 1239)
   defining Unicode char U+04D8 (decimal 1240)
   defining Unicode char U+04D9 (decimal 1241)
   defining Unicode char U+04DA (decimal 1242)
   defining Unicode char U+04DB (decimal 1243)
   defining Unicode char U+04DC (decimal 1244)
   defining Unicode char U+04DD (decimal 1245)
   defining Unicode char U+04DE (decimal 1246)
   defining Unicode char U+04DF (decimal 1247)
   defining Unicode char U+04E2 (decimal 1250)
   defining Unicode char U+04E3 (decimal 1251)
   defining Unicode char U+04E4 (decimal 1252)
   defining Unicode char U+04E5 (decimal 1253)
   defining Unicode char U+04E6 (decimal 1254)
   defining Unicode char U+04E7 (decimal 1255)
   defining Unicode char U+04E8 (decimal 1256)
   defining Unicode char U+04E9 (decimal 1257)
   defining Unicode char U+04EC (decimal 1260)
   defining Unicode char U+04ED (decimal 1261)
   defining Unicode char U+04EE (decimal 1262)
   defining Unicode char U+04EF (decimal 1263)
   defining Unicode char U+04F0 (decimal 1264)
   defining Unicode char U+04F1 (decimal 1265)
   defining Unicode char U+04F2 (decimal 1266)
   defining Unicode char U+04F3 (decimal 1267)
   defining Unicode char U+04F4 (decimal 1268)
   defining Unicode char U+04F5 (decimal 1269)
   defining Unicode char U+04F8 (decimal 1272)
   defining Unicode char U+04F9 (decimal 1273)
   defining Unicode char U+200C (decimal 8204)
   defining Unicode char U+2013 (decimal 8211)
   defining Unicode char U+2014 (decimal 8212)
   defining Unicode char U+2018 (decimal 8216)
   defining Unicode char U+2019 (decimal 8217)
   defining Unicode char U+201C (decimal 8220)
   defining Unicode char U+201D (decimal 8221)
   defining Unicode char U+201E (decimal 8222)
   defining Unicode char U+2030 (decimal 8240)
   defining Unicode char U+2031 (decimal 8241)
   defining Unicode char U+2116 (decimal 8470)
   defining Unicode char U+2329 (decimal 9001)
   defining Unicode char U+232A (decimal 9002)
   defining Unicode char U+2423 (decimal 9251)
   defining Unicode char U+27E8 (decimal 10216)
   defining Unicode char U+27E9 (decimal 10217)
   defining Unicode char U+FB00 (decimal 64256)
   defining Unicode char U+FB01 (decimal 64257)
   defining Unicode char U+FB02 (decimal 64258)
   defining Unicode char U+FB03 (decimal 64259)
   defining Unicode char U+FB04 (decimal 64260)
   defining Unicode char U+FB05 (decimal 64261)
   defining Unicode char U+FB06 (decimal 64262)
))
Package babel Info: Making " an active character on input line 124.
Package babel Info: Default for \cyrdash is provided on input line 163.
))
(/usr/share/texlive/texmf-dist/tex/latex/fncychap/fncychap.sty
Package: fncychap 2007/07/30 v1.34 LaTeX package (Revised chapters)
\RW=\skip52
\mylen=\skip53
\myhi=\skip54
\px=\skip55
\py=\skip56
\pyy=\skip57
\pxx=\skip58
) (./sphinx.sty
Package: sphinx 2023/03/19 v6.2.0 LaTeX package (Sphinx markup)

(/usr/share/texlive/texmf-dist/tex/generic/ltxcmds/ltxcmds.sty
Package: ltxcmds 2020-05-10 v1.25 LaTeX kernel commands for general use (HO)
)
(/usr/share/texlive/texmf-dist/tex/latex/xcolor/xcolor.sty
Package: xcolor 2021/10/31 v2.13 LaTeX color extensions (UK)

(/usr/share/texlive/texmf-dist/tex/latex/graphics-cfg/color.cfg
File: color.cfg 2016/01/02 v1.6 sample color configuration
)
Package xcolor Info: Driver file: pdftex.def on input line 227.

(/usr/share/texlive/texmf-dist/tex/latex/graphics-def/pdftex.def
File: pdftex.def 2020/10/05 v1.2a Graphics/color driver for pdftex
)
Package xcolor Info: Model `cmy' substituted by `cmy0' on input line 1352.
Package xcolor Info: Model `hsb' substituted by `rgb' on input line 1356.
Package xcolor Info: Model `RGB' extended on input line 1368.
Package xcolor Info: Model `HTML' substituted by `rgb' on input line 1370.
Package xcolor Info: Model `Hsb' substituted by `hsb' on input line 1371.
Package xcolor Info: Model `tHsb' substituted by `hsb' on input line 1372.
Package xcolor Info: Model `HSB' substituted by `hsb' on input line 1373.
Package xcolor Info: Model `Gray' substituted by `gray' on input line 1374.
Package xcolor Info: Model `wave' substituted by `hsb' on input line 1375.
)
(/usr/share/texlive/texmf-dist/tex/latex/kvoptions/kvoptions.sty
Package: kvoptions 2020-10-07 v3.14 Key value format for package options (HO)

(/usr/share/texlive/texmf-dist/tex/latex/graphics/keyval.sty
Package: keyval 2014/10/28 v1.15 key=value parser (DPC)
\KV@toks@=\toks23
)
(/usr/share/texlive/texmf-dist/tex/generic/kvsetkeys/kvsetkeys.sty
Package: kvsetkeys 2019/12/15 v1.18 Key value parser (HO)
))
(./sphinxoptionshyperref.sty
File: sphinxoptionshyperref.sty 2021/01/27 hyperref
) (./sphinxoptionsgeometry.sty
File: sphinxoptionsgeometry.sty 2021/01/27 geometry
)
(/usr/share/texlive/texmf-dist/tex/latex/base/textcomp.sty
Package: textcomp 2020/02/02 v2.0n Standard LaTeX package
)
(/usr/share/texlive/texmf-dist/tex/latex/float/float.sty
Package: float 2001/11/08 v1.3d Float enhancements (AL)
\c@float@type=\count274
\float@exts=\toks24
\float@box=\box52
\@float@everytoks=\toks25
\@floatcapt=\box53
)
(/usr/share/texlive/texmf-dist/tex/latex/wrapfig/wrapfig.sty
\wrapoverhang=\dimen149
\WF@size=\dimen150
\c@WF@wrappedlines=\count275
\WF@box=\box54
\WF@everypar=\toks26
Package: wrapfig 2003/01/31  v 3.6
)
(/usr/share/texlive/texmf-dist/tex/latex/capt-of/capt-of.sty
Package: capt-of 2009/12/29 v0.2 standard captions outside of floats
)
(/usr/share/texlive/texmf-dist/tex/latex/tools/multicol.sty
Package: multicol 2021/10/28 v1.9b multicolumn formatting (FMi)
\c@tracingmulticols=\count276
\mult@box=\box55
\multicol@leftmargin=\dimen151
\c@unbalance=\count277
\c@collectmore=\count278
\doublecol@number=\count279
\multicoltolerance=\count280
\multicolpretolerance=\count281
\full@width=\dimen152
\page@free=\dimen153
\premulticols=\dimen154
\postmulticols=\dimen155
\multicolsep=\skip59
\multicolbaselineskip=\skip60
\partial@page=\box56
\last@line=\box57
\maxbalancingoverflow=\dimen156
\mult@rightbox=\box58
\mult@grightbox=\box59
\mult@firstbox=\box60
\mult@gfirstbox=\box61
\@tempa=\box62
\@tempa=\box63
\@tempa=\box64
\@tempa=\box65
\@tempa=\box66
\@tempa=\box67
\@tempa=\box68
\@tempa=\box69
\@tempa=\box70
\@tempa=\box71
\@tempa=\box72
\@tempa=\box73
\@tempa=\box74
\@tempa=\box75
\@tempa=\box76
\@tempa=\box77
\@tempa=\box78
\@tempa=\box79
\@tempa=\box80
\@tempa=\box81
\@tempa=\box82
\@tempa=\box83
\@tempa=\box84
\@tempa=\box85
\@tempa=\box86
\@tempa=\box87
\@tempa=\box88
\@tempa=\box89
\@tempa=\box90
\@tempa=\box91
\@tempa=\box92
\@tempa=\box93
\@tempa=\box94
\@tempa=\box95
\@tempa=\box96
\@tempa=\box97
\c@minrows=\count282
\c@columnbadness=\count283
\c@finalcolumnbadness=\count284
\last@try=\dimen157
\multicolovershoot=\dimen158
\multicolundershoot=\dimen159
\mult@nat@firstbox=\box98
\colbreak@box=\box99
\mc@col@check@num=\count285
)
(/usr/share/texlive/texmf-dist/tex/latex/graphics/graphicx.sty
Package: graphicx 2021/09/16 v1.2d Enhanced LaTeX Graphics (DPC,SPQR)

(/usr/share/texlive/texmf-dist/tex/latex/graphics/graphics.sty
Package: graphics 2021/03/04 v1.4d Standard LaTeX Graphics (DPC,SPQR)

(/usr/share/texlive/texmf-dist/tex/latex/graphics/trig.sty
Package: trig 2021/08/11 v1.11 sin cos tan (DPC)
)
(/usr/share/texlive/texmf-dist/tex/latex/graphics-cfg/graphics.cfg
File: graphics.cfg 2016/06/04 v1.11 sample graphics configuration
)
Package graphics Info: Driver file: pdftex.def on input line 107.
)
\Gin@req@height=\dimen160
\Gin@req@width=\dimen161
)
(./sphinxlatexgraphics.sty
File: sphinxlatexgraphics.sty 2021/01/27 graphics
\spx@image@maxheight=\dimen162
\spx@image@box=\box100
) (./sphinxpackageboxes.sty
Package: sphinxpackageboxes 2023/03/19 v6.2.0 advanced colored boxes

(/usr/share/texlive/texmf-dist/tex/latex/pict2e/pict2e.sty
Package: pict2e 2020/09/30 v0.4b Improved picture commands (HjG,RN,JT)

(/usr/share/texlive/texmf-dist/tex/latex/pict2e/pict2e.cfg
File: pict2e.cfg 2016/02/05 v0.1u pict2e configuration for teTeX/TeXLive
)
Package pict2e Info: Driver file: pdftex.def on input line 112.
Package pict2e Info: Driver file for pict2e: p2e-pdftex.def on input line 114.

(/usr/share/texlive/texmf-dist/tex/latex/pict2e/p2e-pdftex.def
File: p2e-pdftex.def 2016/02/05 v0.1u Driver-dependant file (RN,HjG,JT)
)
\pIIe@GRAPH=\toks27
\@arclen=\dimen163
\@arcrad=\dimen164
\pIIe@tempdima=\dimen165
\pIIe@tempdimb=\dimen166
\pIIe@tempdimc=\dimen167
\pIIe@tempdimd=\dimen168
\pIIe@tempdime=\dimen169
\pIIe@tempdimf=\dimen170
)
(/usr/share/texlive/texmf-dist/tex/latex/ellipse/ellipse.sty
Package: ellipse 2004/11/05 v1.0 .dtx ellipse file
)
\@tempdimd=\dimen171
\spx@tempboxa=\box101
\spx@tempboxb=\box102
\spx@boxes@border=\dimen172
\spx@boxes@border@top=\dimen173
\spx@boxes@border@right=\dimen174
\spx@boxes@border@bottom=\dimen175
\spx@boxes@border@left=\dimen176
\spx@boxes@padding@top=\dimen177
\spx@boxes@padding@right=\dimen178
\spx@boxes@padding@bottom=\dimen179
\spx@boxes@padding@left=\dimen180
\spx@boxes@shadow@xoffset=\dimen181
\spx@boxes@shadow@yoffset=\dimen182
\spx@boxes@radius@topleft@x=\dimen183
\spx@boxes@radius@topright@x=\dimen184
\spx@boxes@radius@bottomright@x=\dimen185
\spx@boxes@radius@bottomleft@x=\dimen186
\spx@boxes@radius@topleft@y=\dimen187
\spx@boxes@radius@topright@y=\dimen188
\spx@boxes@radius@bottomright@y=\dimen189
\spx@boxes@radius@bottomleft@y=\dimen190
)
(./sphinxlatexadmonitions.sty
File: sphinxlatexadmonitions.sty 2023/03/19 admonitions

(/usr/share/texlive/texmf-dist/tex/latex/framed/framed.sty
Package: framed 2011/10/22 v 0.96: framed or shaded text with page breaks
\OuterFrameSep=\skip61
\fb@frw=\dimen191
\fb@frh=\dimen192
\FrameRule=\dimen193
\FrameSep=\dimen194
)
\spx@notice@border=\dimen195
)
(./sphinxlatexliterals.sty
File: sphinxlatexliterals.sty 2023/04/01 code-blocks and parsed literals

(/usr/share/texlive/texmf-dist/tex/latex/fancyvrb/fancyvrb.sty
Package: fancyvrb 2021/12/21 4.1b verbatim text (tvz,hv)
\FV@CodeLineNo=\count286
\FV@InFile=\read3
\FV@TabBox=\box103
\c@FancyVerbLine=\count287
\FV@StepNumber=\count288
\FV@OutFile=\write3
)
(/usr/share/texlive/texmf-dist/tex/latex/base/alltt.sty
Package: alltt 2021/01/29 v2.0g defines alltt environment
)
(/usr/share/texlive/texmf-dist/tex/latex/upquote/upquote.sty
Package: upquote 2012/04/19 v1.3 upright-quote and grave-accent glyphs in verba
tim
)
(/usr/share/texlive/texmf-dist/tex/latex/needspace/needspace.sty
Package: needspace 2010/09/12 v1.3d reserve vertical space
)
\sphinxcontinuationbox=\box104
\sphinxvisiblespacebox=\box105
\sphinxVerbatim@TitleBox=\box106
\sphinxVerbatim@ContentsBox=\box107
)
(./sphinxlatexshadowbox.sty
File: sphinxlatexshadowbox.sty 2023/03/19 sphinxShadowBox
) (./sphinxlatexcontainers.sty
File: sphinxlatexcontainers.sty 2021/05/03 containers
)
(./sphinxhighlight.sty
Package: sphinxhighlight 2022/06/30 stylesheet for highlighting with pygments
) (./sphinxlatextables.sty
File: sphinxlatextables.sty 2022/08/15 tables

(/usr/share/texlive/texmf-dist/tex/latex/tabulary/tabulary.sty
Package: tabulary 2014/06/11 v0.10 tabulary package (DPC)

(/usr/share/texlive/texmf-dist/tex/latex/tools/array.sty
Package: array 2021/10/04 v2.5f Tabular extension package (FMi)
\col@sep=\dimen196
\ar@mcellbox=\box108
\extrarowheight=\dimen197
\NC@list=\toks28
\extratabsurround=\skip62
\backup@length=\skip63
\ar@cellbox=\box109
)
\TY@count=\count289
\TY@linewidth=\dimen198
\tymin=\dimen199
\tymax=\dimen256
\TY@tablewidth=\dimen257
)
(/usr/share/texlive/texmf-dist/tex/latex/tools/longtable.sty
Package: longtable 2021-09-01 v4.17 Multi-page Table package (DPC)
\LTleft=\skip64
\LTright=\skip65
\LTpre=\skip66
\LTpost=\skip67
\LTchunksize=\count290
\LTcapwidth=\dimen258
\LT@head=\box110
\LT@firsthead=\box111
\LT@foot=\box112
\LT@lastfoot=\box113
\LT@gbox=\box114
\LT@cols=\count291
\LT@rows=\count292
\c@LT@tables=\count293
\c@LT@chunks=\count294
\LT@p@ftn=\toks29
)
(/usr/share/texlive/texmf-dist/tex/latex/varwidth/varwidth.sty
Package: varwidth 2009/03/30 ver 0.92;  Variable-width minipages
\@vwid@box=\box115
\sift@deathcycles=\count295
\@vwid@loff=\dimen259
\@vwid@roff=\dimen260
)
\sphinx@TY@tablewidth=\dimen261

(/usr/share/texlive/texmf-dist/tex/latex/colortbl/colortbl.sty
Package: colortbl 2020/01/04 v1.0e Color table columns (DPC)
\everycr=\toks30
\minrowclearance=\skip68
)
\rownum=\count296

(/usr/share/texlive/texmf-dist/tex/latex/booktabs/booktabs.sty
Package: booktabs 2020/01/12 v1.61803398 Publication quality tables
\heavyrulewidth=\dimen262
\lightrulewidth=\dimen263
\cmidrulewidth=\dimen264
\belowrulesep=\dimen265
\belowbottomsep=\dimen266
\aboverulesep=\dimen267
\abovetopsep=\dimen268
\cmidrulesep=\dimen269
\cmidrulekern=\dimen270
\defaultaddspace=\dimen271
\@cmidla=\count297
\@cmidlb=\count298
\@aboverulesep=\dimen272
\@belowrulesep=\dimen273
\@thisruleclass=\count299
\@lastruleclass=\count300
\@thisrulewidth=\dimen274
))
(./sphinxlatexnumfig.sty
File: sphinxlatexnumfig.sty 2021/01/27 numbering
) (./sphinxlatexlists.sty
File: sphinxlatexlists.sty 2021/12/20 lists
\spx@lineitemlabel=\toks31
)
\c@sphinxscope=\count301
 (./sphinxpackagefootnote.sty
Package: sphinxpackagefootnote 2022/08/15 v5.3.0 Sphinx custom footnotehyper pa
ckage (Sphinx team)
\FNH@notes=\box116
\FNH@toks=\toks32
\FNH@width=\dimen275
\c@sphinxfootnotemark=\count302
) (./sphinxlatexindbibtoc.sty
File: sphinxlatexindbibtoc.sty 2021/01/27 index, bib., toc

(/usr/share/texlive/texmf-dist/tex/latex/base/makeidx.sty
Package: makeidx 2021/10/04 v1.0m Standard LaTeX package
))
(./sphinxlatexstylepage.sty
File: sphinxlatexstylepage.sty 2021/01/27 page styling

(/usr/share/texlive/texmf-dist/tex/latex/parskip/parskip.sty
Rollback for package 'parskip' requested -> version 'v1'.
         This corresponds to the release introduced on 2001-04-09.

(/usr/share/texlive/texmf-dist/tex/latex/parskip/parskip-2001-04-09.sty
Package: parskip 2001/04/09 non-zero parskip adjustments
))
(/usr/share/texlive/texmf-dist/tex/latex/fancyhdr/fancyhdr.sty
Package: fancyhdr 2021/01/28 v4.0.1 Extensive control of page headers and foote
rs
\f@nch@headwidth=\skip69
\f@nch@O@elh=\skip70
\f@nch@O@erh=\skip71
\f@nch@O@olh=\skip72
\f@nch@O@orh=\skip73
\f@nch@O@elf=\skip74
\f@nch@O@erf=\skip75
\f@nch@O@olf=\skip76
\f@nch@O@orf=\skip77
))
(./sphinxlatexstyleheadings.sty
File: sphinxlatexstyleheadings.sty 2023/02/11 headings

(/usr/share/texlive/texmf-dist/tex/latex/titlesec/titlesec.sty
Package: titlesec 2021/07/05 v2.14 Sectioning titles
\ttl@box=\box117
\beforetitleunit=\skip78
\aftertitleunit=\skip79
\ttl@plus=\dimen276
\ttl@minus=\dimen277
\ttl@toksa=\toks33
\titlewidth=\dimen278
\titlewidthlast=\dimen279
\titlewidthfirst=\dimen280
))
(./sphinxlatexstyletext.sty
File: sphinxlatexstyletext.sty 2023/07/23 text styling
) (./sphinxlatexobjects.sty
File: sphinxlatexobjects.sty 2023/07/23 documentation environments
\sphinxsignaturesep=\skip80
\sphinxsignaturelistskip=\skip81
\py@argswidth=\skip82
\lineblockindentation=\skip83
\DUlineblockindent=\skip84
))
(/usr/share/texlive/texmf-dist/tex/latex/geometry/geometry.sty
Package: geometry 2020/01/02 v5.9 Page Geometry

(/usr/share/texlive/texmf-dist/tex/generic/iftex/ifvtex.sty
Package: ifvtex 2019/10/25 v1.7 ifvtex legacy package. Use iftex instead.

(/usr/share/texlive/texmf-dist/tex/generic/iftex/iftex.sty
Package: iftex 2020/03/06 v1.0d TeX engine tests
))
\Gm@cnth=\count303
\Gm@cntv=\count304
\c@Gm@tempcnt=\count305
\Gm@bindingoffset=\dimen281
\Gm@wd@mp=\dimen282
\Gm@odd@mp=\dimen283
\Gm@even@mp=\dimen284
\Gm@layoutwidth=\dimen285
\Gm@layoutheight=\dimen286
\Gm@layouthoffset=\dimen287
\Gm@layoutvoffset=\dimen288
\Gm@dimlist=\toks34
)
(/usr/share/texlive/texmf-dist/tex/latex/hyperref/hyperref.sty
Package: hyperref 2021-06-07 v7.00m Hypertext links for LaTeX

(/usr/share/texlive/texmf-dist/tex/generic/pdftexcmds/pdftexcmds.sty
Package: pdftexcmds 2020-06-27 v0.33 Utility functions of pdfTeX for LuaTeX (HO
)

(/usr/share/texlive/texmf-dist/tex/generic/infwarerr/infwarerr.sty
Package: infwarerr 2019/12/03 v1.5 Providing info/warning/error messages (HO)
)
Package pdftexcmds Info: \pdf@primitive is available.
Package pdftexcmds Info: \pdf@ifprimitive is available.
Package pdftexcmds Info: \pdfdraftmode found.
)
(/usr/share/texlive/texmf-dist/tex/generic/kvdefinekeys/kvdefinekeys.sty
Package: kvdefinekeys 2019-12-19 v1.6 Define keys (HO)
)
(/usr/share/texlive/texmf-dist/tex/generic/pdfescape/pdfescape.sty
Package: pdfescape 2019/12/09 v1.15 Implements pdfTeX's escape features (HO)
)
(/usr/share/texlive/texmf-dist/tex/latex/hycolor/hycolor.sty
Package: hycolor 2020-01-27 v1.10 Color options for hyperref/bookmark (HO)
)
(/usr/share/texlive/texmf-dist/tex/latex/letltxmacro/letltxmacro.sty
Package: letltxmacro 2019/12/03 v1.6 Let assignment for LaTeX macros (HO)
)
(/usr/share/texlive/texmf-dist/tex/latex/auxhook/auxhook.sty
Package: auxhook 2019-12-17 v1.6 Hooks for auxiliary files (HO)
)
\@linkdim=\dimen289
\Hy@linkcounter=\count306
\Hy@pagecounter=\count307

(/usr/share/texlive/texmf-dist/tex/latex/hyperref/pd1enc.def
File: pd1enc.def 2021-06-07 v7.00m Hyperref: PDFDocEncoding definition (HO)
Now handling font encoding PD1 ...
... no UTF-8 mapping file for font encoding PD1
)
(/usr/share/texlive/texmf-dist/tex/latex/hyperref/hyperref-langpatches.def
File: hyperref-langpatches.def 2021-06-07 v7.00m Hyperref: patches for babel la
nguages
)
(/usr/share/texlive/texmf-dist/tex/generic/intcalc/intcalc.sty
Package: intcalc 2019/12/15 v1.3 Expandable calculations with integers (HO)
)
(/usr/share/texlive/texmf-dist/tex/generic/etexcmds/etexcmds.sty
Package: etexcmds 2019/12/15 v1.7 Avoid name clashes with e-TeX commands (HO)
)
\Hy@SavedSpaceFactor=\count308

(/usr/share/texlive/texmf-dist/tex/latex/hyperref/puenc.def
File: puenc.def 2021-06-07 v7.00m Hyperref: PDF Unicode definition (HO)
Now handling font encoding PU ...
... no UTF-8 mapping file for font encoding PU
)
Package hyperref Info: Option `unicode' set `true' on input line 4073.
Package hyperref Info: Option `unicode' set `true' on input line 4073.
Package hyperref Info: Option `colorlinks' set `true' on input line 4073.
Package hyperref Info: Option `breaklinks' set `true' on input line 4073.
Package hyperref Info: Hyper figures OFF on input line 4192.
Package hyperref Info: Link nesting OFF on input line 4197.
Package hyperref Info: Hyper index ON on input line 4200.
Package hyperref Info: Plain pages OFF on input line 4207.
Package hyperref Info: Backreferencing OFF on input line 4212.
Package hyperref Info: Implicit mode ON; LaTeX internals redefined.
Package hyperref Info: Bookmarks ON on input line 4445.
\c@Hy@tempcnt=\count309

(/usr/share/texlive/texmf-dist/tex/latex/url/url.sty
\Urlmuskip=\muskip17
Package: url 2013/09/16  ver 3.4  Verb mode for urls, etc.
)
LaTeX Info: Redefining \url on input line 4804.
\XeTeXLinkMargin=\dimen290

(/usr/share/texlive/texmf-dist/tex/generic/bitset/bitset.sty
Package: bitset 2019/12/09 v1.3 Handle bit-vector datatype (HO)

(/usr/share/texlive/texmf-dist/tex/generic/bigintcalc/bigintcalc.sty
Package: bigintcalc 2019/12/15 v1.5 Expandable calculations on big integers (HO
)
))
\Fld@menulength=\count310
\Field@Width=\dimen291
\Fld@charsize=\dimen292
Package hyperref Info: Hyper figures OFF on input line 6076.
Package hyperref Info: Link nesting OFF on input line 6081.
Package hyperref Info: Hyper index ON on input line 6084.
Package hyperref Info: backreferencing OFF on input line 6091.
Package hyperref Info: Link coloring ON on input line 6094.
Package hyperref Info: Link coloring with OCG OFF on input line 6101.
Package hyperref Info: PDF/A mode OFF on input line 6106.
LaTeX Info: Redefining \ref on input line 6146.
LaTeX Info: Redefining \pageref on input line 6150.

(/usr/share/texlive/texmf-dist/tex/latex/base/atbegshi-ltx.sty
Package: atbegshi-ltx 2021/01/10 v1.0c Emulation of the original atbegshi
package with kernel methods
)
\Hy@abspage=\count311
\c@Item=\count312
\c@Hfootnote=\count313
)
Package hyperref Info: Driver (autodetected): hpdftex.

(/usr/share/texlive/texmf-dist/tex/latex/hyperref/hpdftex.def
File: hpdftex.def 2021-06-07 v7.00m Hyperref driver for pdfTeX

(/usr/share/texlive/texmf-dist/tex/latex/base/atveryend-ltx.sty
Package: atveryend-ltx 2020/08/19 v1.0a Emulation of the original atveryend pac
kage
with kernel methods
)
\Fld@listcount=\count314
\c@bookmark@seq@number=\count315

(/usr/share/texlive/texmf-dist/tex/latex/rerunfilecheck/rerunfilecheck.sty
Package: rerunfilecheck 2019/12/05 v1.9 Rerun checks for auxiliary files (HO)

(/usr/share/texlive/texmf-dist/tex/generic/uniquecounter/uniquecounter.sty
Package: uniquecounter 2019/12/15 v1.4 Provide unlimited unique counter (HO)
)
Package uniquecounter Info: New unique counter `rerunfilecheck' on input line 2
86.
)
\Hy@SectionHShift=\skip85
)
(/usr/share/texlive/texmf-dist/tex/latex/oberdiek/hypcap.sty
Package: hypcap 2016/05/16 v1.12 Adjusting the anchors of captions (HO)
)
(./sphinxmessages.sty
Package: sphinxmessages 2019/01/04 v2.0 Localized LaTeX macros (Sphinx team)
)
\@indexfile=\write4
\openout4 = `toolchain.idx'.


Writing index file toolchain.idx
(/usr/share/texlive/texmf-dist/tex/latex/l3backend/l3backend-pdftex.def
File: l3backend-pdftex.def 2022-01-12 L3 backend support: PDF output (pdfTeX)
\l__color_backend_stack_int=\count316
\l__pdf_internal_box=\box118
)
(./toolchain.aux
LaTeX Font Info:    Trying to load font information for T2A+cmr on input line 2
2.
 (/usr/share/texlive/texmf-dist/tex/latex/cyrillic/t2acmr.fd
File: t2acmr.fd 2001/08/11 v1.0a Computer Modern Cyrillic font definitions
)<<t2a.cmap>>)
\openout1 = `toolchain.aux'.

LaTeX Font Info:    Checking defaults for OML/cmm/m/it on input line 71.
LaTeX Font Info:    ... okay on input line 71.
LaTeX Font Info:    Checking defaults for OMS/cmsy/m/n on input line 71.
LaTeX Font Info:    ... okay on input line 71.
LaTeX Font Info:    Checking defaults for OT1/cmr/m/n on input line 71.
LaTeX Font Info:    ... okay on input line 71.
LaTeX Font Info:    Checking defaults for T1/cmr/m/n on input line 71.
LaTeX Font Info:    ... okay on input line 71.
LaTeX Font Info:    Checking defaults for TS1/cmr/m/n on input line 71.
LaTeX Font Info:    ... okay on input line 71.
LaTeX Font Info:    Checking defaults for OMX/cmex/m/n on input line 71.
LaTeX Font Info:    ... okay on input line 71.
LaTeX Font Info:    Checking defaults for U/cmr/m/n on input line 71.
LaTeX Font Info:    ... okay on input line 71.
LaTeX Font Info:    Checking defaults for T2A/cmr/m/n on input line 71.
LaTeX Font Info:    ... okay on input line 71.
LaTeX Font Info:    Checking defaults for PD1/pdf/m/n on input line 71.
LaTeX Font Info:    ... okay on input line 71.
LaTeX Font Info:    Checking defaults for PU/pdf/m/n on input line 71.
LaTeX Font Info:    ... okay on input line 71.
LaTeX Info: Redefining \th on input line 71.
 (/usr/share/texlive/texmf-dist/tex/context/base/mkii/supp-pdf.mkii
[Loading MPS to PDF converter (version 2006.09.02).]
\scratchcounter=\count317
\scratchdimen=\dimen293
\scratchbox=\box119
\nofMPsegments=\count318
\nofMParguments=\count319
\everyMPshowfont=\toks35
\MPscratchCnt=\count320
\MPscratchDim=\dimen294
\MPnumerator=\count321
\makeMPintoPDFobject=\count322
\everyMPtoPDFconversion=\toks36
) (/usr/share/texlive/texmf-dist/tex/latex/epstopdf-pkg/epstopdf-base.sty
Package: epstopdf-base 2020-01-24 v2.11 Base part for package epstopdf
Package epstopdf-base Info: Redefining graphics rule for `.eps' on input line 4
85.

(/usr/share/texlive/texmf-dist/tex/latex/latexconfig/epstopdf-sys.cfg
File: epstopdf-sys.cfg 2010/07/13 v1.3 Configuration of (r)epstopdf for TeX Liv
e
))
\c@literalblock=\count323

*geometry* driver: auto-detecting
*geometry* detected driver: pdftex
*geometry* verbose mode - [ preamble ] result:
* driver: pdftex
* paper: letterpaper
* layout: <same size as paper>
* layoutoffset:(h,v)=(0.0pt,0.0pt)
* modes: twoside 
* h-part:(L,W,R)=(72.26999pt, 469.75502pt, 72.26999pt)
* v-part:(T,H,B)=(72.26999pt, 650.43001pt, 72.26999pt)
* \paperwidth=614.295pt
* \paperheight=794.96999pt
* \textwidth=469.75502pt
* \textheight=650.43001pt
* \oddsidemargin=0.0pt
* \evensidemargin=0.0pt
* \topmargin=-37.0pt
* \headheight=12.0pt
* \headsep=25.0pt
* \topskip=10.0pt
* \footskip=30.0pt
* \marginparwidth=36.135pt
* \marginparsep=11.0pt
* \columnsep=10.0pt
* \skip\footins=9.0pt plus 4.0pt minus 2.0pt
* \hoffset=0.0pt
* \voffset=0.0pt
* \mag=1000
* \@twocolumnfalse
* \@twosidetrue
* \@mparswitchtrue
* \@reversemarginfalse
* (1in=72.27pt=25.4mm, 1cm=28.453pt)

Package hyperref Info: Link coloring ON on input line 71.
(/usr/share/texlive/texmf-dist/tex/latex/hyperref/nameref.sty
Package: nameref 2021-04-02 v2.47 Cross-referencing by name of section

(/usr/share/texlive/texmf-dist/tex/latex/refcount/refcount.sty
Package: refcount 2019/12/15 v3.6 Data extraction from label references (HO)
)
(/usr/share/texlive/texmf-dist/tex/generic/gettitlestring/gettitlestring.sty
Package: gettitlestring 2019/12/15 v1.6 Cleanup title references (HO)
)
\c@section@level=\count324
)
LaTeX Info: Redefining \ref on input line 71.
LaTeX Info: Redefining \pageref on input line 71.
LaTeX Info: Redefining \nameref on input line 71.

(./toolchain.out) (./toolchain.out)
\@outlinefile=\write5
\openout5 = `toolchain.out'.

Package hyperref Info: Option `pageanchor' set `false' on input line 79.
LaTeX Font Info:    Trying to load font information for T2A+cmss on input line 
79.

(/usr/share/texlive/texmf-dist/tex/latex/cyrillic/t2acmss.fd
File: t2acmss.fd 2001/08/11 v1.0a Computer Modern Cyrillic font definitions
)<<ot1.cmap>><<oml.cmap>><<oms.cmap>><<omx.cmap>>
LaTeX Font Info:    Trying to load font information for U+msa on input line 79.


(/usr/share/texlive/texmf-dist/tex/latex/amsfonts/umsa.fd
File: umsa.fd 2013/01/14 v3.01 AMS symbols A
)
LaTeX Font Info:    Trying to load font information for U+msb on input line 79.


(/usr/share/texlive/texmf-dist/tex/latex/amsfonts/umsb.fd
File: umsb.fd 2013/01/14 v3.01 AMS symbols B
) [1

{/var/lib/texmf/fonts/map/pdftex/updmap/pdftex.map}] [2


] (./toolchain.toc [1

] [2] [3] [4]
LaTeX Font Info:    Trying to load font information for T2A+cmtt on input line 
282.

(/usr/share/texlive/texmf-dist/tex/latex/cyrillic/t2acmtt.fd
File: t2acmtt.fd 2001/08/11 v1.0a Computer Modern Cyrillic font definitions
) [5])
\tf@toc=\write6
\openout6 = `toolchain.toc'.

 [6]
{\cyrillictext \CYRG \cyrl \cyra \cyrv \cyra } 1.
LaTeX Font Info:    Font shape `T2A/cmtt/bx/n' in size <10> not available
(Font)              Font shape `T2A/cmtt/m/n' tried instead on input line 104.
[1


]
Underfull \hbox (badness 10000) in paragraph at lines 114--114
|[][]\T2A/cmss/bx/n/14.4 Модуль/Пакет/Библиотека/Фреймворк (ан-гл.
 []

LaTeX Font Info:    Trying to load font information for T1+cmss on input line 1
67.
(/usr/share/texlive/texmf-dist/tex/latex/base/t1cmss.fd
File: t1cmss.fd 2019/12/16 v2.5j Standard LaTeX font definitions
) [2]
<package_structure.png, id=1711, 376.40625pt x 252.44313pt>
File: package_structure.png Graphic file (type png)
<use package_structure.png>
Package pdftex.def Info: package_structure.png  used on input line 169.
(pdftex.def)             Requested size: 376.40532pt x 252.4425pt.
 [3 <./package_structure.png>] [4] [5] [6]
<markdown_source.png, id=1745, 878.28125pt x 142.5325pt>
File: markdown_source.png Graphic file (type png)
<use markdown_source.png>
Package pdftex.def Info: markdown_source.png  used on input line 392.
(pdftex.def)             Requested size: 469.76192pt x 76.23346pt.
 [7 <./markdown_source.png>] [8]
LaTeX Font Info:    Trying to load font information for TS1+cmtt on input line 
474.

(/usr/share/texlive/texmf-dist/tex/latex/base/ts1cmtt.fd
File: ts1cmtt.fd 2019/12/16 v2.5j Standard LaTeX font definitions
) [9] [10]
{\cyrillictext \CYRG \cyrl \cyra \cyrv \cyra } 2.
[11

]
<cd_path.png, id=1773, 712.16063pt x 491.58656pt>
File: cd_path.png Graphic file (type png)
<use cd_path.png>
Package pdftex.def Info: cd_path.png  used on input line 572.
(pdftex.def)             Requested size: 469.7558pt x 324.26811pt.
 [12]
<cd_tab.png, id=1778, 712.16063pt x 491.58656pt>
File: cd_tab.png Graphic file (type png)
<use cd_tab.png>
Package pdftex.def Info: cd_tab.png  used on input line 592.
(pdftex.def)             Requested size: 469.7558pt x 324.26811pt.
 [13 <./cd_path.png>]
<ls.png, id=1784, 712.16063pt x 266.49562pt>
File: ls.png Graphic file (type png)
<use ls.png>
Package pdftex.def Info: ls.png  used on input line 625.
(pdftex.def)             Requested size: 469.7558pt x 175.79005pt.
 [14 <./cd_tab.png>]
<ls_list.png, id=1790, 712.16063pt x 266.49562pt>
File: ls_list.png Graphic file (type png)
<use ls_list.png>
Package pdftex.def Info: ls_list.png  used on input line 631.
(pdftex.def)             Requested size: 469.7558pt x 175.79005pt.
<ls_all.png, id=1791, 712.16063pt x 266.49562pt>
File: ls_all.png Graphic file (type png)
<use ls_all.png>
Package pdftex.def Info: ls_all.png  used on input line 640.
(pdftex.def)             Requested size: 469.7558pt x 175.79005pt.
 [15 <./ls.png> <./ls_list.png>]
<clear_all.png, id=1798, 712.16063pt x 266.49562pt>
File: clear_all.png Graphic file (type png)
<use clear_all.png>
Package pdftex.def Info: clear_all.png  used on input line 665.
(pdftex.def)             Requested size: 469.7558pt x 175.79005pt.
<clear_done.png, id=1799, 712.16063pt x 266.49562pt>
File: clear_done.png Graphic file (type png)
<use clear_done.png>
Package pdftex.def Info: clear_done.png  used on input line 671.
(pdftex.def)             Requested size: 469.7558pt x 175.79005pt.
 [16 <./ls_all.png> <./clear_all.png>]
<mkdir.png, id=1806, 712.16063pt x 266.49562pt>
File: mkdir.png Graphic file (type png)
<use mkdir.png>
Package pdftex.def Info: mkdir.png  used on input line 685.
(pdftex.def)             Requested size: 469.7558pt x 175.79005pt.
<touch_timestamp.png, id=1807, 712.16063pt x 266.49562pt>
File: touch_timestamp.png Graphic file (type png)
<use touch_timestamp.png>
Package pdftex.def Info: touch_timestamp.png  used on input line 694.
(pdftex.def)             Requested size: 469.7558pt x 175.79005pt.
 [17 <./clear_done.png> <./mkdir.png>]
<touch_no_create.png, id=1815, 712.16063pt x 266.49562pt>
File: touch_no_create.png Graphic file (type png)
<use touch_no_create.png>
Package pdftex.def Info: touch_no_create.png  used on input line 700.
(pdftex.def)             Requested size: 469.7558pt x 175.79005pt.
<cat_files.png, id=1816, 712.16063pt x 266.49562pt>
File: cat_files.png Graphic file (type png)
<use cat_files.png>
Package pdftex.def Info: cat_files.png  used on input line 709.
(pdftex.def)             Requested size: 469.7558pt x 175.79005pt.
[18 <./touch_timestamp.png> <./touch_no_create.png> <./cat_files.png>]
<cat_wiring.png, id=1824, 712.16063pt x 266.49562pt>
File: cat_wiring.png Graphic file (type png)
<use cat_wiring.png>
Package pdftex.def Info: cat_wiring.png  used on input line 715.
(pdftex.def)             Requested size: 469.7558pt x 175.79005pt.
<cat_numbering.png, id=1825, 712.16063pt x 266.49562pt>
File: cat_numbering.png Graphic file (type png)
<use cat_numbering.png>
Package pdftex.def Info: cat_numbering.png  used on input line 721.
(pdftex.def)             Requested size: 469.7558pt x 175.79005pt.
<echo.png, id=1826, 712.16063pt x 266.49562pt>
File: echo.png Graphic file (type png)
<use echo.png>
Package pdftex.def Info: echo.png  used on input line 736.
(pdftex.def)             Requested size: 469.7558pt x 175.79005pt.
 [19 <./cat_wiring.png> <./cat_numbering.png>]
<export.png, id=1834, 712.16063pt x 266.49562pt>
File: export.png Graphic file (type png)
<use export.png>
Package pdftex.def Info: export.png  used on input line 745.
(pdftex.def)             Requested size: 469.7558pt x 175.79005pt.
 [20 <./echo.png> <./export.png>]
<variable_value.png, id=1842, 695.59875pt x 266.49562pt>
File: variable_value.png Graphic file (type png)
<use variable_value.png>
Package pdftex.def Info: variable_value.png  used on input line 760.
(pdftex.def)             Requested size: 469.75302pt x 179.97437pt.
<command_output_save.png, id=1843, 695.59875pt x 266.49562pt>
File: command_output_save.png Graphic file (type png)
<use command_output_save.png>
Package pdftex.def Info: command_output_save.png  used on input line 769.
(pdftex.def)             Requested size: 469.75302pt x 179.97437pt.
<math_operations.png, id=1844, 695.59875pt x 266.49562pt>
File: math_operations.png Graphic file (type png)
<use math_operations.png>
Package pdftex.def Info: math_operations.png  used on input line 775.
(pdftex.def)             Requested size: 469.75302pt x 179.97437pt.
 [21 <./variable_value.png> <./command_output_save.png>]
<arguments_numbering.png, id=1851, 695.59875pt x 266.49562pt>
File: arguments_numbering.png Graphic file (type png)
<use arguments_numbering.png>
Package pdftex.def Info: arguments_numbering.png  used on input line 781.
(pdftex.def)             Requested size: 469.75302pt x 179.97437pt.
<parameter_expansion.png, id=1852, 695.59875pt x 266.49562pt>
File: parameter_expansion.png Graphic file (type png)
<use parameter_expansion.png>
Package pdftex.def Info: parameter_expansion.png  used on input line 790.
(pdftex.def)             Requested size: 469.75302pt x 179.97437pt.
 [22 <./math_operations.png> <./arguments_numbering.png>]
<command_output_status.png, id=1859, 695.59875pt x 266.49562pt>
File: command_output_status.png Graphic file (type png)
<use command_output_status.png>
Package pdftex.def Info: command_output_status.png  used on input line 803.
(pdftex.def)             Requested size: 469.75302pt x 179.97437pt.
<rm.png, id=1860, 712.16063pt x 266.49562pt>
File: rm.png Graphic file (type png)
<use rm.png>
Package pdftex.def Info: rm.png  used on input line 815.
(pdftex.def)             Requested size: 469.7558pt x 175.79005pt.
 [23 <./parameter_expansion.png> <./command_output_status.png>]
<rm_dir_content.png, id=1868, 712.16063pt x 266.49562pt>
File: rm_dir_content.png Graphic file (type png)
<use rm_dir_content.png>
Package pdftex.def Info: rm_dir_content.png  used on input line 821.
(pdftex.def)             Requested size: 469.7558pt x 175.79005pt.
<rmdir.png, id=1869, 712.16063pt x 266.49562pt>
File: rmdir.png Graphic file (type png)
<use rmdir.png>
Package pdftex.def Info: rmdir.png  used on input line 830.
(pdftex.def)             Requested size: 469.7558pt x 175.79005pt.
 [24 <./rm.png> <./rm_dir_content.png>]
<rmdir_level.png, id=1876, 712.16063pt x 266.49562pt>
File: rmdir_level.png Graphic file (type png)
<use rmdir_level.png>
Package pdftex.def Info: rmdir_level.png  used on input line 836.
(pdftex.def)             Requested size: 469.7558pt x 175.79005pt.
<cp.png, id=1877, 712.16063pt x 266.49562pt>
File: cp.png Graphic file (type png)
<use cp.png>
Package pdftex.def Info: cp.png  used on input line 845.
(pdftex.def)             Requested size: 469.7558pt x 175.79005pt.
 [25 <./rmdir.png> <./rmdir_level.png>]
<move.png, id=1884, 712.16063pt x 266.49562pt>
File: move.png Graphic file (type png)
<use move.png>
Package pdftex.def Info: move.png  used on input line 854.
(pdftex.def)             Requested size: 469.7558pt x 175.79005pt.
<rename.png, id=1885, 712.16063pt x 266.49562pt>
File: rename.png Graphic file (type png)
<use rename.png>
Package pdftex.def Info: rename.png  used on input line 860.
(pdftex.def)             Requested size: 469.7558pt x 175.79005pt.
 [26 <./cp.png> <./move.png>]
<chmod.png, id=1893, 712.16063pt x 266.49562pt>
File: chmod.png Graphic file (type png)
<use chmod.png>
Package pdftex.def Info: chmod.png  used on input line 869.
(pdftex.def)             Requested size: 469.7558pt x 175.79005pt.
 [27 <./rename.png> <./chmod.png>]
<sudo.png, id=1903, 712.16063pt x 266.49562pt>
File: sudo.png Graphic file (type png)
<use sudo.png>
Package pdftex.def Info: sudo.png  used on input line 930.
(pdftex.def)             Requested size: 469.7558pt x 175.79005pt.
<chown.png, id=1904, 712.16063pt x 266.49562pt>
File: chown.png Graphic file (type png)
<use chown.png>
Package pdftex.def Info: chown.png  used on input line 939.
(pdftex.def)             Requested size: 469.7558pt x 175.79005pt.

[28 <./sudo.png>]
<history.png, id=1910, 712.16063pt x 266.49562pt>
File: history.png Graphic file (type png)
<use history.png>
Package pdftex.def Info: history.png  used on input line 948.
(pdftex.def)             Requested size: 469.7558pt x 175.79005pt.
<grep_history.png, id=1911, 712.16063pt x 266.49562pt>
File: grep_history.png Graphic file (type png)
<use grep_history.png>
Package pdftex.def Info: grep_history.png  used on input line 957.
(pdftex.def)             Requested size: 469.7558pt x 175.79005pt.
 [29 <./chown.png> <./history.png>]
<grep_man.png, id=1919, 712.16063pt x 266.49562pt>
File: grep_man.png Graphic file (type png)
<use grep_man.png>
Package pdftex.def Info: grep_man.png  used on input line 963.
(pdftex.def)             Requested size: 469.7558pt x 175.79005pt.
<grep_file.png, id=1920, 712.16063pt x 266.49562pt>
File: grep_file.png Graphic file (type png)
<use grep_file.png>
Package pdftex.def Info: grep_file.png  used on input line 969.
(pdftex.def)             Requested size: 469.7558pt x 175.79005pt.
 [30 <./grep_history.png> <./grep_man.png> <./grep_file.png>]
<top.png, id=1928, 712.16063pt x 266.49562pt>
File: top.png Graphic file (type png)
<use top.png>
Package pdftex.def Info: top.png  used on input line 981.
(pdftex.def)             Requested size: 469.7558pt x 175.79005pt.
 [31 <./top.png>] [32] [33] [34] [35]
[36] [37] [38

]
{\cyrillictext \CYRG \cyrl \cyra \cyrv \cyra } 3.
<Git-Logo-2Color.png, id=1983, 685.05937pt x 286.06876pt>
File: Git-Logo-2Color.png Graphic file (type png)
<use Git-Logo-2Color.png>
Package pdftex.def Info: Git-Logo-2Color.png  used on input line 1382.
(pdftex.def)             Requested size: 469.76459pt x 196.16107pt.
[39 <./Git-Logo-2Color.png>]
<git_base_git_download.png, id=1989, 778.40813pt x 673.01437pt>
File: git_base_git_download.png Graphic file (type png)
<use git_base_git_download.png>
Package pdftex.def Info: git_base_git_download.png  used on input line 1414.
(pdftex.def)             Requested size: 469.76843pt x 406.15315pt.
 [40]
<git_base_git_download_windows64.png, id=1995, 755.07094pt x 390.70969pt>
File: git_base_git_download_windows64.png Graphic file (type png)
<use git_base_git_download_windows64.png>
Package pdftex.def Info: git_base_git_download_windows64.png  used on input lin
e 1420.
(pdftex.def)             Requested size: 469.75215pt x 243.07214pt.
 [41 <./git_base_git_download.png>]
<git_base_install_git_windows.png, id=2001, 376.40625pt x 295.85532pt>
File: git_base_install_git_windows.png Graphic file (type png)
<use git_base_install_git_windows.png>
Package pdftex.def Info: git_base_install_git_windows.png  used on input line 1
426.
(pdftex.def)             Requested size: 376.40532pt x 295.85458pt.
<git_base_install_progress.png, id=2002, 376.40625pt x 295.85532pt>
File: git_base_install_progress.png Graphic file (type png)
<use git_base_install_progress.png>
Package pdftex.def Info: git_base_install_progress.png  used on input line 1429
.
(pdftex.def)             Requested size: 376.40532pt x 295.85458pt.
 [42 <./git_base_git_download_windows64.png> <./git_base_install_git_windows.pn
g>]
<git_base_finish_install.png, id=2007, 376.40625pt x 295.85532pt>
File: git_base_finish_install.png Graphic file (type png)
<use git_base_finish_install.png>
Package pdftex.def Info: git_base_finish_install.png  used on input line 1435.
(pdftex.def)             Requested size: 376.40532pt x 295.85458pt.

[43 <./git_base_install_progress.png> <./git_base_finish_install.png>]
<git_base_command_git_console.png, id=2012, 934.99312pt x 514.17094pt>
File: git_base_command_git_console.png Graphic file (type png)
<use git_base_command_git_console.png>
Package pdftex.def Info: git_base_command_git_console.png  used on input line 1
441.
(pdftex.def)             Requested size: 469.76384pt x 258.33229pt.

Overfull \vbox (1.19714pt too high) detected at line 1491
 []

[44 <./git_base_command_git_console.png>]
<git_base_start_console_cmd.png, id=2018, 614.295pt x 194.97844pt>
File: git_base_start_console_cmd.png Graphic file (type png)
<use git_base_start_console_cmd.png>
Package pdftex.def Info: git_base_start_console_cmd.png  used on input line 152
0.
(pdftex.def)             Requested size: 469.75604pt x 149.10742pt.
 [45]
<git_base_console_cmd.png, id=2023, 1330.21968pt x 349.305pt>
File: git_base_console_cmd.png Graphic file (type png)
<use git_base_console_cmd.png>
Package pdftex.def Info: git_base_console_cmd.png  used on input line 1529.
(pdftex.def)             Requested size: 469.76515pt x 123.35121pt.
<git_base_global_config_user.png, id=2024, 1279.02844pt x 292.84406pt>
File: git_base_global_config_user.png Graphic file (type png)
<use git_base_global_config_user.png>
Package pdftex.def Info: git_base_global_config_user.png  used on input line 15
85.
(pdftex.def)             Requested size: 469.7592pt x 107.55522pt.
 [46 <./git_base_start_console_cmd.png> <./git_base_console_cmd.png>] [47 <./gi
t_base_global_config_user.png>]
<git_base_git_init.png, id=2035, 1247.41031pt x 313.9228pt>
File: git_base_git_init.png Graphic file (type png)
<use git_base_git_init.png>
Package pdftex.def Info: git_base_git_init.png  used on input line 1687.
(pdftex.def)             Requested size: 469.73822pt x 118.21413pt.
<git_base_show_git_status.png, id=2036, 1372.37718pt x 529.98pt>
File: git_base_show_git_status.png Graphic file (type png)
<use git_base_show_git_status.png>
Package pdftex.def Info: git_base_show_git_status.png  used on input line 1700.

(pdftex.def)             Requested size: 469.76413pt x 181.40382pt.

[48 <./git_base_git_init.png>]
<git_base_execute_git_add.png, id=2045, 1309.14093pt x 366.61969pt>
File: git_base_execute_git_add.png Graphic file (type png)
<use git_base_execute_git_add.png>
Package pdftex.def Info: git_base_execute_git_add.png  used on input line 1766.

(pdftex.def)             Requested size: 469.75224pt x 131.55223pt.
 [49 <./git_base_show_git_status.png>]
<git_base_show_git_status_after_git_add.png, id=2050, 1218.80344pt x 689.57625p
t>
File: git_base_show_git_status_after_git_add.png Graphic file (type png)
<use git_base_show_git_status_after_git_add.png>
Package pdftex.def Info: git_base_show_git_status_after_git_add.png  used on in
put line 1775.
(pdftex.def)             Requested size: 469.75221pt x 265.77702pt.
<git_base_execute_git_commit_fix_change.png, id=2051, 1273.00594pt x 310.15875p
t>
File: git_base_execute_git_commit_fix_change.png Graphic file (type png)
<use git_base_execute_git_commit_fix_change.png>
Package pdftex.def Info: git_base_execute_git_commit_fix_change.png  used on in
put line 1792.
(pdftex.def)             Requested size: 469.74223pt x 114.44931pt.
 [50 <./git_base_execute_git_add.png> <./git_base_show_git_status_after_git_add
.png>]
<git_base_execute_git_show_pretty.png, id=2056, 1098.35344pt x 807.015pt>
File: git_base_execute_git_show_pretty.png Graphic file (type png)
<use git_base_execute_git_show_pretty.png>
Package pdftex.def Info: git_base_execute_git_show_pretty.png  used on input li
ne 1812.
(pdftex.def)             Requested size: 469.75209pt x 345.15027pt.

[51 <./git_base_execute_git_commit_fix_change.png>]
<git_base_view_new_message_commit.png, id=2061, 590.205pt x 258.21469pt>
File: git_base_view_new_message_commit.png Graphic file (type png)
<use git_base_view_new_message_commit.png>
Package pdftex.def Info: git_base_view_new_message_commit.png  used on input li
ne 1822.
(pdftex.def)             Requested size: 469.76009pt x 205.52397pt.
 [52 <./git_base_execute_git_show_pretty.png> <./git_base_view_new_message_comm
it.png>]
<git_base_edite_message_commit.png, id=2066, 1347.53438pt x 310.15875pt>
File: git_base_edite_message_commit.png Graphic file (type png)
<use git_base_edite_message_commit.png>
Package pdftex.def Info: git_base_edite_message_commit.png  used on input line 
1831.
(pdftex.def)             Requested size: 469.75243pt x 108.12178pt.
 [53 <./git_base_edite_message_commit.png>] [54] [55] [56

]
{\cyrillictext \CYRG \cyrl \cyra \cyrv \cyra } 4.
[57] [58

]
{\cyrillictext \CYRG \cyrl \cyra \cyrv \cyra } 5.
[59] [60

]
{\cyrillictext \CYRG \cyrl \cyra \cyrv \cyra } 6.
<ide_select_language.png, id=2119, 504.38437pt x 419.31656pt>
File: ide_select_language.png Graphic file (type png)
<use ide_select_language.png>
Package pdftex.def Info: ide_select_language.png  used on input line 1994.
(pdftex.def)             Requested size: 469.75758pt x 390.5298pt.
[61]
<ide_code_highlight.png, id=2124, 504.38437pt x 419.31656pt>
File: ide_code_highlight.png Graphic file (type png)
<use ide_code_highlight.png>
Package pdftex.def Info: ide_code_highlight.png  used on input line 2003.
(pdftex.def)             Requested size: 469.75758pt x 390.5298pt.
 [62 <./ide_select_language.png>]
<ide_auto_completion.png, id=2130, 504.38437pt x 419.31656pt>
File: ide_auto_completion.png Graphic file (type png)
<use ide_auto_completion.png>
Package pdftex.def Info: ide_auto_completion.png  used on input line 2012.
(pdftex.def)             Requested size: 469.75758pt x 390.5298pt.
 [63 <./ide_code_highlight.png>]
<ide_auto_completion_methods.png, id=2136, 504.38437pt x 419.31656pt>
File: ide_auto_completion_methods.png Graphic file (type png)
<use ide_auto_completion_methods.png>
Package pdftex.def Info: ide_auto_completion_methods.png  used on input line 20
18.
(pdftex.def)             Requested size: 469.75758pt x 390.5298pt.
 [64 <./ide_auto_completion.png>]
<ide_auto_completion_arguments.png, id=2143, 504.38437pt x 419.31656pt>
File: ide_auto_completion_arguments.png Graphic file (type png)
<use ide_auto_completion_arguments.png>
Package pdftex.def Info: ide_auto_completion_arguments.png  used on input line 
2024.
(pdftex.def)             Requested size: 469.75758pt x 390.5298pt.
 [65 <./ide_auto_completion_methods.png>]
<ide_refactoring.png, id=2151, 504.38437pt x 419.31656pt>
File: ide_refactoring.png Graphic file (type png)
<use ide_refactoring.png>
Package pdftex.def Info: ide_refactoring.png  used on input line 2033.
(pdftex.def)             Requested size: 469.75758pt x 390.5298pt.
 [66 <./ide_auto_completion_arguments.png>] [67 <./ide_refactoring.png>] [68]
{\cyrillictext \CYRG \cyrl \cyra \cyrv \cyra } 7.
[69

] [70] [71] [72] [73] [74] [75] [76] [77] [78] [79] [80] [81] [82] [83]
[84

]
{\cyrillictext \CYRG \cyrl \cyra \cyrv \cyra } 8.
<github-logo-vector.png, id=2254, 677.53125pt x 376.40625pt>
File: github-logo-vector.png Graphic file (type png)
<use github-logo-vector.png>
Package pdftex.def Info: github-logo-vector.png  used on input line 2882.
(pdftex.def)             Requested size: 469.77148pt x 260.99564pt.
[85 <./github-logo-vector.png>] [86]
<github_repository_with_bad_project_structure.png, id=2273, 1148.03906pt x 655.
69969pt>
File: github_repository_with_bad_project_structure.png Graphic file (type png)
<use github_repository_with_bad_project_structure.png>
Package pdftex.def Info: github_repository_with_bad_project_structure.png  used
 on input line 2975.
(pdftex.def)             Requested size: 469.75311pt x 268.29832pt.
<github_repository_without_description_and_instructions.png, id=2274, 1145.7806
2pt x 508.90125pt>
File: github_repository_without_description_and_instructions.png Graphic file (
type png)
<use github_repository_without_description_and_instructions.png>
Package pdftex.def Info: github_repository_without_description_and_instructions
.png  used on input line 2981.
(pdftex.def)             Requested size: 469.75562pt x 208.6431pt.
<github_repository_with_good_structure.png, id=2275, 1139.00531pt x 749.80125pt
>
File: github_repository_with_good_structure.png Graphic file (type png)
<use github_repository_with_good_structure.png>
Package pdftex.def Info: github_repository_with_good_structure.png  used on inp
ut line 2985.
(pdftex.def)             Requested size: 469.74121pt x 309.23962pt.
 [87 <./github_repository_with_bad_project_structure.png> <./github_repository_
without_description_and_instructions.png>]
<github_instructions_for_working_with_the_project_code.png, id=2280, 709.14937p
t x 755.07094pt>
File: github_instructions_for_working_with_the_project_code.png Graphic file (t
ype png)
<use github_instructions_for_working_with_the_project_code.png>
Package pdftex.def Info: github_instructions_for_working_with_the_project_code.
png  used on input line 2994.
(pdftex.def)             Requested size: 469.76053pt x 500.16875pt.

[88 <./github_repository_with_good_structure.png>] [89 <./github_instructions_f
or_working_with_the_project_code.png>]
<github_view_file_requirements.png, id=2291, 562.35094pt x 594.72188pt>
File: github_view_file_requirements.png Graphic file (type png)
<use github_view_file_requirements.png>
Package pdftex.def Info: github_view_file_requirements.png  used on input line 
3037.
(pdftex.def)             Requested size: 469.75443pt x 496.79518pt.
 [90 <./github_view_file_requirements.png>]
<github_view_project_files.png, id=2297, 701.62125pt x 518.6878pt>
File: github_view_project_files.png Graphic file (type png)
<use github_view_project_files.png>
Package pdftex.def Info: github_view_project_files.png  used on input line 3046
.
(pdftex.def)             Requested size: 469.76262pt x 347.2895pt.
<github_code_download_tab_from_github.png, id=2298, 979.40906pt x 545.03625pt>
File: github_code_download_tab_from_github.png Graphic file (type png)
<use github_code_download_tab_from_github.png>
Package pdftex.def Info: github_code_download_tab_from_github.png  used on inpu
t line 3071.
(pdftex.def)             Requested size: 469.75233pt x 261.41483pt.
 [91 <./github_view_project_files.png>]
<github_downloa_repository_from_github_in_terminal.png, id=2304, 1366.35469pt x
 542.77782pt>
File: github_downloa_repository_from_github_in_terminal.png Graphic file (type 
png)
<use github_downloa_repository_from_github_in_terminal.png>
Package pdftex.def Info: github_downloa_repository_from_github_in_terminal.png 
 used on input line 3094.
(pdftex.def)             Requested size: 469.74582pt x 186.60426pt.
 [92 <./github_code_download_tab_from_github.png> <./github_downloa_repository_
from_github_in_terminal.png>]
<github_clone_repository_from_github_in_terminal_descriptions.png, id=2311, 888
.31876pt x 149.05687pt>
File: github_clone_repository_from_github_in_terminal_descriptions.png Graphic 
file (type png)
<use github_clone_repository_from_github_in_terminal_descriptions.png>
Package pdftex.def Info: github_clone_repository_from_github_in_terminal_descri
ptions.png  used on input line 3104.
(pdftex.def)             Requested size: 469.74944pt x 78.82236pt.
<github_result_command_git_log.png, id=2312, 586.44093pt x 813.0375pt>
File: github_result_command_git_log.png Graphic file (type png)
<use github_result_command_git_log.png>
Package pdftex.def Info: github_result_command_git_log.png  used on input line 
3132.
(pdftex.def)             Requested size: 469.15337pt x 650.4557pt.
 [93 <./github_clone_repository_from_github_in_terminal_descriptions.png>] [94 
<./github_result_command_git_log.png>]
<github_result_command_git_log_key_p.png, id=2325, 924.45375pt x 813.0375pt>
File: github_result_command_git_log_key_p.png Graphic file (type png)
<use github_result_command_git_log_key_p.png>
Package pdftex.def Info: github_result_command_git_log_key_p.png  used on input
 line 3138.
(pdftex.def)             Requested size: 469.75835pt x 413.13011pt.
 [95 <./github_result_command_git_log_key_p.png>]
<github_login_or_registration_in_github.png, id=2331, 496.10344pt x 662.475pt>
File: github_login_or_registration_in_github.png Graphic file (type png)
<use github_login_or_registration_in_github.png>
Package pdftex.def Info: github_login_or_registration_in_github.png  used on in
put line 3156.
(pdftex.def)             Requested size: 469.7589pt x 627.31587pt.

[96] [97 <./github_login_or_registration_in_github.png>]
<github_form_create_new_repository.png, id=2340, 402.00188pt x 244.66406pt>
File: github_form_create_new_repository.png Graphic file (type png)
<use github_form_create_new_repository.png>
Package pdftex.def Info: github_form_create_new_repository.png  used on input l
ine 3165.
(pdftex.def)             Requested size: 402.00089pt x 244.66345pt.
<github_page_with_parameters_of_the_new_repository.png, id=2341, 636.87938pt x 
725.71124pt>
File: github_page_with_parameters_of_the_new_repository.png Graphic file (type 
png)
<use github_page_with_parameters_of_the_new_repository.png>
Package pdftex.def Info: github_page_with_parameters_of_the_new_repository.png 
 used on input line 3174.
(pdftex.def)             Requested size: 469.74792pt x 535.29045pt.
 [98 <./github_form_create_new_repository.png>] [99 <./github_page_with_paramet
ers_of_the_new_repository.png>]
<github_page_change_settings_repository.png, id=2350, 1161.58969pt x 504.38437p
t>
File: github_page_change_settings_repository.png Graphic file (type png)
<use github_page_change_settings_repository.png>
Package pdftex.def Info: github_page_change_settings_repository.png  used on in
put line 3202.
(pdftex.def)             Requested size: 469.75pt x 203.9744pt.
<github_page_edite_file_readme.png, id=2351, 782.925pt x 298.86656pt>
File: github_page_edite_file_readme.png Graphic file (type png)
<use github_page_edite_file_readme.png>
Package pdftex.def Info: github_page_edite_file_readme.png  used on input line 
3211.
(pdftex.def)             Requested size: 469.75862pt x 179.3213pt.
 [100 <./github_page_change_settings_repository.png> <./github_page_edite_file_
readme.png>]
<github_page_preview_file_readme.png, id=2356, 1189.44376pt x 708.39656pt>
File: github_page_preview_file_readme.png Graphic file (type png)
<use github_page_preview_file_readme.png>
Package pdftex.def Info: github_page_preview_file_readme.png  used on input lin
e 3220.
(pdftex.def)             Requested size: 469.74347pt x 279.77574pt.
<github_page_save_change_to_file_readme.png, id=2357, 998.9822pt x 386.94562pt>

File: github_page_save_change_to_file_readme.png Graphic file (type png)
<use github_page_save_change_to_file_readme.png>
Package pdftex.def Info: github_page_save_change_to_file_readme.png  used on in
put line 3229.
(pdftex.def)             Requested size: 469.75035pt x 181.95302pt.
<github_address_of_the_remote_repository_in_github.png, id=2358, 1119.43219pt x
 632.3625pt>
File: github_address_of_the_remote_repository_in_github.png Graphic file (type 
png)
<use github_address_of_the_remote_repository_in_github.png>
Package pdftex.def Info: github_address_of_the_remote_repository_in_github.png 
 used on input line 3238.
(pdftex.def)             Requested size: 469.74837pt x 265.36852pt.
 [101 <./github_page_preview_file_readme.png> <./github_page_save_change_to_fil
e_readme.png>]
<github_successful_upload_of_local_repository_to_github.png, id=2364, 1369.3659
4pt x 746.79pt>
File: github_successful_upload_of_local_repository_to_github.png Graphic file (
type png)
<use github_successful_upload_of_local_repository_to_github.png>
Package pdftex.def Info: github_successful_upload_of_local_repository_to_github
.png  used on input line 3259.
(pdftex.def)             Requested size: 469.75723pt x 256.18425pt.
 [102 <./github_address_of_the_remote_repository_in_github.png>]
<github_project_files_in_a_remote_github_repository.png, id=2369, 1005.7575pt x
 702.37407pt>
File: github_project_files_in_a_remote_github_repository.png Graphic file (type
 png)
<use github_project_files_in_a_remote_github_repository.png>
Package pdftex.def Info: github_project_files_in_a_remote_github_repository.png
  used on input line 3268.
(pdftex.def)             Requested size: 469.7442pt x 328.05812pt.
 [103 <./github_successful_upload_of_local_repository_to_github.png> <./github_
project_files_in_a_remote_github_repository.png>]
<github_create_fork.png, id=2374, 1352.80406pt x 452.4403pt>
File: github_create_fork.png Graphic file (type png)
<use github_create_fork.png>
Package pdftex.def Info: github_create_fork.png  used on input line 3292.
(pdftex.def)             Requested size: 469.7523pt x 157.10692pt.
<github_finish_create_fork.png, id=2375, 621.82312pt x 408.02437pt>
File: github_finish_create_fork.png Graphic file (type png)
<use github_finish_create_fork.png>
Package pdftex.def Info: github_finish_create_fork.png  used on input line 3298
.
(pdftex.def)             Requested size: 469.7535pt x 308.25264pt.
 [104 <./github_create_fork.png>] [105 <./github_finish_create_fork.png>] [106

]
{\cyrillictext \CYRG \cyrl \cyra \cyrv \cyra } 9.
[107] [108

]
{\cyrillictext \CYRG \cyrl \cyra \cyrv \cyra } 10.
[109] [110] [111] [112] [113] [114] [115] [116] [117] [118]
{\cyrillictext \CYRG \cyrl \cyra \cyrv \cyra } 11.
[119

] [120] [121] [122] [123] [124

]
{\cyrillictext \CYRG \cyrl \cyra \cyrv \cyra } 12.
<uml_uml_logo.png, id=2495, 1790.18813pt x 1022.31938pt>
File: uml_uml_logo.png Graphic file (type png)
<use uml_uml_logo.png>
Package pdftex.def Info: uml_uml_logo.png  used on input line 4071.
(pdftex.def)             Requested size: 469.75388pt x 268.26146pt.
[125 <./uml_uml_logo.png>] [126]
<uml_typical_type_diagrams.png, id=2507, 578.91281pt x 307.90031pt>
File: uml_typical_type_diagrams.png Graphic file (type png)
<use uml_typical_type_diagrams.png>
Package pdftex.def Info: uml_typical_type_diagrams.png  used on input line 4167
.
(pdftex.def)             Requested size: 469.75598pt x 249.8489pt.
 [127]
<uml_sample_class_diagram.png, id=2514, 303.38344pt x 453.94594pt>
File: uml_sample_class_diagram.png Graphic file (type png)
<use uml_sample_class_diagram.png>
Package pdftex.def Info: uml_sample_class_diagram.png  used on input line 4176.

(pdftex.def)             Requested size: 303.38269pt x 453.94482pt.

Underfull \hbox (badness 10000) in paragraph at lines 4174--4177
[]\T2A/cmr/bx/n/10 Диа-грам-ма клас-сов (Class Diagram)\T2A/cmr/m/n/10 : Диа-гр
ам-ма клас-сов мо-де-ли-ру-ет ста-ти-че-
 []


Underfull \hbox (badness 7963) in paragraph at lines 4174--4177
\T2A/cmr/m/n/10 скую струк-ту-ру си-сте-мы, вклю-чая клас-сы, ин-тер-фей-сы, об
ъ-ек-ты и их от-но-ше-ния.
 []

[128 <./uml_typical_type_diagrams.png>]
<uml_sample_object_diagram.png, id=2520, 1129.21875pt x 602.25pt>
File: uml_sample_object_diagram.png Graphic file (type png)
<use uml_sample_object_diagram.png>
Package pdftex.def Info: uml_sample_object_diagram.png  used on input line 4181
.
(pdftex.def)             Requested size: 444.75285pt x 237.2015pt.

Underfull \hbox (badness 10000) in paragraph at lines 4179--4182
[]\T2A/cmr/bx/n/10 Диа-грам-ма объ-ек-тов (Object Diagram). \T2A/cmr/m/n/10 Диа
-грам-ма объ-ек-тов по-хо-жа на диа-
 []


Underfull \hbox (badness 10000) in paragraph at lines 4179--4182
\T2A/cmr/m/n/10 грам-му клас-сов, но она мо-де-ли-ру-ет эк-зем-пля-ры клас-сов,
 а не са-ми клас-сы.
 []

[129 <./uml_sample_class_diagram.png>]
<uml_use_case_diagram.png, id=2527, 2572.3603pt x 2201.97656pt>
File: uml_use_case_diagram.png Graphic file (type png)
<use uml_use_case_diagram.png>
Package pdftex.def Info: uml_use_case_diagram.png  used on input line 4186.
(pdftex.def)             Requested size: 444.75316pt x 380.71495pt.

Underfull \hbox (badness 10000) in paragraph at lines 4184--4187
[]\T2A/cmr/bx/n/10 Диа-грам-ма пре-ци-ден-тов (Use Case Diagram): \T2A/cmr/m/n/
10 Диа-грам-ма ва-ри-ан-тов ис-
 []


Underfull \hbox (badness 10000) in paragraph at lines 4184--4187
\T2A/cmr/m/n/10 поль-зо-ва-ния мо-де-ли-ру-ет вза-и-мо-дей-ствие меж-ду субъ-ек
-та-ми и си-сте-мой, а
 []


Underfull \hbox (badness 10000) in paragraph at lines 4184--4187
\T2A/cmr/m/n/10 так-же по-ток со-бы-тий в кон-крет-ном сце-на-рии или ва-ри-ан-
те ис-поль-зо-ва-ния.
 []

[130 <./uml_sample_object_diagram.png (PNG copy)>]
<uml_sequence_diagram.png, id=2533, 796.47563pt x 450.9347pt>
File: uml_sequence_diagram.png Graphic file (type png)
<use uml_sequence_diagram.png>
Package pdftex.def Info: uml_sequence_diagram.png  used on input line 4191.
(pdftex.def)             Requested size: 444.74722pt x 251.8061pt.
<uml_sequence_diagram_2.png, id=2534, 653.44125pt x 877.02657pt>
File: uml_sequence_diagram_2.png Graphic file (type png)
<use uml_sequence_diagram_2.png>
Package pdftex.def Info: uml_sequence_diagram_2.png  used on input line 4192.
(pdftex.def)             Requested size: 444.75294pt x 596.94562pt.

Underfull \hbox (badness 10000) in paragraph at lines 4189--4193
[]\T2A/cmr/bx/n/10 Диа-грам-ма по-сле-до-ва-тель-но-сти (Sequence Diagram)\T2A/
cmr/m/n/10 : Диа-грам-ма по-
 []


Underfull \hbox (badness 10000) in paragraph at lines 4189--4193
\T2A/cmr/m/n/10 сле-до-ва-тель-но-сти мо-де-ли-ру-ет вза-и-мо-дей-ствия меж-ду 
объ-ек-та-ми или ком-по-
 []


Underfull \hbox (badness 10000) in paragraph at lines 4189--4193
\T2A/cmr/m/n/10 нен-та-ми в си-сте-ме и по-ря-док, в ко-то-ром эти вза-и-мо-дей
-ствия про-ис-хо-дят.
 []

[131 <./uml_use_case_diagram.png (PNG copy)>] [132 <./uml_sequence_diagram.png>
]
<uml_state_machine_diagram.png, id=2546, 1125.45468pt x 814.54312pt>
File: uml_state_machine_diagram.png Graphic file (type png)
<use uml_state_machine_diagram.png>
Package pdftex.def Info: uml_state_machine_diagram.png  used on input line 4197
.
(pdftex.def)             Requested size: 444.74722pt x 321.88393pt.

Underfull \hbox (badness 10000) in paragraph at lines 4195--4198
[]\T2A/cmr/bx/n/10 Диа-грам-ма ко-неч-но-го ав-то-ма-та (State Machine Diagram)
\T2A/cmr/m/n/10 : Диа-грам-ма ко-
 []


Underfull \hbox (badness 10000) in paragraph at lines 4195--4198
\T2A/cmr/m/n/10 неч-но-го ав-то-ма-та мо-де-ли-ру-ет по-ве-де-ние объ-ек-та или
 си-сте-мы, вклю-чая пе-ре-хо-
 []


Underfull \hbox (badness 10000) in paragraph at lines 4195--4198
\T2A/cmr/m/n/10 ды меж-ду со-сто-я-ни-я-ми и дей-ствия, ко-то-рые про-ис-хо-дят
 в каж-дом со-сто-я-нии.
 []

[133 <./uml_sequence_diagram_2.png>]
<uml_activity_diagram.png, id=2553, 489.32813pt x 599.99156pt>
File: uml_activity_diagram.png Graphic file (type png)
<use uml_activity_diagram.png>
Package pdftex.def Info: uml_activity_diagram.png  used on input line 4202.
(pdftex.def)             Requested size: 444.76662pt x 545.37979pt.
 [134 <./uml_state_machine_diagram.png>]
<uml_component_diagram.png, id=2560, 656.4525pt x 802.49812pt>
File: uml_component_diagram.png Graphic file (type png)
<use uml_component_diagram.png>
Package pdftex.def Info: uml_component_diagram.png  used on input line 4207.
(pdftex.def)             Requested size: 444.7591pt x 543.73228pt.

[135 <./uml_activity_diagram.png (PNG copy)>]
<uml_deployment_diagram.png, id=2566, 602.25pt x 385.44pt>
File: uml_deployment_diagram.png Graphic file (type png)
<use uml_deployment_diagram.png>
Package pdftex.def Info: uml_deployment_diagram.png  used on input line 4212.
(pdftex.def)             Requested size: 444.77582pt x 284.63889pt.

Underfull \hbox (badness 10000) in paragraph at lines 4210--4213
[]\T2A/cmr/bx/n/10 Диа-грам-ма раз-вер-ты-ва-ния (Deployment Diagram)\T2A/cmr/m
/n/10 : Диа-грам-ма раз-
 []


Underfull \hbox (badness 10000) in paragraph at lines 4210--4213
\T2A/cmr/m/n/10 вер-ты-ва-ния мо-де-ли-ру-ет фи-зи-че-ское раз-вер-ты-ва-ние ко
м-по-нен-тов в си-сте-ме,
 []


Underfull \hbox (badness 10000) in paragraph at lines 4210--4213
\T2A/cmr/m/n/10 вклю-чая ап-па-рат-ные и про-грамм-ные эле-мен-ты и от-но-ше-ни
я меж-ду ни-ми.
 []

[136 <./uml_component_diagram.png>] [137 <./uml_deployment_diagram.png>]
[138] [139] [140] [141]
<uml_rapid_api_service.png, id=2619, 951.555pt x 968.11688pt>
File: uml_rapid_api_service.png Graphic file (type png)
<use uml_rapid_api_service.png>
Package pdftex.def Info: uml_rapid_api_service.png  used on input line 4581.
(pdftex.def)             Requested size: 469.76524pt x 477.92676pt.

Underfull \hbox (badness 10000) in paragraph at lines 4579--4582
[]\T2A/cmr/m/n/10 В ка-че-стве ис-точ-ни-ка дан-ных мож-но вы-брать бес-плат-ны
й API сер-вис [][]RapidAPI[][].
 []

[142] [143 <./uml_rapid_api_service.png>]
<uml_sample_api_service.png, id=2631, 1583.16469pt x 865.73438pt>
File: uml_sample_api_service.png Graphic file (type png)
<use uml_sample_api_service.png>
Package pdftex.def Info: uml_sample_api_service.png  used on input line 4606.
(pdftex.def)             Requested size: 469.73514pt x 256.88216pt.
<uml_sample_code_api_service.png, id=2632, 1651.67062pt x 755.82375pt>
File: uml_sample_code_api_service.png Graphic file (type png)
<use uml_sample_code_api_service.png>
Package pdftex.def Info: uml_sample_code_api_service.png  used on input line 46
21.
(pdftex.def)             Requested size: 469.74812pt x 214.96222pt.
 [144 <./uml_sample_api_service.png>]
[145 <./uml_sample_code_api_service.png>] [146] [147] [148] [149] [150]
[151] [152] [153] [154]
{\cyrillictext \CYRG \cyrl \cyra \cyrv \cyra } 13.
[155

] [156]
Overfull \vbox (0.56606pt too high) detected at line 5554
 []

[157] [158]
<badge.png, id=2752, 671.50874pt x 107.65219pt>
File: badge.png Graphic file (type png)
<use badge.png>
Package pdftex.def Info: badge.png  used on input line 5621.
(pdftex.def)             Requested size: 469.75577pt x 75.31001pt.
 [159 <./badge.png (PNG copy)>] [160] [161] [162] [163] [164]
Overfull \vbox (1.7257pt too high) detected at line 6108
 []

[165] [166] [167]
Overfull \vbox (3.56607pt too high) detected at line 6257
 []

[168] [169] [170]
{\cyrillictext \CYRG \cyrl \cyra \cyrv \cyra } 14.
[171

] [172] [173] [174

]
{\cyrillictext \CYRG \cyrl \cyra \cyrv \cyra } 15.
[175] [176] [177] [178] [179] [180] [181] [182]
{\cyrillictext \CYRG \cyrl \cyra \cyrv \cyra } 16.
<bfbf2eb24fd001dcda5daf4c32d84ff677aaff9f.png, id=2892, 602.25pt x 180.675pt>
File: bfbf2eb24fd001dcda5daf4c32d84ff677aaff9f.png Graphic file (type png)
<use bfbf2eb24fd001dcda5daf4c32d84ff677aaff9f.png>
Package pdftex.def Info: bfbf2eb24fd001dcda5daf4c32d84ff677aaff9f.png  used on 
input line 6835.
(pdftex.def)             Requested size: 469.77148pt x 140.92592pt.
[183

 <./bfbf2eb24fd001dcda5daf4c32d84ff677aaff9f.png (PNG copy)>] [184]
[185] [186] [187]
Underfull \vbox (badness 10000) detected at line 7145
 []


Overfull \vbox (0.56609pt too high) detected at line 7145
 []

[188] [189] [190] [191] [192]
{\cyrillictext \CYRG \cyrl \cyra \cyrv \cyra } 17.
<path_view_discover_virtual_environments.png, id=2983, 722.7pt x 210.7875pt>
File: path_view_discover_virtual_environments.png Graphic file (type png)
<use path_view_discover_virtual_environments.png>
Package pdftex.def Info: path_view_discover_virtual_environments.png  used on i
nput line 7363.
(pdftex.def)             Requested size: 469.76045pt x 137.01346pt.
[193

 <./path_view_discover_virtual_environments.png (PNG copy)>]
<path_view_result_ping.png, id=2988, 921.4425pt x 441.90094pt>
File: path_view_result_ping.png Graphic file (type png)
<use path_view_result_ping.png>
Package pdftex.def Info: path_view_result_ping.png  used on input line 7374.
(pdftex.def)             Requested size: 469.74669pt x 225.28558pt.
<path_view_result_echo_path.png, id=2989, 913.91437pt x 438.13687pt>
File: path_view_result_echo_path.png Graphic file (type png)
<use path_view_result_echo_path.png>
Package pdftex.def Info: path_view_result_echo_path.png  used on input line 739
9.
(pdftex.def)             Requested size: 469.75774pt x 225.20511pt.
 [194 <./path_view_result_ping.png>]
<path_view_add_path_system_environment.png, id=2995, 778.40813pt x 467.49657pt>

File: path_view_add_path_system_environment.png Graphic file (type png)
<use path_view_add_path_system_environment.png>
Package pdftex.def Info: path_view_add_path_system_environment.png  used on inp
ut line 7405.
(pdftex.def)             Requested size: 469.76843pt x 282.14078pt.
 [195 <./path_view_result_echo_path.png> <./path_view_add_path_system_environme
nt.png>]
Underfull \hbox (badness 10000) in paragraph at lines 7416--7418
[]\T2A/cmtt/m/n/10 Мой компьютер $\OMS/cmsy/m/n/10 !$ \T2A/cmtt/m/n/10 Свойства
 $\OMS/cmsy/m/n/10 !$ \T2A/cmtt/m/n/10 Дополнительные параметры системы $\OMS/c
msy/m/n/10 !$ \T2A/cmtt/m/n/10 Дополнительно $\OMS/cmsy/m/n/10 !$
 []

[196] [197] [198] [199] [200] [201] [202]
Underfull \hbox (badness 10000) in paragraph at lines 8120--8120
[]\T2A/cmr/m/n/10 ^^Udisable-pip-
 []

[203] [204] [205] [206] [207] [208

]
{\cyrillictext \CYRG \cyrl \cyra \cyrv \cyra } 18.
[209]
<titles.png, id=3084, 927.465pt x 317.185pt>
File: titles.png Graphic file (type png)
<use titles.png>
Package pdftex.def Info: titles.png  used on input line 8491.
(pdftex.def)             Requested size: 469.7601pt x 160.65387pt.
<paragraph.png, id=3086, 927.465pt x 236.885pt>
File: paragraph.png Graphic file (type png)
<use paragraph.png>
Package pdftex.def Info: paragraph.png  used on input line 8512.
(pdftex.def)             Requested size: 469.7601pt x 119.9784pt.
<paragraph_good.png, id=3087, 927.465pt x 310.15875pt>
File: paragraph_good.png Graphic file (type png)
<use paragraph_good.png>
Package pdftex.def Info: paragraph_good.png  used on input line 8521.
(pdftex.def)             Requested size: 469.7601pt x 157.09036pt.
 [210 <./titles.png> <./paragraph.png>]
<paragraph_bad.png, id=3094, 927.465pt x 325.215pt>
File: paragraph_bad.png Graphic file (type png)
<use paragraph_bad.png>
Package pdftex.def Info: paragraph_bad.png  used on input line 8527.
(pdftex.def)             Requested size: 469.7601pt x 164.72107pt.
<bold_italic.png, id=3095, 927.465pt x 204.765pt>
File: bold_italic.png Graphic file (type png)
<use bold_italic.png>
Package pdftex.def Info: bold_italic.png  used on input line 8539.
(pdftex.def)             Requested size: 469.7601pt x 103.71326pt.
 [211 <./paragraph_good.png> <./paragraph_bad.png> <./bold_italic.png>]
<numbered_list.png, id=3103, 927.465pt x 388.45125pt>
File: numbered_list.png Graphic file (type png)
<use numbered_list.png>
Package pdftex.def Info: numbered_list.png  used on input line 8554.
(pdftex.def)             Requested size: 469.7601pt x 196.75015pt.
<list_good.png, id=3104, 927.465pt x 331.2375pt>
File: list_good.png Graphic file (type png)
<use list_good.png>
Package pdftex.def Info: list_good.png  used on input line 8560.
(pdftex.def)             Requested size: 469.7601pt x 167.7664pt.
<list_bad.png, id=3105, 926.46124pt x 363.3575pt>
File: list_bad.png Graphic file (type png)
<use list_bad.png>
Package pdftex.def Info: list_bad.png  used on input line 8566.
(pdftex.def)             Requested size: 469.7606pt x 184.23979pt.
 [212 <./numbered_list.png> <./list_good.png>]
<hlink.png, id=3112, 928.46875pt x 225.84375pt>
File: hlink.png Graphic file (type png)
<use hlink.png>
Package pdftex.def Info: hlink.png  used on input line 8575.
(pdftex.def)             Requested size: 469.75847pt x 114.26556pt.
<hlink_via_id.png, id=3113, 927.465pt x 273.02pt>
File: hlink_via_id.png Graphic file (type png)
<use hlink_via_id.png>
Package pdftex.def Info: hlink_via_id.png  used on input line 8581.
(pdftex.def)             Requested size: 469.7601pt x 138.28435pt.
 [213 <./list_bad.png> <./hlink.png> <./hlink_via_id.png>]
<opensource.png, id=3121, 411.136pt x 411.136pt>
File: opensource.png Graphic file (type png)
<use opensource.png>
Package pdftex.def Info: opensource.png  used on input line 8594.
(pdftex.def)             Requested size: 411.135pt x 411.135pt.
 [214 <./opensource.png>]
<code.png, id=3127, 926.46124pt x 373.395pt>
File: code.png Graphic file (type png)
<use code.png>
Package pdftex.def Info: code.png  used on input line 8643.
(pdftex.def)             Requested size: 469.7606pt x 189.32361pt.
 [215 <./code.png>]
<cite.png, id=3134, 927.465pt x 244.915pt>
File: cite.png Graphic file (type png)
<use cite.png>
Package pdftex.def Info: cite.png  used on input line 8652.
(pdftex.def)             Requested size: 469.7601pt x 124.04546pt.
 [216 <./cite.png>] [217]

LaTeX Font Warning: Font shape `TS1/cmtt/bx/n' undefined
(Font)              using `TS1/cmtt/m/n' instead
(Font)              for symbol `textquotesingle' on input line 8796.

[218] [219] [220] [221] [222]
<api_reference_html.png, id=3171, 920.43875pt x 725.71124pt>
File: api_reference_html.png Graphic file (type png)
<use api_reference_html.png>
Package pdftex.def Info: api_reference_html.png  used on input line 9116.
(pdftex.def)             Requested size: 469.76868pt x 370.38467pt.
 [223]
Overfull \vbox (0.54195pt too high) detected at line 9179
 []

[224 <./api_reference_html.png>]
<docs_html.png, id=3181, 943.525pt x 484.81125pt>
File: docs_html.png Graphic file (type png)
<use docs_html.png>
Package pdftex.def Info: docs_html.png  used on input line 9185.
(pdftex.def)             Requested size: 469.76015pt x 241.37675pt.
 [225] [226 <./docs_html.png>] [227]
Underfull \vbox (badness 10000) detected at line 9365
 []


Overfull \vbox (0.56609pt too high) detected at line 9365
 []

[228]
Overfull \vbox (3.56607pt too high) detected at line 9416
 []

[229] [230] [231] [232

]
{\cyrillictext \CYRG \cyrl \cyra \cyrv \cyra } 19.
[233]
<testing_types.png, id=3242, 436.63126pt x 267.24844pt>
File: testing_types.png Graphic file (type png)
<use testing_types.png>
Package pdftex.def Info: testing_types.png  used on input line 9586.
(pdftex.def)             Requested size: 436.63019pt x 267.24779pt.
 [234 <./testing_types.png>]
<no_test_cycle.png, id=3248, 531.9875pt x 503.8825pt>
File: no_test_cycle.png Graphic file (type png)
<use no_test_cycle.png>
Package pdftex.def Info: no_test_cycle.png  used on input line 9621.
(pdftex.def)             Requested size: 469.76582pt x 444.94032pt.
 [235 <./no_test_cycle.png>] [236] [237]
[238] [239] [240] [241] [242] [243]
Overfull \vbox (3.56607pt too high) detected at line 10161
 []

[244]
Underfull \vbox (badness 10000) detected at line 10161
 []


Overfull \vbox (0.56609pt too high) detected at line 10161
 []

[245] [246] [247] [248] [249] [250]
{\cyrillictext \CYRG \cyrl \cyra \cyrv \cyra } 20.
[251

]
<error_report.png, id=3348, 104.7915pt x 34.6896pt>
File: error_report.png Graphic file (type png)
<use error_report.png>
Package pdftex.def Info: error_report.png  used on input line 10480.
(pdftex.def)             Requested size: 104.79124pt x 34.68951pt.
 [252 <./error_report.png>] [253] [254] [255] [256]
<loguru_output.png, id=3375, 712.16063pt x 387.69844pt>
File: loguru_output.png Graphic file (type png)
<use loguru_output.png>
Package pdftex.def Info: loguru_output.png  used on input line 10800.
(pdftex.def)             Requested size: 469.7558pt x 255.73978pt.
 [257 <./loguru_output.png>]
Overfull \vbox (1.07434pt too high) detected at line 10854
 []

[258] [259]
Overfull \vbox (3.56607pt too high) detected at line 10990
 []

[260]
Overfull \vbox (1.32376pt too high) detected at line 11030
 []

[261]
Overfull \vbox (3.56607pt too high) detected at line 11091
 []

[262] [263] [264]
{\cyrillictext \CYRG \cyrl \cyra \cyrv \cyra } 21.
[265

] [266] [267]
LaTeX Font Info:    Font shape `T2A/cmtt/bx/n' in size <12> not available
(Font)              Font shape `T2A/cmtt/m/n' tried instead on input line 11390
.
 [268] [269] [270] [271] [272] [273]
Overfull \vbox (1.32376pt too high) detected at line 11813
 []

[274] [275] [276]
{\cyrillictext \CYRG \cyrl \cyra \cyrv \cyra } 22.
[277

]
<corntab_e.png, id=3520, 695.59875pt x 266.49562pt>
File: corntab_e.png Graphic file (type png)
<use corntab_e.png>
Package pdftex.def Info: corntab_e.png  used on input line 11999.
(pdftex.def)             Requested size: 469.75302pt x 179.97437pt.
 [278]
<crontab_schedule.png, id=3525, 695.59875pt x 266.49562pt>
File: crontab_schedule.png Graphic file (type png)
<use crontab_schedule.png>
Package pdftex.def Info: crontab_schedule.png  used on input line 12005.
(pdftex.def)             Requested size: 469.75302pt x 179.97437pt.
 [279 <./corntab_e.png> <./crontab_schedule.png>]
<crontab_job_installed.png, id=3532, 687.31781pt x 249.18094pt>
File: crontab_job_installed.png Graphic file (type png)
<use crontab_job_installed.png>
Package pdftex.def Info: crontab_job_installed.png  used on input line 12082.
(pdftex.def)             Requested size: 469.75061pt x 170.30768pt.
 [280 <./crontab_job_installed.png>]
<crontab_job_works.png, id=3538, 687.31781pt x 249.18094pt>
File: crontab_job_works.png Graphic file (type png)
<use crontab_job_works.png>
Package pdftex.def Info: crontab_job_works.png  used on input line 12088.
(pdftex.def)             Requested size: 469.75061pt x 170.30768pt.
 [281 <./crontab_job_works.png>] [282]
<service_unit_status.png, id=3549, 687.31781pt x 249.18094pt>
File: service_unit_status.png Graphic file (type png)
<use service_unit_status.png>
Package pdftex.def Info: service_unit_status.png  used on input line 12204.
(pdftex.def)             Requested size: 469.75061pt x 170.30768pt.
<path_unit_status.png, id=3550, 687.31781pt x 249.18094pt>
File: path_unit_status.png Graphic file (type png)
<use path_unit_status.png>
Package pdftex.def Info: path_unit_status.png  used on input line 12205.
(pdftex.def)             Requested size: 469.75061pt x 170.30768pt.
 [283 <./service_unit_status.png>]
<pass_change_log.png, id=3556, 687.31781pt x 249.18094pt>
File: pass_change_log.png Graphic file (type png)
<use pass_change_log.png>
Package pdftex.def Info: pass_change_log.png  used on input line 12211.
(pdftex.def)             Requested size: 469.75061pt x 170.30768pt.
 [284 <./path_unit_status.png> <./pass_change_log.png>]
<journalctl.png, id=3563, 687.31781pt x 249.18094pt>
File: journalctl.png Graphic file (type png)
<use journalctl.png>
Package pdftex.def Info: journalctl.png  used on input line 12253.
(pdftex.def)             Requested size: 469.75061pt x 170.30768pt.
 [285 <./journalctl.png>] [286] [287] [288]
{\cyrillictext \CYRG \cyrl \cyra \cyrv \cyra } 23.
[289

] [290] [291] [292] [293]
Overfull \hbox (22.91806pt too wide) in paragraph at lines 12967--12967
[]\T2A/cmr/bx/n/10 COPY/ADD| 
 []


Overfull \hbox (16.98895pt too wide) in paragraph at lines 12967--12967
[]\T2A/cmr/bx/n/10 WORKDIR| 
 []


Overfull \hbox (4.03378pt too wide) in paragraph at lines 12967--12967
[]\T2A/cmr/bx/n/10 EXPOSE| 
 []


Overfull \hbox (36.10928pt too wide) in paragraph at lines 12967--12967
[]\T2A/cmr/bx/n/10 ENTRYPOINT| 
 []


Overfull \hbox (8.58823pt too wide) in paragraph at lines 12967--12967
[]\T2A/cmr/bx/n/10 VOLUME| 
 []

[294] [295]
Underfull \hbox (badness 10000) in paragraph at lines 13200--13200
[]\T2A/cmtt/m/n/10 docker ps
 []


Underfull \hbox (badness 10000) in paragraph at lines 13200--13200
[]\T2A/cmtt/m/n/10 docker
 []


Underfull \hbox (badness 10000) in paragraph at lines 13200--13200
[]\T2A/cmtt/m/n/10 docker
 []


Underfull \hbox (badness 10000) in paragraph at lines 13200--13200
[]\T2A/cmtt/m/n/10 docker restart
 []


Underfull \hbox (badness 10000) in paragraph at lines 13200--13200
[]\T2A/cmtt/m/n/10 docker
 []


Underfull \hbox (badness 10000) in paragraph at lines 13200--13200
[]\T2A/cmtt/m/n/10 docker
 []


Underfull \hbox (badness 10000) in paragraph at lines 13200--13200
[]\T2A/cmtt/m/n/10 docker unpause
 []


Underfull \hbox (badness 10000) in paragraph at lines 13200--13200
[]\T2A/cmtt/m/n/10 docker exec []it
 []

[296] [297] [298] [299] [300] [301]
Underfull \hbox (badness 10000) in paragraph at lines 13535--13537
[]\T2A/cmr/m/n/10 A Beginner-Friendly Introduction to Containers, VMs and Docke
r
 []


Underfull \hbox (badness 10000) in paragraph at lines 13535--13537
\T2A/cmr/m/n/10 https://www.freecodecamp.org/news/a-beginner-friendly-introduct
ion-to-containers-vms-and-docker-
 []


Overfull \hbox (0.80287pt too wide) in paragraph at lines 13539--13541
[]\T2A/cmr/m/n/10 Кни-га ѕПол-ная вир-ту-а-ли-за-цияї http://onreader.mdl.ru/Vi
rtualizationComplete/content/index.html 
 []

[302] [303] [304

]
{\cyrillictext \CYRG \cyrl \cyra \cyrv \cyra } 24.
[305] [306

]
{\cyrillictext \CYRG \cyrl \cyra \cyrv \cyra } 25.
[307]
<sample_docker_network.png, id=3777, 1056.19594pt x 514.92375pt>
File: sample_docker_network.png Graphic file (type png)
<use sample_docker_network.png>
Package pdftex.def Info: sample_docker_network.png  used on input line 13776.
(pdftex.def)             Requested size: 469.75592pt x 229.0107pt.
 [308 <./sample_docker_network.png>]
<docker_network_command_terminal.png, id=3785, 797.98125pt x 417.81094pt>
File: docker_network_command_terminal.png Graphic file (type png)
<use docker_network_command_terminal.png>
Package pdftex.def Info: docker_network_command_terminal.png  used on input lin
e 13790.
(pdftex.def)             Requested size: 469.7577pt x 245.95804pt.
<docker_network_ls.png, id=3786, 634.62094pt x 197.98969pt>
File: docker_network_ls.png Graphic file (type png)
<use docker_network_ls.png>
Package pdftex.def Info: docker_network_ls.png  used on input line 13799.
(pdftex.def)             Requested size: 469.76707pt x 146.55537pt.
 [309 <./docker_network_command_terminal.png> <./docker_network_ls.png>]
<docker_network_command_list_networks_terminal.png, id=3794, 1254.93843pt x 362
.10281pt>
File: docker_network_command_list_networks_terminal.png Graphic file (type png)

<use docker_network_command_list_networks_terminal.png>
Package pdftex.def Info: docker_network_command_list_networks_terminal.png  use
d on input line 13868.
(pdftex.def)             Requested size: 469.75821pt x 135.5451pt.
 [310 <./docker_network_command_list_networks_terminal.png>]
<docker_network_command_show_ip_address_networks_terminal.png, id=3805, 1260.20
813pt x 371.88937pt>
File: docker_network_command_show_ip_address_networks_terminal.png Graphic file
 (type png)
<use docker_network_command_show_ip_address_networks_terminal.png>
Package pdftex.def Info: docker_network_command_show_ip_address_networks_termin
al.png  used on input line 13874.
(pdftex.def)             Requested size: 469.7502pt x 138.62968pt.
 [311 <./docker_network_command_show_ip_address_networks_terminal.png>] [312]
{\cyrillictext \CYRG \cyrl \cyra \cyrv \cyra } 26.
<dockerhub_logo.png, id=3818, 903.375pt x 383.93437pt>
File: dockerhub_logo.png Graphic file (type png)
<use dockerhub_logo.png>
Package pdftex.def Info: dockerhub_logo.png  used on input line 13949.
(pdftex.def)             Requested size: 469.7577pt x 199.64702pt.
[313

 <./dockerhub_logo.png>]
<docker_flow.png, id=3824, 1274.7625pt x 789.95125pt>
File: docker_flow.png Graphic file (type png)
<use docker_flow.png>
Package pdftex.def Info: docker_flow.png  used on input line 13967.
(pdftex.def)             Requested size: 469.74852pt x 291.09612pt.
 [314 <./docker_flow.png>]
<dockerhub_registry_explorer.png, id=3830, 974.13937pt x 757.32938pt>
File: dockerhub_registry_explorer.png Graphic file (type png)
<use dockerhub_registry_explorer.png>
Package pdftex.def Info: dockerhub_registry_explorer.png  used on input line 13
998.
(pdftex.def)             Requested size: 469.75175pt x 365.20113pt.
<dockerhub_create_repository.png, id=3831, 1371.62437pt x 536.0025pt>
File: dockerhub_create_repository.png Graphic file (type png)
<use dockerhub_create_repository.png>
Package pdftex.def Info: dockerhub_create_repository.png  used on input line 14
010.
(pdftex.def)             Requested size: 469.7576pt x 183.56339pt.
 [315 <./dockerhub_registry_explorer.png>]
<dockerhub_create_repository_stage_2.png, id=3836, 1377.64688pt x 612.78937pt>
File: dockerhub_create_repository_stage_2.png Graphic file (type png)
<use dockerhub_create_repository_stage_2.png>
Package pdftex.def Info: dockerhub_create_repository_stage_2.png  used on input
 line 14024.
(pdftex.def)             Requested size: 469.76012pt x 208.94405pt.
<dockerhub_view_new_repository.png, id=3837, 1207.51125pt x 807.7678pt>
File: dockerhub_view_new_repository.png Graphic file (type png)
<use dockerhub_view_new_repository.png>
Package pdftex.def Info: dockerhub_view_new_repository.png  used on input line 
14034.
(pdftex.def)             Requested size: 469.74829pt x 314.23933pt.
 [316 <./dockerhub_create_repository.png> <./dockerhub_create_repository_stage_
2.png>]
<dokerhub_search_image.PNG, id=3844, 957.5775pt x 703.12688pt>
File: dokerhub_search_image.PNG Graphic file (type png)
<use dokerhub_search_image.PNG>
Package pdftex.def Info: dokerhub_search_image.PNG  used on input line 14059.
(pdftex.def)             Requested size: 469.7577pt x 344.92142pt.
 [317 <./dockerhub_view_new_repository.png>]
<dockerhub_overview_flask_image_description.PNG, id=3851, 979.40906pt x 810.779
07pt>
File: dockerhub_overview_flask_image_description.PNG Graphic file (type png)
<use dockerhub_overview_flask_image_description.PNG>
Package pdftex.def Info: dockerhub_overview_flask_image_description.PNG  used o
n input line 14065.
(pdftex.def)             Requested size: 469.75233pt x 388.885pt.
 [318 <./dokerhub_search_image.PNG>] [319 <./dockerhub_overview_flask_image_des
cription.PNG>]
<docker_search.png, id=3862, 813.0375pt x 279.29344pt>
File: docker_search.png Graphic file (type png)
<use docker_search.png>
Package pdftex.def Info: docker_search.png  used on input line 14149.
(pdftex.def)             Requested size: 469.75082pt x 161.37236pt.
 [320] (./toolchain.ind) [321 <./docker_search.png>] (./toolchain.aux)

LaTeX Font Warning: Some font shapes were not available, defaults substituted.

Package rerunfilecheck Info: File `toolchain.out' has not changed.
(rerunfilecheck)             Checksum: 29B7DD77CB01F0B78E5E13AD29400BBE;89437.
 ) 
Here is how much of TeX's memory you used:
 19648 strings out of 479721
 342777 string characters out of 5887698
 818658 words of memory out of 5000000
 35920 multiletter control sequences out of 15000+600000
 492647 words of font info for 75 fonts, out of 8000000 for 9000
 431 hyphenation exceptions out of 8191
 70i,12n,76p,12182b,642s stack positions out of 5000i,500n,10000p,200000b,80000s
 </home/demid/.texlive2021/texmf-var/fonts/pk/ljfour/lh/lh-t2a/latt1200.600pk
> </home/demid/.texlive2021/texmf-var/fonts/pk/ljfour/lh/lh-t2a/lass1000.600pk>
 </home/demid/.texlive2021/texmf-var/fonts/pk/ljfour/lh/lh-t2a/labi1000.600pk> 
</home/demid/.texlive2021/texmf-var/fonts/pk/ljfour/jknappen/ec/tcit1000.600pk>
 </home/demid/.texlive2021/texmf-var/fonts/pk/ljfour/jknappen/ec/tctt1000.600pk
> </home/demid/.texlive2021/texmf-var/fonts/pk/ljfour/lh/lh-t2a/larm0800.600pk>
 </home/demid/.texlive2021/texmf-var/fonts/pk/ljfour/jknappen/ec/tcrm1000.600pk
> </home/demid/.texlive2021/texmf-var/fonts/pk/ljfour/lh/lh-t2a/lait1000.600pk>
 </home/demid/.texlive2021/texmf-var/fonts/pk/ljfour/lh/lh-t2a/lati1000.600pk> 
</home/demid/.texlive2021/texmf-var/fonts/pk/ljfour/lh/lh-t2a/lasx1440.600pk> <
/home/demid/.texlive2021/texmf-var/fonts/pk/ljfour/lh/lh-t2a/lass2488.600pk> </
home/demid/.texlive2021/texmf-var/fonts/pk/ljfour/lh/lh-t2a/latt1000.600pk> </h
ome/demid/.texlive2021/texmf-var/fonts/pk/ljfour/lh/lh-t2a/lasx1000.600pk> </ho
me/demid/.texlive2021/texmf-var/fonts/pk/ljfour/lh/lh-t2a/larm1000.600pk> </hom
e/demid/.texlive2021/texmf-var/fonts/pk/ljfour/lh/lh-t2a/labx1000.600pk> </home
/demid/.texlive2021/texmf-var/fonts/pk/ljfour/lh/lh-t2a/lass1440.600pk> </home/
demid/.texlive2021/texmf-var/fonts/pk/ljfour/lh/lh-t2a/lasx1200.600pk> </home/d
emid/.texlive2021/texmf-var/fonts/pk/ljfour/lh/lh-t2a/lasx1728.600pk> </home/de
mid/.texlive2021/texmf-var/fonts/pk/ljfour/lh/lh-t2a/laso1728.600pk> </home/dem
id/.texlive2021/texmf-var/fonts/pk/ljfour/lh/lh-t2a/lasx2488.600pk></usr/share/
texlive/texmf-dist/fonts/type1/public/amsfonts/cm/cmmi5.pfb></usr/share/texlive
/texmf-dist/fonts/type1/public/amsfonts/cm/cmsy10.pfb></usr/share/texlive/texmf
-dist/fonts/type1/public/amsfonts/cm/cmsy5.pfb>
Output written on toolchain.pdf (329 pages, 10216648 bytes).
PDF statistics:
 5449 PDF objects out of 6186 (max. 8388607)
 3568 compressed objects within 36 object streams
 1131 named destinations out of 1200 (max. 500000)
 3496 words of extra memory for PDF output out of 10000 (max. 10000000)

